[2015.11.17-23.59.18:914][  0]Log file open, 11/17/15 18:59:18
[2015.11.17-23.59.18:914][  0]LogInit:Display: Running engine for game: Lluvia_2
[2015.11.17-23.59.18:914][  0]LogInit:Display: RandInit(327730888) SRandInit(327730888).
[2015.11.17-23.59.18:914][  0]LogTaskGraph: Started task graph with 4 named threads and 5 total threads.
[2015.11.17-23.59.18:914][  0]LogStats: Stats thread started at 0.073857
[2015.11.17-23.59.18:914][  0]LogInit: Version: 4.9.1-2689999+++depot+UE4-Releases+4.9
[2015.11.17-23.59.18:914][  0]LogInit: API Version: 2672455
[2015.11.17-23.59.18:914][  0]LogInit: Compiled (64-bit): Sep 14 2015 04:12:03
[2015.11.17-23.59.18:914][  0]LogInit: Compiled with Visual C++: 18.00.21005.01
[2015.11.17-23.59.18:914][  0]LogInit: Build Configuration: Development
[2015.11.17-23.59.18:914][  0]LogInit: Branch Name: ++depot+UE4-Releases+4.9
[2015.11.17-23.59.18:914][  0]LogInit: Command line: 
[2015.11.17-23.59.18:914][  0]LogInit: Base directory: C:/Program Files/Epic Games/4.9/Engine/Binaries/Win64/
[2015.11.17-23.59.18:914][  0]LogInit: Rocket: 1
[2015.11.17-23.59.18:926][  0]LogInit: Using libcurl 7.41.0
[2015.11.17-23.59.18:926][  0]LogInit:  - built for x86_64-pc-win32
[2015.11.17-23.59.18:926][  0]LogInit:  - supports SSL with WinSSL
[2015.11.17-23.59.18:926][  0]LogInit:  - other features:
[2015.11.17-23.59.18:926][  0]LogInit:      CURL_VERSION_SSL
[2015.11.17-23.59.18:926][  0]LogInit:      CURL_VERSION_IPV6
[2015.11.17-23.59.18:926][  0]LogInit:      CURL_VERSION_ASYNCHDNS
[2015.11.17-23.59.18:926][  0]LogInit:      CURL_VERSION_LARGEFILE
[2015.11.17-23.59.18:926][  0]LogInit:      CURL_VERSION_IDN
[2015.11.17-23.59.18:926][  0]LogInit:  CurlRequestOptions (configurable via config and command line):
[2015.11.17-23.59.18:926][  0]LogInit:  - bVerifyPeer = true  - Libcurl will verify peer certificate
[2015.11.17-23.59.18:926][  0]LogInit:  - bUseHttpProxy = false  - Libcurl will NOT use HTTP proxy
[2015.11.17-23.59.18:926][  0]LogInit:  - bDontReuseConnections = false  - Libcurl will reuse connections
[2015.11.17-23.59.18:926][  0]LogInit:  - CertBundlePath = nullptr  - Libcurl will use whatever was configured at build time.
[2015.11.17-23.59.18:949][  0]LogInit: Presizing for 0 objects not considered by GC, pre-allocating 0 bytes.
[2015.11.17-23.59.18:958][  0]LogInit: Object subsystem initialized
[2015.11.17-23.59.18:960][  0]LogInit: Selected Device Profile: [Windows]
[2015.11.17-23.59.18:960][  0]LogInit: Applying CVar settings loaded from the selected device profile: [Windows]
[2015.11.17-23.59.18:996][  0]LogInit: Computer: JORGE
[2015.11.17-23.59.18:996][  0]LogInit: User: Jorge
[2015.11.17-23.59.18:996][  0]LogInit: CPU Page size=4096, Cores=2
[2015.11.17-23.59.18:996][  0]LogInit: High frequency timer resolution =2.533202 MHz
[2015.11.17-23.59.18:996][  0]LogMemory: Memory total: Physical=11.9GB (12GB approx)
[2015.11.17-23.59.18:996][  0]LogMemory: Platform Memory Stats for Windows
[2015.11.17-23.59.18:996][  0]LogMemory: Process Physical Memory: 54.10 MB used, 54.10 MB peak
[2015.11.17-23.59.18:996][  0]LogMemory: Process Virtual Memory: 55.21 MB used, 55.21 MB peak
[2015.11.17-23.59.18:996][  0]LogMemory: Physical Memory: 5075.24 MB used, 12208.14 MB total
[2015.11.17-23.59.18:996][  0]LogMemory: Virtual Memory: 363.46 MB used, 134217728.00 MB total
[2015.11.17-23.59.20:744][  0]LogD3D11RHI: Found D3D11 adapter 0: Intel(R) HD Graphics Family (Feature Level 11_0)
[2015.11.17-23.59.20:744][  0]LogD3D11RHI: Adapter has 112MB of dedicated video memory, 0MB of dedicated system memory, and 6104MB of shared system memory, 1 output[s]
[2015.11.17-23.59.21:851][  0]LogD3D11RHI: Found D3D11 adapter 1: AMD Radeon R7 M260 (Feature Level 11_0)
[2015.11.17-23.59.21:851][  0]LogD3D11RHI: Adapter has 2035MB of dedicated video memory, 0MB of dedicated system memory, and 6104MB of shared system memory, 0 output[s]
[2015.11.17-23.59.21:853][  0]LogD3D11RHI: Found D3D11 adapter 2: Microsoft Basic Render Driver (Feature Level 11_0)
[2015.11.17-23.59.21:853][  0]LogD3D11RHI: Adapter has 0MB of dedicated video memory, 0MB of dedicated system memory, and 6104MB of shared system memory, 0 output[s]
[2015.11.17-23.59.21:854][  0]LogD3D11RHI: Chosen D3D11 Adapter Id = 0
[2015.11.17-23.59.21:859][  0]LogD3D11RHI: !Direct3DDevice
[2015.11.17-23.59.21:859][  0]LogRHI: Texture pool is 1361 MB (70% of 1945 MB)
[2015.11.17-23.59.21:865][  0]LogD3D11RHI: Async texture creation enabled
[2015.11.17-23.59.21:869][  0]LogShaderCompilers: Guid format shader working directory is 15 characters bigger than the processId version (../../../../../../Users/Daniel/Documents/Unreal Projects/Lluvia_2/Intermediate/Shaders/WorkingDirectory/5968/).
[2015.11.17-23.59.21:869][  0]LogShaderCompilers: Cleaned the shader compiler working directory '../../../../../../Users/Daniel/Documents/Unreal Projects/Lluvia_2/Intermediate/Shaders/tmp/CB8FEA3E423BFBC50FD7EA9F8B7EDBBB/'.
[2015.11.17-23.59.21:869][  0]LogShaderCompilers:Display: Using Local Shader Compiler.
[2015.11.17-23.59.25:379][  0]LogTemp:Display: Loaded TP AllDesktopTargetPlatform
[2015.11.17-23.59.25:391][  0]LogTemp:Display: Loaded TP WindowsClientTargetPlatform
[2015.11.17-23.59.25:407][  0]LogTemp:Display: Loaded TP WindowsNoEditorTargetPlatform
[2015.11.17-23.59.25:415][  0]LogTemp:Display: Loaded TP WindowsServerTargetPlatform
[2015.11.17-23.59.25:427][  0]LogTemp:Display: Loaded TP WindowsTargetPlatform
[2015.11.17-23.59.25:438][  0]LogTemp:Display: Loaded TP AndroidTargetPlatform
[2015.11.17-23.59.25:444][  0]LogTemp:Display: Loaded TP Android_ASTCTargetPlatform
[2015.11.17-23.59.25:451][  0]LogTemp:Display: Loaded TP Android_ATCTargetPlatform
[2015.11.17-23.59.25:456][  0]LogTemp:Display: Loaded TP Android_DXTTargetPlatform
[2015.11.17-23.59.25:461][  0]LogTemp:Display: Loaded TP Android_ETC1TargetPlatform
[2015.11.17-23.59.25:466][  0]LogTemp:Display: Loaded TP Android_ETC2TargetPlatform
[2015.11.17-23.59.25:472][  0]LogTemp:Display: Loaded TP Android_PVRTCTargetPlatform
[2015.11.17-23.59.25:473][  0]LogTemp:Display: Loaded TP HTML5TargetPlatform
[2015.11.17-23.59.25:494][  0]LogTemp:Display: Loaded TP IOSTargetPlatform
[2015.11.17-23.59.25:499][  0]LogTemp:Display: Loaded TP LinuxNoEditorTargetPlatform
[2015.11.17-23.59.25:504][  0]LogTemp:Display: Loaded TP LinuxServerTargetPlatform
[2015.11.17-23.59.25:512][  0]LogTemp:Display: Loaded TP LinuxTargetPlatform
[2015.11.17-23.59.25:512][  0]LogTargetPlatformManager:Display: Building Assets For Windows
[2015.11.17-23.59.25:690][  0]LogDerivedDataCache:Display: Max Cache Size: 512 MB
[2015.11.17-23.59.25:771][  0]LogDerivedDataCache: Loaded boot cache 0.08s 41MB C:/Users/Daniel/AppData/Local/UnrealEngine/4.9/DerivedDataCache/Boot.ddc.
[2015.11.17-23.59.25:771][  0]LogDerivedDataCache:Display: Loaded Boot cache: C:/Users/Daniel/AppData/Local/UnrealEngine/4.9/DerivedDataCache/Boot.ddc
[2015.11.17-23.59.25:771][  0]LogDerivedDataCache: FDerivedDataBackendGraph:  Pak pak cache file ../../../../../../Users/Daniel/Documents/Unreal Projects/Lluvia_2/DerivedDataCache/DDC.ddp not found, will not use a pak cache.
[2015.11.17-23.59.25:771][  0]LogDerivedDataCache: Unable to find inner node Pak for hierarchical cache Hierarchy.
[2015.11.17-23.59.25:771][  0]LogDerivedDataCache: FDerivedDataBackendGraph:  CompressedPak pak cache file ../../../../../../Users/Daniel/Documents/Unreal Projects/Lluvia_2/DerivedDataCache/Compressed.ddp not found, will not use a pak cache.
[2015.11.17-23.59.25:771][  0]LogDerivedDataCache: Unable to find inner node CompressedPak for hierarchical cache Hierarchy.
[2015.11.17-23.59.25:996][  0]LogDerivedDataCache:Display: Pak cache opened for reading ../../../Engine/DerivedDataCache/Compressed.ddp.
[2015.11.17-23.59.26:008][  0]LogDerivedDataCache: Using Local data cache path C:/Users/Daniel/AppData/Local/UnrealEngine/Common/DerivedDataCache: Writable
[2015.11.17-23.59.33:461][  0]LogInit: Selected Device Profile: [Windows]
[2015.11.17-23.59.33:465][  0]LogContentStreaming: Texture pool size is 0.000000MB
[2015.11.17-23.59.33:640][  0]LogMeshUtilities: No automatic mesh reduction module available
[2015.11.17-23.59.33:640][  0]LogMeshUtilities: No automatic mesh merging module available
[2015.11.17-23.59.34:045][  0]LogInit: WinSock: version 1.1 (2.2), MaxSocks=32767, MaxUdp=65467
[2015.11.18-00.00.13:199][  0]UdpMessaging: Initializing bridge on interface 0.0.0.0:0 to multicast group 230.0.0.1:6666.
[2015.11.18-00.00.14:168][  0]LogAssetRegistry: FAssetRegistry took 0.0107 seconds to start up
[2015.11.18-00.00.14:800][  0]SourceControl: Info Source control is disabled
[2015.11.18-00.00.15:099][  0]SourceControl: Info Source control is disabled
[2015.11.18-00.00.15:114][  0]SourceControl: Info Source control is disabled
[2015.11.18-00.00.15:227][  0]SourceControl: Info Source control is disabled
[2015.11.18-00.00.17:052][  0]LogLinker:Warning: Asset '../../../Engine/Plugins/Runtime/LeapMotionController/Content/LM_PassthroughMaterial.uasset' has been saved with empty engine version. The asset will be loaded but may be incompatible.
[2015.11.18-00.00.17:260][  0]LogObj: 28361 objects as part of root set at end of initial load.
[2015.11.18-00.00.17:260][  0]LogUObjectAllocator: 6038864 out of 0 bytes used by permanent object pool.
[2015.11.18-00.00.17:564][  0]LogEngine: Initializing Engine...
[2015.11.18-00.00.17:570][  0]LogHMD: Can't find Oculus library dev build: is proper Runtime installed? Version: 0.7.0.0
[2015.11.18-00.00.17:580][  0]LogHMD: SteamVR failed to initialize.  Err: 110
[2015.11.18-00.00.17:757][  0]LogAIModule: Creating AISystem for world NewWorld
[2015.11.18-00.00.17:817][  0]LogInit: XAudio2 using 'Speakers (Conexant SmartAudio HD)' : 2 channels at 48 kHz using 32 bits per sample (channel mask 0x3)
[2015.11.18-00.00.18:028][  0]LogInit: FAudioDevice initialized.
[2015.11.18-00.00.18:834][  0]LogDerivedDataCache: Saved boot cache 0.81s 41MB C:/Users/Daniel/AppData/Local/UnrealEngine/4.9/DerivedDataCache/Boot.ddc.
[2015.11.18-00.00.18:839][  0]LogInit: Texture streaming: Enabled
[2015.11.18-00.00.19:129][  0]LogAnalytics: Creating configured Analytics provider AnalyticsET
[2015.11.18-00.00.19:129][  0]LogAnalytics: [UEEditor.Rocket.Release] APIServer = http://et2.epicgames.com/ET2/. AppVersion = 4.9.1-2689999+++depot+UE4-Releases+4.9
[2015.11.18-00.00.19:130][  0]LogAnalytics: [UEEditor.Rocket.Release] SetUserId 02a92638413d6e9abea5c7aca5f6540a|3349b03e2e674c09ae8b169d1df5bddf|a6273b8f-85b9-4f16-b013-14ad0d925f1f
[2015.11.18-00.00.19:130][  0]LogAnalytics: [UEEditor.Rocket.Release] AnalyticsET::StartSession
[2015.11.18-00.00.19:346][  0]LogWindowsTextInputMethodSystem:Display: IME system now deactivated.
[2015.11.18-00.00.19:380][  0]LogInit: Transaction tracking system initialized
[2015.11.18-00.00.21:629][  0]BlueprintLog: New page: Editor Load
[2015.11.18-00.00.22:611][  0]LocalizationService: Info Localization service is disabled
[2015.11.18-00.00.23:553][  0]LogConsoleResponse:Display: 
[2015.11.18-00.00.23:859][  0]LogCook:Display: Done creating registry. It took  0.00s.
[2015.11.18-00.00.24:503][  0]LogFileCache: Scanning file cache for directory 'C:/Users/Daniel/Documents/Unreal Projects/Lluvia_2/Content/' took 0.02s
[2015.11.18-00.00.24:503][  0]SourceControl: Info Source control is disabled
[2015.11.18-00.00.31:491][  0]LogWindowsTextInputMethodSystem:Display: IME system now deactivated.
[2015.11.18-00.00.31:499][  0]LogWindowsTextInputMethodSystem:Display: IME system now deactivated.
[2015.11.18-00.00.33:979][  0]LogWindowsTextInputMethodSystem:Display: IME system now deactivated.
[2015.11.18-00.00.34:075][  0]LogWindowsTextInputMethodSystem:Display: IME system now deactivated.
[2015.11.18-00.00.34:076][  0]Cmd: MAP LOAD FILE="../../../../../../Users/Daniel/Documents/Unreal Projects/Lluvia_2/Content/FirstPersonBP/Maps/FirstPersonExampleMap.umap" TEMPLATE=0 SHOWPROGRESS=1 FEATURELEVEL=3
[2015.11.18-00.00.34:077][  0]LightingResults: New page: Lighting Build
[2015.11.18-00.00.34:085][  0]MapCheck: New page: Map Check
[2015.11.18-00.00.34:085][  0]LightingResults: New page: Lighting Build
[2015.11.18-00.00.34:122][  0]LogParticles: Destroying 0 GPU particle simulations for FXSystem 0x000000BA10252160
[2015.11.18-00.00.34:359][  0]LogLinker:Warning: Asset '../../../../../../Users/Daniel/Documents/Unreal Projects/Lluvia_2/Content/FirstPersonBP/Blueprints/FirstPersonProjectile.uasset' has been saved with empty engine version. The asset will be loaded but may be incompatible.
[2015.11.18-00.00.34:363][  0]LogLinker:Warning: Asset '../../../../../../Users/Daniel/Documents/Unreal Projects/Lluvia_2/Content/FirstPerson/Meshes/FirstPersonProjectileMesh.uasset' has been saved with empty engine version. The asset will be loaded but may be incompatible.
[2015.11.18-00.00.36:046][  0]LogAIModule: Creating AISystem for world FirstPersonExampleMap
[2015.11.18-00.00.36:076][  0]LogEditorServer: Finished looking for orphan Actors (0.000 secs)
[2015.11.18-00.00.36:077][  0]Cmd: MAP CHECKDEP NOCLEARLOG
[2015.11.18-00.00.36:278][  0]MapCheck: Info Map check complete: 0 Error(s), 0 Warning(s), took 200.672ms to complete.
[2015.11.18-00.00.36:278][  0]LogFileHelpers: Loading map 'FirstPersonExampleMap' took 2.202
[2015.11.18-00.00.36:468][  0]LogCollectionManager: Loaded 0 collections in 0.003468 seconds
[2015.11.18-00.00.36:512][  0]LogFileCache: Scanning file cache for directory 'C:/Users/Daniel/Documents/Unreal Projects/Lluvia_2/Saved/Collections/' took 0.01s
[2015.11.18-00.00.36:512][  0]LogFileCache: Scanning file cache for directory 'C:/Users/Daniel/Documents/Unreal Projects/Lluvia_2/Content/Developers/Jorge/Collections/' took 0.01s
[2015.11.18-00.00.36:512][  0]LogFileCache: Scanning file cache for directory 'C:/Users/Daniel/Documents/Unreal Projects/Lluvia_2/Content/Collections/' took 0.01s
[2015.11.18-00.00.36:512][  0]LogContentBrowser: Native class hierarchy populated in 0.0087 seconds. Added 1867 classes and 333 folders.
[2015.11.18-00.00.36:519][  0]LogCollectionManager: Rebuilt the GUID cache for 0 collections in 0.000003 seconds
[2015.11.18-00.00.36:527][  0]LogContentBrowser: Native class hierarchy updated for 'WidgetCarousel' in 0.0004 seconds. Added 0 classes and 0 folders.
[2015.11.18-00.00.39:323][  0]LogContentBrowser: Native class hierarchy updated for 'AddContentDialog' in 0.0004 seconds. Added 0 classes and 0 folders.
[2015.11.18-00.00.39:331][  0]LogContentBrowser: Native class hierarchy updated for 'SceneOutliner' in 0.0006 seconds. Added 1 classes and 2 folders.
[2015.11.18-00.00.39:383][  0]LogCrashTracker: Crashtracker disabled due to settings.
[2015.11.18-00.00.39:388][  0]LogUObjectGlobals:Warning: Failed to find object 'Class None.'
[2015.11.18-00.00.39:415][  0]LogStats:Warning: MetaData mismatch. Did you assign a stat to two groups? New //STATGROUP_Threads//SplashScreenThread///Thread_1234_0///####STATCAT_Advanced#### old //STATGROUP_Threads//SplashScreenThread///Thread_24c0_0///####STATCAT_Advanced####
[2015.11.18-00.00.39:415][  0]LogLoad: Full Startup: 82.38 seconds (BP compile: 0.27 seconds)
[2015.11.18-00.00.39:824][  0]LogContentStreaming: Texture pool size now 200 MB
[2015.11.18-00.00.40:013][  0]LogRenderer: Reallocating scene render targets to support 724x348 (Frame:2).
[2015.11.18-00.00.41:565][  7]LogAssetRegistry: Asset discovery search completed in 27.4080 seconds
[2015.11.18-00.00.41:565][  7]LogCollectionManager: Rebuilt the object cache for 0 collections in 0.000001 seconds (found 0 objects)
[2015.11.18-00.00.41:565][  7]LogCollectionManager: Fixed up redirectors for 0 collections in 0.000032 seconds (updated 0 objects)
[2015.11.18-00.00.43:158][ 69]LogEditorViewport: Clicking on Actor (LMB): StaticMeshActor (Floor)
[2015.11.18-00.00.44:384][105]LogContentBrowser: Native class hierarchy updated for 'Cascade' in 0.0010 seconds. Added 2 classes and 2 folders.
[2015.11.18-00.00.44:554][105]LogMaterial: Missing cached shader map for material Mat_Lluvia, compiling. 
[2015.11.18-00.00.44:704][105]LogMaterial: Missing cached shader map for material Mat_Lluvia, compiling. 
[2015.11.18-00.00.44:711][105]LogMaterial: 0.000030 seconds spent updating 1 materials, 1 interfaces, 0 instances, 0 with static permutations.
[2015.11.18-00.00.44:739][105]LogMaterial: Missing cached shader map for material FMatExpressionPreview MaterialExpressionTextureSample_0, compiling. 
[2015.11.18-00.00.44:770][105]LogMaterial: Missing cached shader map for material FMatExpressionPreview MaterialExpressionTextureSample_1, compiling. 
[2015.11.18-00.00.44:866][105]LogLinker:Warning: Asset '../../../Engine/Content/ArtTools/RenderToTexture/Macros/RenderToTextureMacros.uasset' has been saved with empty engine version. The asset will be loaded but may be incompatible.
[2015.11.18-00.00.45:941][105]LogContentBrowser: Native class hierarchy updated for 'BlueprintGraph' in 0.0019 seconds. Added 107 classes and 0 folders.
[2015.11.18-00.00.53:154][440]LogRenderer: Reallocating scene render targets to support 724x440 (Frame:234).
[2015.11.18-00.02.21:342][938]LogParticles:Warning: MaxCount = 4064 for Emitter ParticleSpriteEmitter_0 (/Game/Part_lluvia.Part_lluvia)
[2015.11.18-00.02.21:342][938]LogParticles:Warning: MaxCount = 10160 for Emitter ParticleSpriteEmitter_1 (/Game/Part_lluvia.Part_lluvia)
[2015.11.18-00.02.21:342][938]LogParticles:Warning: MaxCount = 10160 for Emitter ParticleSpriteEmitter_2 (/Game/Part_lluvia.Part_lluvia)
[2015.11.18-00.02.21:343][938]LogParticles:Warning: MaxCount = 5080 for Emitter ParticleSpriteEmitter_3 (/Game/Part_lluvia.Part_lluvia)
[2015.11.18-00.02.29:444][481]LogParticles:Warning: MaxCount = 4064 for Emitter ParticleSpriteEmitter_0 (/Game/Part_lluvia.Part_lluvia)
[2015.11.18-00.02.29:444][481]LogParticles:Warning: MaxCount = 4064 for Emitter ParticleSpriteEmitter_1 (/Game/Part_lluvia.Part_lluvia)
[2015.11.18-00.02.29:444][481]LogParticles:Warning: MaxCount = 10160 for Emitter ParticleSpriteEmitter_2 (/Game/Part_lluvia.Part_lluvia)
[2015.11.18-00.02.29:444][481]LogParticles:Warning: MaxCount = 5080 for Emitter ParticleSpriteEmitter_3 (/Game/Part_lluvia.Part_lluvia)
[2015.11.18-00.02.36:826][ 11]LogParticles:Warning: MaxCount = 4064 for Emitter ParticleSpriteEmitter_0 (/Game/Part_lluvia.Part_lluvia)
[2015.11.18-00.02.36:826][ 11]LogParticles:Warning: MaxCount = 4064 for Emitter ParticleSpriteEmitter_1 (/Game/Part_lluvia.Part_lluvia)
[2015.11.18-00.02.36:826][ 11]LogParticles:Warning: MaxCount = 4064 for Emitter ParticleSpriteEmitter_2 (/Game/Part_lluvia.Part_lluvia)
[2015.11.18-00.02.36:826][ 11]LogParticles:Warning: MaxCount = 5080 for Emitter ParticleSpriteEmitter_3 (/Game/Part_lluvia.Part_lluvia)
[2015.11.18-00.02.43:540][486]LogParticles:Warning: MaxCount = 4064 for Emitter ParticleSpriteEmitter_0 (/Game/Part_lluvia.Part_lluvia)
[2015.11.18-00.02.43:541][486]LogParticles:Warning: MaxCount = 4064 for Emitter ParticleSpriteEmitter_1 (/Game/Part_lluvia.Part_lluvia)
[2015.11.18-00.02.43:541][486]LogParticles:Warning: MaxCount = 4064 for Emitter ParticleSpriteEmitter_2 (/Game/Part_lluvia.Part_lluvia)
[2015.11.18-00.02.43:541][486]LogParticles:Warning: MaxCount = 4064 for Emitter ParticleSpriteEmitter_3 (/Game/Part_lluvia.Part_lluvia)
[2015.11.18-00.02.50:901][ 10]Cmd: OBJ SAVEPACKAGE PACKAGE="/Game/Part_lluvia" FILE="../../../../../../Users/Daniel/Documents/Unreal Projects/Lluvia_2/Content/Part_lluvia.uasset" SILENT=true
[2015.11.18-00.02.50:957][ 10]LogSavePackage: Save=36.163322ms
[2015.11.18-00.02.50:957][ 10]LogSavePackage: Moving '../../../../../../Users/Daniel/Documents/Unreal Projects/Lluvia_2/Saved/Part_lluviaC7B9B05449B6656332AA528965A3F695.tmp' to '../../../../../../Users/Daniel/Documents/Unreal Projects/Lluvia_2/Content/Part_lluvia.uasset'
[2015.11.18-00.02.50:963][ 10]LogSavePackage: Total save time: 57.462849ms
[2015.11.18-00.02.50:963][ 10]LogSavePackage:Warning: Finished SavePackage ../../../../../../Users/Daniel/Documents/Unreal Projects/Lluvia_2/Content/Part_lluvia.uasset
[2015.11.18-00.02.52:969][ 99]LogBlueprintUserMessages: Early PlayInEditor Detection: Level '/Game/FirstPersonBP/Maps/FirstPersonExampleMap.FirstPersonExampleMap:PersistentLevel' has LevelScriptBlueprint '/Game/FirstPersonBP/Maps/FirstPersonExampleMap.FirstPersonExampleMap:PersistentLevel.FirstPersonExampleMap' with GeneratedClass '/Game/FirstPersonBP/Maps/FirstPersonExampleMap.FirstPersonExampleMap_C' with ClassGeneratedBy '/Game/FirstPersonBP/Maps/FirstPersonExampleMap.FirstPersonExampleMap:PersistentLevel.FirstPersonExampleMap'
[2015.11.18-00.02.52:969][ 99]LogPlayLevel: PlayLevel: No blueprints needed recompiling
[2015.11.18-00.02.52:970][ 99]PIE: New page: PIE session: FirstPersonExampleMap (Nov 17, 2015, 2:02:52 PM)
[2015.11.18-00.02.52:970][ 99]LogPlayLevel: Creating play world package: /Game/FirstPersonBP/Maps/UEDPIE_0_FirstPersonExampleMap
[2015.11.18-00.02.53:033][ 99]LogPlayLevel: PIE: StaticDuplicateObject took: (0.063045s)
[2015.11.18-00.02.53:034][ 99]LogAIModule: Creating AISystem for world FirstPersonExampleMap
[2015.11.18-00.02.53:035][ 99]LogPlayLevel: PIE: World Init took: (0.001420s)
[2015.11.18-00.02.53:035][ 99]LogPlayLevel: PIE: Created PIE world by copying editor world from /Game/FirstPersonBP/Maps/FirstPersonExampleMap.FirstPersonExampleMap to /Game/FirstPersonBP/Maps/UEDPIE_0_FirstPersonExampleMap.FirstPersonExampleMap (0.064907s)
[2015.11.18-00.02.53:265][ 99]LogInit: XAudio2 using 'Speakers (Conexant SmartAudio HD)' : 2 channels at 48 kHz using 32 bits per sample (channel mask 0x3)
[2015.11.18-00.02.53:382][ 99]LogInit: FAudioDevice initialized.
[2015.11.18-00.02.53:441][ 99]LogLinker:Warning: Asset '../../../../../../Users/Daniel/Documents/Unreal Projects/Lluvia_2/Content/FirstPersonBP/Blueprints/FirstPersonHUD.uasset' has been saved with empty engine version. The asset will be loaded but may be incompatible.
[2015.11.18-00.02.53:516][ 99]LogWorld: Game class is 'FirstPersonGameMode_C'
[2015.11.18-00.02.53:538][ 99]LogWorld: Bringing World /Game/FirstPersonBP/Maps/UEDPIE_0_FirstPersonExampleMap.FirstPersonExampleMap up for play (max tick rate 0) at 2015.11.17-19.02.53
[2015.11.18-00.02.53:538][ 99]LogActor:Warning: GameSession /Game/FirstPersonBP/Maps/UEDPIE_0_FirstPersonExampleMap.FirstPersonExampleMap:PersistentLevel.GameSession_0 has natively added scene component(s), but none of them were set as the actor's RootComponent - picking one arbitrarily
[2015.11.18-00.02.53:539][ 99]LogActor:Warning: GameNetworkManager /Game/FirstPersonBP/Maps/UEDPIE_0_FirstPersonExampleMap.FirstPersonExampleMap:PersistentLevel.GameNetworkManager_0 has natively added scene component(s), but none of them were set as the actor's RootComponent - picking one arbitrarily
[2015.11.18-00.02.53:540][ 99]LogWorld: Bringing up level for play took: 0.020339
[2015.11.18-00.02.53:599][ 99]PIE: Info Play in editor start time for /Game/FirstPersonBP/Maps/UEDPIE_0_FirstPersonExampleMap 1.151
[2015.11.18-00.02.53:599][ 99]LogBlueprintUserMessages: Late PlayInEditor Detection: Level '/Game/FirstPersonBP/Maps/FirstPersonExampleMap.FirstPersonExampleMap:PersistentLevel' has LevelScriptBlueprint '/Game/FirstPersonBP/Maps/FirstPersonExampleMap.FirstPersonExampleMap:PersistentLevel.FirstPersonExampleMap' with GeneratedClass '/Game/FirstPersonBP/Maps/FirstPersonExampleMap.FirstPersonExampleMap_C' with ClassGeneratedBy '/Game/FirstPersonBP/Maps/FirstPersonExampleMap.FirstPersonExampleMap:PersistentLevel.FirstPersonExampleMap'
[2015.11.18-00.03.49:754][202]LogSpawn:Warning: SpawnActor failed because of collision at the spawn location [X=818.433 Y=-1143.680 Z=274.792] for [FirstPersonProjectile_C]
[2015.11.18-00.03.50:145][217]LogSpawn:Warning: SpawnActor failed because of collision at the spawn location [X=915.034 Y=-1133.328 Z=274.805] for [FirstPersonProjectile_C]
[2015.11.18-00.03.50:385][225]LogSpawn:Warning: SpawnActor failed because of collision at the spawn location [X=961.987 Y=-1126.771 Z=274.806] for [FirstPersonProjectile_C]
[2015.11.18-00.04.14:631][112]LogBlueprintUserMessages: Early EndPlayMap Detection: Level '/Game/FirstPersonBP/Maps/FirstPersonExampleMap.FirstPersonExampleMap:PersistentLevel' has LevelScriptBlueprint '/Game/FirstPersonBP/Maps/FirstPersonExampleMap.FirstPersonExampleMap:PersistentLevel.FirstPersonExampleMap' with GeneratedClass '/Game/FirstPersonBP/Maps/FirstPersonExampleMap.FirstPersonExampleMap_C' with ClassGeneratedBy '/Game/FirstPersonBP/Maps/FirstPersonExampleMap.FirstPersonExampleMap:PersistentLevel.FirstPersonExampleMap'
[2015.11.18-00.04.14:829][112]LogBlueprintUserMessages: Late EndPlayMap Detection: Level '/Game/FirstPersonBP/Maps/FirstPersonExampleMap.FirstPersonExampleMap:PersistentLevel' has LevelScriptBlueprint '/Game/FirstPersonBP/Maps/FirstPersonExampleMap.FirstPersonExampleMap:PersistentLevel.FirstPersonExampleMap' with GeneratedClass '/Game/FirstPersonBP/Maps/FirstPersonExampleMap.FirstPersonExampleMap_C' with ClassGeneratedBy '/Game/FirstPersonBP/Maps/FirstPersonExampleMap.FirstPersonExampleMap:PersistentLevel.FirstPersonExampleMap'
[2015.11.18-00.04.14:918][112]LogParticles: Destroying 0 GPU particle simulations for FXSystem 0x000000BA19AB7E20
[2015.11.18-00.04.45:624][298]LogBlueprintUserMessages: Early PlayInEditor Detection: Level '/Game/FirstPersonBP/Maps/FirstPersonExampleMap.FirstPersonExampleMap:PersistentLevel' has LevelScriptBlueprint '/Game/FirstPersonBP/Maps/FirstPersonExampleMap.FirstPersonExampleMap:PersistentLevel.FirstPersonExampleMap' with GeneratedClass '/Game/FirstPersonBP/Maps/FirstPersonExampleMap.FirstPersonExampleMap_C' with ClassGeneratedBy '/Game/FirstPersonBP/Maps/FirstPersonExampleMap.FirstPersonExampleMap:PersistentLevel.FirstPersonExampleMap'
[2015.11.18-00.04.45:624][298]LogPlayLevel: PlayLevel: No blueprints needed recompiling
[2015.11.18-00.04.45:624][298]PIE: New page: PIE session: FirstPersonExampleMap (Nov 17, 2015, 2:04:45 PM)
[2015.11.18-00.04.45:624][298]LogPlayLevel: Creating play world package: /Game/FirstPersonBP/Maps/UEDPIE_0_FirstPersonExampleMap
[2015.11.18-00.04.45:683][298]LogPlayLevel: PIE: StaticDuplicateObject took: (0.059088s)
[2015.11.18-00.04.45:684][298]LogAIModule: Creating AISystem for world FirstPersonExampleMap
[2015.11.18-00.04.45:685][298]LogPlayLevel: PIE: World Init took: (0.001478s)
[2015.11.18-00.04.45:685][298]LogPlayLevel: PIE: Created PIE world by copying editor world from /Game/FirstPersonBP/Maps/FirstPersonExampleMap.FirstPersonExampleMap to /Game/FirstPersonBP/Maps/UEDPIE_0_FirstPersonExampleMap.FirstPersonExampleMap (0.061004s)
[2015.11.18-00.04.45:876][298]LogInit: XAudio2 using 'Speakers (Conexant SmartAudio HD)' : 2 channels at 48 kHz using 32 bits per sample (channel mask 0x3)
[2015.11.18-00.04.45:980][298]LogInit: FAudioDevice initialized.
[2015.11.18-00.04.46:027][298]LogWorld: Game class is 'FirstPersonGameMode_C'
[2015.11.18-00.04.46:043][298]LogWorld: Bringing World /Game/FirstPersonBP/Maps/UEDPIE_0_FirstPersonExampleMap.FirstPersonExampleMap up for play (max tick rate 0) at 2015.11.17-19.04.46
[2015.11.18-00.04.46:043][298]LogActor:Warning: GameSession /Game/FirstPersonBP/Maps/UEDPIE_0_FirstPersonExampleMap.FirstPersonExampleMap:PersistentLevel.GameSession_1 has natively added scene component(s), but none of them were set as the actor's RootComponent - picking one arbitrarily
[2015.11.18-00.04.46:044][298]LogActor:Warning: GameNetworkManager /Game/FirstPersonBP/Maps/UEDPIE_0_FirstPersonExampleMap.FirstPersonExampleMap:PersistentLevel.GameNetworkManager_1 has natively added scene component(s), but none of them were set as the actor's RootComponent - picking one arbitrarily
[2015.11.18-00.04.46:045][298]LogWorld: Bringing up level for play took: 0.017211
[2015.11.18-00.04.46:099][298]PIE: Info Play in editor start time for /Game/FirstPersonBP/Maps/UEDPIE_0_FirstPersonExampleMap -0.349
[2015.11.18-00.04.46:100][298]LogBlueprintUserMessages: Late PlayInEditor Detection: Level '/Game/FirstPersonBP/Maps/FirstPersonExampleMap.FirstPersonExampleMap:PersistentLevel' has LevelScriptBlueprint '/Game/FirstPersonBP/Maps/FirstPersonExampleMap.FirstPersonExampleMap:PersistentLevel.FirstPersonExampleMap' with GeneratedClass '/Game/FirstPersonBP/Maps/FirstPersonExampleMap.FirstPersonExampleMap_C' with ClassGeneratedBy '/Game/FirstPersonBP/Maps/FirstPersonExampleMap.FirstPersonExampleMap:PersistentLevel.FirstPersonExampleMap'
[2015.11.18-00.04.54:305][619]LogBlueprintUserMessages: Early EndPlayMap Detection: Level '/Game/FirstPersonBP/Maps/FirstPersonExampleMap.FirstPersonExampleMap:PersistentLevel' has LevelScriptBlueprint '/Game/FirstPersonBP/Maps/FirstPersonExampleMap.FirstPersonExampleMap:PersistentLevel.FirstPersonExampleMap' with GeneratedClass '/Game/FirstPersonBP/Maps/FirstPersonExampleMap.FirstPersonExampleMap_C' with ClassGeneratedBy '/Game/FirstPersonBP/Maps/FirstPersonExampleMap.FirstPersonExampleMap:PersistentLevel.FirstPersonExampleMap'
[2015.11.18-00.04.54:451][619]LogBlueprintUserMessages: Late EndPlayMap Detection: Level '/Game/FirstPersonBP/Maps/FirstPersonExampleMap.FirstPersonExampleMap:PersistentLevel' has LevelScriptBlueprint '/Game/FirstPersonBP/Maps/FirstPersonExampleMap.FirstPersonExampleMap:PersistentLevel.FirstPersonExampleMap' with GeneratedClass '/Game/FirstPersonBP/Maps/FirstPersonExampleMap.FirstPersonExampleMap_C' with ClassGeneratedBy '/Game/FirstPersonBP/Maps/FirstPersonExampleMap.FirstPersonExampleMap:PersistentLevel.FirstPersonExampleMap'
[2015.11.18-00.04.54:625][620]LogParticles: Destroying 0 GPU particle simulations for FXSystem 0x000000BA4374FF60
[2015.11.18-00.04.54:628][620]MaterialEditorStats: Info Base pass shader without light map: 6 instructions
[2015.11.18-00.04.54:628][620]MaterialEditorStats: Info Vertex shader: 70 instructions
[2015.11.18-00.04.54:628][620]MaterialEditorStats: Info Texture samplers: 3/16
[2015.11.18-00.05.01:180][840]LogBlueprintUserMessages: Early PlayInEditor Detection: Level '/Game/FirstPersonBP/Maps/FirstPersonExampleMap.FirstPersonExampleMap:PersistentLevel' has LevelScriptBlueprint '/Game/FirstPersonBP/Maps/FirstPersonExampleMap.FirstPersonExampleMap:PersistentLevel.FirstPersonExampleMap' with GeneratedClass '/Game/FirstPersonBP/Maps/FirstPersonExampleMap.FirstPersonExampleMap_C' with ClassGeneratedBy '/Game/FirstPersonBP/Maps/FirstPersonExampleMap.FirstPersonExampleMap:PersistentLevel.FirstPersonExampleMap'
[2015.11.18-00.05.01:180][840]LogPlayLevel: PlayLevel: No blueprints needed recompiling
[2015.11.18-00.05.01:181][840]PIE: New page: PIE session: FirstPersonExampleMap (Nov 17, 2015, 2:05:01 PM)
[2015.11.18-00.05.01:181][840]LogPlayLevel: Creating play world package: /Game/FirstPersonBP/Maps/UEDPIE_0_FirstPersonExampleMap
[2015.11.18-00.05.01:227][840]LogPlayLevel: PIE: StaticDuplicateObject took: (0.046629s)
[2015.11.18-00.05.01:228][840]LogAIModule: Creating AISystem for world FirstPersonExampleMap
[2015.11.18-00.05.01:229][840]LogPlayLevel: PIE: World Init took: (0.001221s)
[2015.11.18-00.05.01:229][840]LogPlayLevel: PIE: Created PIE world by copying editor world from /Game/FirstPersonBP/Maps/FirstPersonExampleMap.FirstPersonExampleMap to /Game/FirstPersonBP/Maps/UEDPIE_0_FirstPersonExampleMap.FirstPersonExampleMap (0.048244s)
[2015.11.18-00.05.01:415][840]LogInit: XAudio2 using 'Speakers (Conexant SmartAudio HD)' : 2 channels at 48 kHz using 32 bits per sample (channel mask 0x3)
[2015.11.18-00.05.01:525][840]LogInit: FAudioDevice initialized.
[2015.11.18-00.05.01:565][840]LogWorld: Game class is 'FirstPersonGameMode_C'
[2015.11.18-00.05.01:585][840]LogWorld: Bringing World /Game/FirstPersonBP/Maps/UEDPIE_0_FirstPersonExampleMap.FirstPersonExampleMap up for play (max tick rate 0) at 2015.11.17-19.05.01
[2015.11.18-00.05.01:585][840]LogActor:Warning: GameSession /Game/FirstPersonBP/Maps/UEDPIE_0_FirstPersonExampleMap.FirstPersonExampleMap:PersistentLevel.GameSession_2 has natively added scene component(s), but none of them were set as the actor's RootComponent - picking one arbitrarily
[2015.11.18-00.05.01:585][840]LogActor:Warning: GameNetworkManager /Game/FirstPersonBP/Maps/UEDPIE_0_FirstPersonExampleMap.FirstPersonExampleMap:PersistentLevel.GameNetworkManager_2 has natively added scene component(s), but none of them were set as the actor's RootComponent - picking one arbitrarily
[2015.11.18-00.05.01:587][840]LogWorld: Bringing up level for play took: 0.021013
[2015.11.18-00.05.01:644][840]PIE: Info Play in editor start time for /Game/FirstPersonBP/Maps/UEDPIE_0_FirstPersonExampleMap 1.195
[2015.11.18-00.05.01:644][840]LogBlueprintUserMessages: Late PlayInEditor Detection: Level '/Game/FirstPersonBP/Maps/FirstPersonExampleMap.FirstPersonExampleMap:PersistentLevel' has LevelScriptBlueprint '/Game/FirstPersonBP/Maps/FirstPersonExampleMap.FirstPersonExampleMap:PersistentLevel.FirstPersonExampleMap' with GeneratedClass '/Game/FirstPersonBP/Maps/FirstPersonExampleMap.FirstPersonExampleMap_C' with ClassGeneratedBy '/Game/FirstPersonBP/Maps/FirstPersonExampleMap.FirstPersonExampleMap:PersistentLevel.FirstPersonExampleMap'
[2015.11.18-00.05.10:814][179]LogBlueprintUserMessages: Early EndPlayMap Detection: Level '/Game/FirstPersonBP/Maps/FirstPersonExampleMap.FirstPersonExampleMap:PersistentLevel' has LevelScriptBlueprint '/Game/FirstPersonBP/Maps/FirstPersonExampleMap.FirstPersonExampleMap:PersistentLevel.FirstPersonExampleMap' with GeneratedClass '/Game/FirstPersonBP/Maps/FirstPersonExampleMap.FirstPersonExampleMap_C' with ClassGeneratedBy '/Game/FirstPersonBP/Maps/FirstPersonExampleMap.FirstPersonExampleMap:PersistentLevel.FirstPersonExampleMap'
[2015.11.18-00.05.11:102][179]LogBlueprintUserMessages: Late EndPlayMap Detection: Level '/Game/FirstPersonBP/Maps/FirstPersonExampleMap.FirstPersonExampleMap:PersistentLevel' has LevelScriptBlueprint '/Game/FirstPersonBP/Maps/FirstPersonExampleMap.FirstPersonExampleMap:PersistentLevel.FirstPersonExampleMap' with GeneratedClass '/Game/FirstPersonBP/Maps/FirstPersonExampleMap.FirstPersonExampleMap_C' with ClassGeneratedBy '/Game/FirstPersonBP/Maps/FirstPersonExampleMap.FirstPersonExampleMap:PersistentLevel.FirstPersonExampleMap'
[2015.11.18-00.05.11:257][180]LogParticles: Destroying 0 GPU particle simulations for FXSystem 0x000000BA4369C7C0
[2015.11.18-00.05.23:838][625]LogBlueprintUserMessages: Early PlayInEditor Detection: Level '/Game/FirstPersonBP/Maps/FirstPersonExampleMap.FirstPersonExampleMap:PersistentLevel' has LevelScriptBlueprint '/Game/FirstPersonBP/Maps/FirstPersonExampleMap.FirstPersonExampleMap:PersistentLevel.FirstPersonExampleMap' with GeneratedClass '/Game/FirstPersonBP/Maps/FirstPersonExampleMap.FirstPersonExampleMap_C' with ClassGeneratedBy '/Game/FirstPersonBP/Maps/FirstPersonExampleMap.FirstPersonExampleMap:PersistentLevel.FirstPersonExampleMap'
[2015.11.18-00.05.23:839][625]LogPlayLevel: PlayLevel: No blueprints needed recompiling
[2015.11.18-00.05.23:839][625]PIE: New page: PIE session: FirstPersonExampleMap (Nov 17, 2015, 2:05:23 PM)
[2015.11.18-00.05.23:839][625]LogPlayLevel: Creating play world package: /Game/FirstPersonBP/Maps/UEDPIE_0_FirstPersonExampleMap
[2015.11.18-00.05.23:881][625]LogPlayLevel: PIE: StaticDuplicateObject took: (0.042481s)
[2015.11.18-00.05.23:882][625]LogAIModule: Creating AISystem for world FirstPersonExampleMap
[2015.11.18-00.05.23:883][625]LogPlayLevel: PIE: World Init took: (0.001244s)
[2015.11.18-00.05.23:883][625]LogPlayLevel: PIE: Created PIE world by copying editor world from /Game/FirstPersonBP/Maps/FirstPersonExampleMap.FirstPersonExampleMap to /Game/FirstPersonBP/Maps/UEDPIE_0_FirstPersonExampleMap.FirstPersonExampleMap (0.044111s)
[2015.11.18-00.05.24:045][625]LogInit: XAudio2 using 'Speakers (Conexant SmartAudio HD)' : 2 channels at 48 kHz using 32 bits per sample (channel mask 0x3)
[2015.11.18-00.05.24:138][625]LogInit: FAudioDevice initialized.
[2015.11.18-00.05.24:177][625]LogWorld: Game class is 'FirstPersonGameMode_C'
[2015.11.18-00.05.24:193][625]LogWorld: Bringing World /Game/FirstPersonBP/Maps/UEDPIE_0_FirstPersonExampleMap.FirstPersonExampleMap up for play (max tick rate 0) at 2015.11.17-19.05.24
[2015.11.18-00.05.24:193][625]LogActor:Warning: GameSession /Game/FirstPersonBP/Maps/UEDPIE_0_FirstPersonExampleMap.FirstPersonExampleMap:PersistentLevel.GameSession_3 has natively added scene component(s), but none of them were set as the actor's RootComponent - picking one arbitrarily
[2015.11.18-00.05.24:194][625]LogActor:Warning: GameNetworkManager /Game/FirstPersonBP/Maps/UEDPIE_0_FirstPersonExampleMap.FirstPersonExampleMap:PersistentLevel.GameNetworkManager_3 has natively added scene component(s), but none of them were set as the actor's RootComponent - picking one arbitrarily
[2015.11.18-00.05.24:194][625]LogWorld: Bringing up level for play took: 0.015767
[2015.11.18-00.05.24:247][625]PIE: Info Play in editor start time for /Game/FirstPersonBP/Maps/UEDPIE_0_FirstPersonExampleMap -0.202
[2015.11.18-00.05.24:247][625]LogBlueprintUserMessages: Late PlayInEditor Detection: Level '/Game/FirstPersonBP/Maps/FirstPersonExampleMap.FirstPersonExampleMap:PersistentLevel' has LevelScriptBlueprint '/Game/FirstPersonBP/Maps/FirstPersonExampleMap.FirstPersonExampleMap:PersistentLevel.FirstPersonExampleMap' with GeneratedClass '/Game/FirstPersonBP/Maps/FirstPersonExampleMap.FirstPersonExampleMap_C' with ClassGeneratedBy '/Game/FirstPersonBP/Maps/FirstPersonExampleMap.FirstPersonExampleMap:PersistentLevel.FirstPersonExampleMap'
[2015.11.18-00.05.26:965][719]LogBlueprintUserMessages: Early EndPlayMap Detection: Level '/Game/FirstPersonBP/Maps/FirstPersonExampleMap.FirstPersonExampleMap:PersistentLevel' has LevelScriptBlueprint '/Game/FirstPersonBP/Maps/FirstPersonExampleMap.FirstPersonExampleMap:PersistentLevel.FirstPersonExampleMap' with GeneratedClass '/Game/FirstPersonBP/Maps/FirstPersonExampleMap.FirstPersonExampleMap_C' with ClassGeneratedBy '/Game/FirstPersonBP/Maps/FirstPersonExampleMap.FirstPersonExampleMap:PersistentLevel.FirstPersonExampleMap'
[2015.11.18-00.05.27:107][719]LogBlueprintUserMessages: Late EndPlayMap Detection: Level '/Game/FirstPersonBP/Maps/FirstPersonExampleMap.FirstPersonExampleMap:PersistentLevel' has LevelScriptBlueprint '/Game/FirstPersonBP/Maps/FirstPersonExampleMap.FirstPersonExampleMap:PersistentLevel.FirstPersonExampleMap' with GeneratedClass '/Game/FirstPersonBP/Maps/FirstPersonExampleMap.FirstPersonExampleMap_C' with ClassGeneratedBy '/Game/FirstPersonBP/Maps/FirstPersonExampleMap.FirstPersonExampleMap:PersistentLevel.FirstPersonExampleMap'
[2015.11.18-00.05.27:271][720]LogParticles: Destroying 0 GPU particle simulations for FXSystem 0x000000BA38F6AAC0
[2015.11.18-00.05.42:784][288]LogBlueprintUserMessages: Early PlayInEditor Detection: Level '/Game/FirstPersonBP/Maps/FirstPersonExampleMap.FirstPersonExampleMap:PersistentLevel' has LevelScriptBlueprint '/Game/FirstPersonBP/Maps/FirstPersonExampleMap.FirstPersonExampleMap:PersistentLevel.FirstPersonExampleMap' with GeneratedClass '/Game/FirstPersonBP/Maps/FirstPersonExampleMap.FirstPersonExampleMap_C' with ClassGeneratedBy '/Game/FirstPersonBP/Maps/FirstPersonExampleMap.FirstPersonExampleMap:PersistentLevel.FirstPersonExampleMap'
[2015.11.18-00.05.42:784][288]LogPlayLevel: PlayLevel: No blueprints needed recompiling
[2015.11.18-00.05.42:784][288]PIE: New page: PIE session: FirstPersonExampleMap (Nov 17, 2015, 2:05:42 PM)
[2015.11.18-00.05.42:784][288]LogPlayLevel: Creating play world package: /Game/FirstPersonBP/Maps/UEDPIE_0_FirstPersonExampleMap
[2015.11.18-00.05.42:829][288]LogPlayLevel: PIE: StaticDuplicateObject took: (0.044754s)
[2015.11.18-00.05.42:830][288]LogAIModule: Creating AISystem for world FirstPersonExampleMap
[2015.11.18-00.05.42:831][288]LogPlayLevel: PIE: World Init took: (0.001514s)
[2015.11.18-00.05.42:831][288]LogPlayLevel: PIE: Created PIE world by copying editor world from /Game/FirstPersonBP/Maps/FirstPersonExampleMap.FirstPersonExampleMap to /Game/FirstPersonBP/Maps/UEDPIE_0_FirstPersonExampleMap.FirstPersonExampleMap (0.046691s)
[2015.11.18-00.05.42:961][288]LogInit: XAudio2 using 'Speakers (Conexant SmartAudio HD)' : 2 channels at 48 kHz using 32 bits per sample (channel mask 0x3)
[2015.11.18-00.05.43:027][288]LogInit: FAudioDevice initialized.
[2015.11.18-00.05.43:066][288]LogWorld: Game class is 'FirstPersonGameMode_C'
[2015.11.18-00.05.43:078][288]LogWorld: Bringing World /Game/FirstPersonBP/Maps/UEDPIE_0_FirstPersonExampleMap.FirstPersonExampleMap up for play (max tick rate 0) at 2015.11.17-19.05.43
[2015.11.18-00.05.43:078][288]LogActor:Warning: GameSession /Game/FirstPersonBP/Maps/UEDPIE_0_FirstPersonExampleMap.FirstPersonExampleMap:PersistentLevel.GameSession_4 has natively added scene component(s), but none of them were set as the actor's RootComponent - picking one arbitrarily
[2015.11.18-00.05.43:079][288]LogActor:Warning: GameNetworkManager /Game/FirstPersonBP/Maps/UEDPIE_0_FirstPersonExampleMap.FirstPersonExampleMap:PersistentLevel.GameNetworkManager_4 has natively added scene component(s), but none of them were set as the actor's RootComponent - picking one arbitrarily
[2015.11.18-00.05.43:080][288]LogWorld: Bringing up level for play took: 0.012796
[2015.11.18-00.05.43:119][288]PIE: Info Play in editor start time for /Game/FirstPersonBP/Maps/UEDPIE_0_FirstPersonExampleMap 0.67
[2015.11.18-00.05.43:119][288]LogBlueprintUserMessages: Late PlayInEditor Detection: Level '/Game/FirstPersonBP/Maps/FirstPersonExampleMap.FirstPersonExampleMap:PersistentLevel' has LevelScriptBlueprint '/Game/FirstPersonBP/Maps/FirstPersonExampleMap.FirstPersonExampleMap:PersistentLevel.FirstPersonExampleMap' with GeneratedClass '/Game/FirstPersonBP/Maps/FirstPersonExampleMap.FirstPersonExampleMap_C' with ClassGeneratedBy '/Game/FirstPersonBP/Maps/FirstPersonExampleMap.FirstPersonExampleMap:PersistentLevel.FirstPersonExampleMap'
[2015.11.18-00.05.52:672][653]LogBlueprintUserMessages: Early EndPlayMap Detection: Level '/Game/FirstPersonBP/Maps/FirstPersonExampleMap.FirstPersonExampleMap:PersistentLevel' has LevelScriptBlueprint '/Game/FirstPersonBP/Maps/FirstPersonExampleMap.FirstPersonExampleMap:PersistentLevel.FirstPersonExampleMap' with GeneratedClass '/Game/FirstPersonBP/Maps/FirstPersonExampleMap.FirstPersonExampleMap_C' with ClassGeneratedBy '/Game/FirstPersonBP/Maps/FirstPersonExampleMap.FirstPersonExampleMap:PersistentLevel.FirstPersonExampleMap'
[2015.11.18-00.05.52:818][653]LogBlueprintUserMessages: Late EndPlayMap Detection: Level '/Game/FirstPersonBP/Maps/FirstPersonExampleMap.FirstPersonExampleMap:PersistentLevel' has LevelScriptBlueprint '/Game/FirstPersonBP/Maps/FirstPersonExampleMap.FirstPersonExampleMap:PersistentLevel.FirstPersonExampleMap' with GeneratedClass '/Game/FirstPersonBP/Maps/FirstPersonExampleMap.FirstPersonExampleMap_C' with ClassGeneratedBy '/Game/FirstPersonBP/Maps/FirstPersonExampleMap.FirstPersonExampleMap:PersistentLevel.FirstPersonExampleMap'
[2015.11.18-00.05.52:951][654]LogParticles: Destroying 0 GPU particle simulations for FXSystem 0x000000BA7D3FE520
[2015.11.18-00.09.10:311][538]LogMaterial: Missing cached shader map for material Mat_Lluvia, compiling. 
[2015.11.18-00.09.10:332][538]LogMaterial: Missing cached shader map for material Mat_Lluvia, compiling. 
[2015.11.18-00.09.10:340][538]LogMaterial: 0.000041 seconds spent updating 1 materials, 1 interfaces, 0 instances, 0 with static permutations.
[2015.11.18-00.09.21:729][212]LogMaterial: Missing cached shader map for material Mat_Lluvia, compiling. 
[2015.11.18-00.09.21:748][212]LogMaterial: Missing cached shader map for material Mat_Lluvia, compiling. 
[2015.11.18-00.09.21:760][212]LogMaterial: 0.000048 seconds spent updating 1 materials, 1 interfaces, 0 instances, 0 with static permutations.
[2015.11.18-00.09.23:971][342]LogMaterial: Missing cached shader map for material Mat_Lluvia, compiling. 
[2015.11.18-00.09.24:017][342]LogMaterial: Missing cached shader map for material Mat_Lluvia, compiling. 
[2015.11.18-00.09.24:030][342]LogMaterial: 0.000058 seconds spent updating 1 materials, 1 interfaces, 0 instances, 0 with static permutations.
[2015.11.18-00.10.04:141][582]MaterialEditorStats: Info Base pass shader without light map: 6 instructions
[2015.11.18-00.10.04:141][582]MaterialEditorStats: Info Vertex shader: 70 instructions
[2015.11.18-00.10.04:141][582]MaterialEditorStats: Info Texture samplers: 4/16
[2015.11.18-00.10.14:779][152]LogMaterialEditor: Applying material Mat_Lluvia
[2015.11.18-00.10.16:024][152]LogMaterial: Missing cached shader map for material Mat_Lluvia, compiling. 
[2015.11.18-00.10.16:045][152]LogMaterial: 0.000058 seconds spent updating 1 materials, 1 interfaces, 0 instances, 0 with static permutations.
[2015.11.18-00.10.16:081][152]LogMaterial: Missing cached shader map for material Mat_Lluvia, compiling. 
[2015.11.18-00.10.16:109][152]LogMaterial: Missing cached shader map for material Mat_Lluvia, compiling. 
[2015.11.18-00.10.16:127][152]LogMaterial: 0.001857 seconds spent updating 1 materials, 1 interfaces, 0 instances, 0 with static permutations.
[2015.11.18-00.10.17:523][226]LogMaterialEditor: Saving and Compiling material Mat_Lluvia
[2015.11.18-00.10.27:826][226]Cmd: OBJ SAVEPACKAGE PACKAGE="/Game/Mat_Lluvia" FILE="../../../../../../Users/Daniel/Documents/Unreal Projects/Lluvia_2/Content/Mat_Lluvia.uasset" SILENT=true
[2015.11.18-00.10.27:856][226]LogSavePackage: Save=18.670048ms
[2015.11.18-00.10.27:856][226]LogSavePackage: Moving '../../../../../../Users/Daniel/Documents/Unreal Projects/Lluvia_2/Saved/Mat_Lluvia4BC70AD747478FEDD4A1B4903447C36D.tmp' to '../../../../../../Users/Daniel/Documents/Unreal Projects/Lluvia_2/Content/Mat_Lluvia.uasset'
[2015.11.18-00.10.27:861][226]LogSavePackage: Total save time: 32.199562ms
[2015.11.18-00.10.27:861][226]LogSavePackage:Warning: Finished SavePackage ../../../../../../Users/Daniel/Documents/Unreal Projects/Lluvia_2/Content/Mat_Lluvia.uasset
[2015.11.18-00.10.27:868][226]MaterialEditorStats: Info Base pass shader without light map: 25 instructions
[2015.11.18-00.10.27:868][226]MaterialEditorStats: Info Vertex shader: 70 instructions
[2015.11.18-00.10.27:868][226]MaterialEditorStats: Info Texture samplers: 7/16
[2015.11.18-00.10.41:097][907]LogBlueprintUserMessages: Early PlayInEditor Detection: Level '/Game/FirstPersonBP/Maps/FirstPersonExampleMap.FirstPersonExampleMap:PersistentLevel' has LevelScriptBlueprint '/Game/FirstPersonBP/Maps/FirstPersonExampleMap.FirstPersonExampleMap:PersistentLevel.FirstPersonExampleMap' with GeneratedClass '/Game/FirstPersonBP/Maps/FirstPersonExampleMap.FirstPersonExampleMap_C' with ClassGeneratedBy '/Game/FirstPersonBP/Maps/FirstPersonExampleMap.FirstPersonExampleMap:PersistentLevel.FirstPersonExampleMap'
[2015.11.18-00.10.41:097][907]LogPlayLevel: PlayLevel: No blueprints needed recompiling
[2015.11.18-00.10.41:097][907]PIE: New page: PIE session: FirstPersonExampleMap (Nov 17, 2015, 2:10:41 PM)
[2015.11.18-00.10.41:098][907]LogPlayLevel: Creating play world package: /Game/FirstPersonBP/Maps/UEDPIE_0_FirstPersonExampleMap
[2015.11.18-00.10.41:144][907]LogPlayLevel: PIE: StaticDuplicateObject took: (0.046420s)
[2015.11.18-00.10.41:145][907]LogAIModule: Creating AISystem for world FirstPersonExampleMap
[2015.11.18-00.10.41:145][907]LogPlayLevel: PIE: World Init took: (0.001477s)
[2015.11.18-00.10.41:146][907]LogPlayLevel: PIE: Created PIE world by copying editor world from /Game/FirstPersonBP/Maps/FirstPersonExampleMap.FirstPersonExampleMap to /Game/FirstPersonBP/Maps/UEDPIE_0_FirstPersonExampleMap.FirstPersonExampleMap (0.048333s)
[2015.11.18-00.10.41:314][907]LogInit: XAudio2 using 'Speakers (Conexant SmartAudio HD)' : 2 channels at 48 kHz using 32 bits per sample (channel mask 0x3)
[2015.11.18-00.10.41:376][907]LogInit: FAudioDevice initialized.
[2015.11.18-00.10.41:417][907]LogWorld: Game class is 'FirstPersonGameMode_C'
[2015.11.18-00.10.41:428][907]LogWorld: Bringing World /Game/FirstPersonBP/Maps/UEDPIE_0_FirstPersonExampleMap.FirstPersonExampleMap up for play (max tick rate 0) at 2015.11.17-19.10.41
[2015.11.18-00.10.41:428][907]LogActor:Warning: GameSession /Game/FirstPersonBP/Maps/UEDPIE_0_FirstPersonExampleMap.FirstPersonExampleMap:PersistentLevel.GameSession_5 has natively added scene component(s), but none of them were set as the actor's RootComponent - picking one arbitrarily
[2015.11.18-00.10.41:428][907]LogActor:Warning: GameNetworkManager /Game/FirstPersonBP/Maps/UEDPIE_0_FirstPersonExampleMap.FirstPersonExampleMap:PersistentLevel.GameNetworkManager_5 has natively added scene component(s), but none of them were set as the actor's RootComponent - picking one arbitrarily
[2015.11.18-00.10.41:429][907]LogWorld: Bringing up level for play took: 0.011696
[2015.11.18-00.10.41:472][907]PIE: Info Play in editor start time for /Game/FirstPersonBP/Maps/UEDPIE_0_FirstPersonExampleMap 1.024
[2015.11.18-00.10.41:473][907]LogBlueprintUserMessages: Late PlayInEditor Detection: Level '/Game/FirstPersonBP/Maps/FirstPersonExampleMap.FirstPersonExampleMap:PersistentLevel' has LevelScriptBlueprint '/Game/FirstPersonBP/Maps/FirstPersonExampleMap.FirstPersonExampleMap:PersistentLevel.FirstPersonExampleMap' with GeneratedClass '/Game/FirstPersonBP/Maps/FirstPersonExampleMap.FirstPersonExampleMap_C' with ClassGeneratedBy '/Game/FirstPersonBP/Maps/FirstPersonExampleMap.FirstPersonExampleMap:PersistentLevel.FirstPersonExampleMap'
[2015.11.18-00.10.59:184][550]LogBlueprintUserMessages: Early EndPlayMap Detection: Level '/Game/FirstPersonBP/Maps/FirstPersonExampleMap.FirstPersonExampleMap:PersistentLevel' has LevelScriptBlueprint '/Game/FirstPersonBP/Maps/FirstPersonExampleMap.FirstPersonExampleMap:PersistentLevel.FirstPersonExampleMap' with GeneratedClass '/Game/FirstPersonBP/Maps/FirstPersonExampleMap.FirstPersonExampleMap_C' with ClassGeneratedBy '/Game/FirstPersonBP/Maps/FirstPersonExampleMap.FirstPersonExampleMap:PersistentLevel.FirstPersonExampleMap'
[2015.11.18-00.10.59:486][550]LogBlueprintUserMessages: Late EndPlayMap Detection: Level '/Game/FirstPersonBP/Maps/FirstPersonExampleMap.FirstPersonExampleMap:PersistentLevel' has LevelScriptBlueprint '/Game/FirstPersonBP/Maps/FirstPersonExampleMap.FirstPersonExampleMap:PersistentLevel.FirstPersonExampleMap' with GeneratedClass '/Game/FirstPersonBP/Maps/FirstPersonExampleMap.FirstPersonExampleMap_C' with ClassGeneratedBy '/Game/FirstPersonBP/Maps/FirstPersonExampleMap.FirstPersonExampleMap:PersistentLevel.FirstPersonExampleMap'
[2015.11.18-00.10.59:616][551]LogParticles: Destroying 0 GPU particle simulations for FXSystem 0x000000BA18E31BC0
[2015.11.18-00.11.57:141][785]LogEditorViewport: Clicking on Actor (LMB): StaticMeshActor (Cube)
[2015.11.18-00.12.19:018][205]LogSavePackage: Save=5366.985840ms
[2015.11.18-00.12.19:018][205]LogSavePackage: Moving '../../../../../../Users/Daniel/Documents/Unreal Projects/Lluvia_2/Saved/FirstPersonExampleMap28D10FF349DD151B4072E5A000533338.tmp' to '../../../../../../Users/Daniel/Documents/Unreal Projects/Lluvia_2/Content/FirstPersonBP/Maps/FirstPersonExampleMap.umap'
[2015.11.18-00.12.19:026][205]LogSavePackage: Total save time: 5401.018158ms
[2015.11.18-00.12.19:026][205]LogSavePackage:Warning: Finished SavePackage ../../../../../../Users/Daniel/Documents/Unreal Projects/Lluvia_2/Content/FirstPersonBP/Maps/FirstPersonExampleMap.umap
[2015.11.18-00.12.19:075][205]LogFileHelpers: Saving map 'FirstPersonExampleMap' took 5.801
[2015.11.18-00.12.19:079][205]Cmd: MAP LOAD FILE="../../../Engine/Content/Maps/Templates/Template_Default.umap" TEMPLATE=1 SHOWPROGRESS=1 FEATURELEVEL=3
[2015.11.18-00.12.19:109][205]LightingResults: New page: Lighting Build
[2015.11.18-00.12.19:151][205]LoadErrors: New page: Loading map: Template_Default.umap
[2015.11.18-00.12.19:153][205]MapCheck: New page: Map Check
[2015.11.18-00.12.19:153][205]LightingResults: New page: Lighting Build
[2015.11.18-00.12.19:196][205]LogParticles: Destroying 0 GPU particle simulations for FXSystem 0x000000BA189CEDE0
[2015.11.18-00.12.19:335][205]LogAIModule: Creating AISystem for world Untitled_1
[2015.11.18-00.12.19:351][205]LogEditorServer: Finished looking for orphan Actors (0.000 secs)
[2015.11.18-00.12.19:365][205]Cmd: MAP CHECKDEP NOCLEARLOG
[2015.11.18-00.12.19:516][205]MapCheck: Info Map check complete: 0 Error(s), 0 Warning(s), took 151.201ms to complete.
[2015.11.18-00.12.19:516][205]LogFileHelpers: Loading map 'Template_Default' took 0.438
[2015.11.18-00.13.06:393][769]LogTexture:Display: Building textures: Texture2D_2 (G8)
[2015.11.18-00.13.33:265][ 50]Cmd: MAP LOAD FILE="../../../../../../Users/Daniel/Documents/Unreal Projects/Lluvia_2/Content/FirstPersonBP/Maps/FirstPersonExampleMap.umap" TEMPLATE=0 SHOWPROGRESS=1 FEATURELEVEL=3
[2015.11.18-00.13.33:298][ 50]LightingResults: New page: Lighting Build
[2015.11.18-00.13.33:351][ 50]LoadErrors: New page: Loading map: FirstPersonExampleMap.umap
[2015.11.18-00.13.33:352][ 50]MapCheck: New page: Map Check
[2015.11.18-00.13.33:352][ 50]LightingResults: New page: Lighting Build
[2015.11.18-00.13.33:439][ 50]LogParticles: Destroying 0 GPU particle simulations for FXSystem 0x000000BA17FF6C00
[2015.11.18-00.13.33:558][ 50]LogAIModule: Creating AISystem for world FirstPersonExampleMap
[2015.11.18-00.13.33:571][ 50]LogEditorServer: Finished looking for orphan Actors (0.000 secs)
[2015.11.18-00.13.33:653][ 50]Cmd: MAP CHECKDEP NOCLEARLOG
[2015.11.18-00.13.33:900][ 50]MapCheck: Info Map check complete: 0 Error(s), 0 Warning(s), took 247.154ms to complete.
[2015.11.18-00.13.33:900][ 50]LogFileHelpers: Loading map 'FirstPersonExampleMap' took 0.642
[2015.11.18-01.57.56:564][635]LogCascade: Quitting Cascade. FXSystem=0x000000BA2A921B20
[2015.11.18-01.57.56:824][635]LogWindowsTextInputMethodSystem:Display: IME system now deactivated.
[2015.11.18-01.57.57:144][636]Cmd: QUIT_EDITOR
[2015.11.18-01.57.57:638][636]LogExit: Preparing to exit.
[2015.11.18-01.57.58:689][636]LogExit: Editor shut down
[2015.11.18-01.57.58:689][636]LogExit: Transaction tracking system shut down
[2015.11.18-01.57.58:691][636]LogParticles: Destroying 0 GPU particle simulations for FXSystem 0x000000BA18086D40
[2015.11.18-01.57.58:693][636]LogParticles: Destroying 0 GPU particle simulations for FXSystem 0x000000BA199E5A80
[2015.11.18-01.57.58:693][636]LogParticles: Destroying 0 GPU particle simulations for FXSystem 0x000000BA199E5BC0
[2015.11.18-01.57.58:693][636]LogParticles: Destroying 0 GPU particle simulations for FXSystem 0x000000BA2A921B20
[2015.11.18-01.57.58:706][636]LogParticles: Destroying 0 GPU particle simulations for FXSystem 0x000000BA38BC28E0
[2015.11.18-01.57.58:707][636]LogParticles: Destroying 0 GPU particle simulations for FXSystem 0x000000BA38F693A0
[2015.11.18-01.57.58:711][636]LogParticles: Destroying 0 GPU particle simulations for FXSystem 0x000000BA435B6D40
[2015.11.18-01.57.58:712][636]LogParticles: Destroying 0 GPU particle simulations for FXSystem 0x000000BA182247C0
[2015.11.18-01.57.58:888][636]LogExit: Object subsystem successfully closed.
[2015.11.18-01.57.58:901][636]LogD3D11RHI: Shutdown
[2015.11.18-01.57.58:901][636]LogD3D11RHI: CleanupD3DDevice
[2015.11.18-01.57.59:009][636]LogD3D11RHI: ~FD3D11DynamicRHI
[2015.11.18-01.57.59:033][636]LogModuleManager: Shutting down and abandoning module NewLevelDialog (202)
[2015.11.18-01.57.59:033][636]LogModuleManager: Shutting down and abandoning module BlueprintGraph (201)
[2015.11.18-01.57.59:033][636]LogModuleManager: Shutting down and abandoning module MaterialEditor (200)
[2015.11.18-01.57.59:033][636]LogModuleManager: Shutting down and abandoning module DistCurveEditor (199)
[2015.11.18-01.57.59:033][636]LogModuleManager: Shutting down and abandoning module Cascade (198)
[2015.11.18-01.57.59:033][636]LogModuleManager: Shutting down and abandoning module CrashTracker (197)
[2015.11.18-01.57.59:033][636]LogModuleManager: Shutting down and abandoning module SceneOutliner (196)
[2015.11.18-01.57.59:033][636]LogModuleManager: Shutting down and abandoning module SuperSearch (195)
[2015.11.18-01.57.59:033][636]LogModuleManager: Shutting down and abandoning module WidgetCarousel (194)
[2015.11.18-01.57.59:033][636]LogModuleManager: Shutting down and abandoning module AddContentDialog (193)
[2015.11.18-01.57.59:036][636]LogModuleManager: Shutting down and abandoning module EditorWidgets (192)
[2015.11.18-01.57.59:036][636]LogModuleManager: Shutting down and abandoning module CollectionManager (191)
[2015.11.18-01.57.59:036][636]LogModuleManager: Shutting down and abandoning module StatsViewer (190)
[2015.11.18-01.57.59:036][636]LogModuleManager: Shutting down and abandoning module FoliageEdit (189)
[2015.11.18-01.57.59:036][636]LogModuleManager: Shutting down and abandoning module LandscapeEditor (188)
[2015.11.18-01.57.59:037][636]LogModuleManager: Shutting down and abandoning module ActorPickerMode (187)
[2015.11.18-01.57.59:037][636]LogModuleManager: Shutting down and abandoning module GeometryMode (186)
[2015.11.18-01.57.59:037][636]LogModuleManager: Shutting down and abandoning module TextureAlignMode (185)
[2015.11.18-01.57.59:037][636]LogModuleManager: Shutting down and abandoning module BspMode (184)
[2015.11.18-01.57.59:037][636]LogModuleManager: Shutting down and abandoning module PlacementMode (183)
[2015.11.18-01.57.59:037][636]LogModuleManager: Shutting down and abandoning module AutomationWorker (182)
[2015.11.18-01.57.59:037][636]LogModuleManager: Shutting down and abandoning module CharacterAI (181)
[2015.11.18-01.57.59:037][636]LogModuleManager: Shutting down and abandoning module SmartSnapping (180)
[2015.11.18-01.57.59:037][636]LogModuleManager: Shutting down and abandoning module ViewportSnapping (179)
[2015.11.18-01.57.59:037][636]LogModuleManager: Shutting down and abandoning module LogVisualizer (178)
[2015.11.18-01.57.59:037][636]LogModuleManager: Shutting down and abandoning module GameProjectGeneration (177)
[2015.11.18-01.57.59:037][636]LogModuleManager: Shutting down and abandoning module IntroTutorials (176)
[2015.11.18-01.57.59:037][636]LogModuleManager: Shutting down and abandoning module EditorLiveStreaming (175)
[2015.11.18-01.57.59:037][636]LogModuleManager: Shutting down and abandoning module IOSPlatformEditor (174)
[2015.11.18-01.57.59:037][636]LogModuleManager: Shutting down and abandoning module HTML5PlatformEditor (173)
[2015.11.18-01.57.59:037][636]LogModuleManager: Shutting down and abandoning module AndroidDeviceDetection (172)
[2015.11.18-01.57.59:737][636]LogModuleManager: Shutting down and abandoning module AndroidPlatformEditor (171)
[2015.11.18-01.57.59:737][636]LogModuleManager: Shutting down and abandoning module IOSRuntimeSettings (170)
[2015.11.18-01.57.59:737][636]LogModuleManager: Shutting down and abandoning module AndroidRuntimeSettings (169)
[2015.11.18-01.57.59:737][636]LogModuleManager: Shutting down and abandoning module MergeActors (168)
[2015.11.18-01.57.59:737][636]LogModuleManager: Shutting down and abandoning module SizeMap (167)
[2015.11.18-01.57.59:737][636]LogModuleManager: Shutting down and abandoning module TreeMap (166)
[2015.11.18-01.57.59:737][636]LogModuleManager: Shutting down and abandoning module ReferenceViewer (165)
[2015.11.18-01.57.59:737][636]LogModuleManager: Shutting down and abandoning module LocalizationService (164)
[2015.11.18-01.57.59:737][636]LogModuleManager: Shutting down and abandoning module LocalizationDashboard (163)
[2015.11.18-01.57.59:737][636]LogModuleManager: Shutting down and abandoning module HardwareTargeting (162)
[2015.11.18-01.57.59:737][636]LogModuleManager: Shutting down and abandoning module DeviceProfileEditor (161)
[2015.11.18-01.57.59:738][636]LogModuleManager: Shutting down and abandoning module UndoHistory (160)
[2015.11.18-01.57.59:738][636]LogModuleManager: Shutting down and abandoning module GameplayTagsEditor (159)
[2015.11.18-01.57.59:738][636]LogModuleManager: Shutting down and abandoning module UserFeedback (158)
[2015.11.18-01.57.59:738][636]LogModuleManager: Shutting down and abandoning module XmlParser (157)
[2015.11.18-01.57.59:738][636]LogModuleManager: Shutting down and abandoning module Blutility (156)
[2015.11.18-01.57.59:738][636]LogModuleManager: Shutting down and abandoning module ProjectTargetPlatformEditor (155)
[2015.11.18-01.57.59:738][636]LogModuleManager: Shutting down and abandoning module ProjectSettingsViewer (154)
[2015.11.18-01.57.59:738][636]LogModuleManager: Shutting down and abandoning module InputBindingEditor (153)
[2015.11.18-01.57.59:738][636]LogModuleManager: Shutting down and abandoning module EditorSettingsViewer (152)
[2015.11.18-01.57.59:738][636]LogModuleManager: Shutting down and abandoning module SettingsEditor (151)
[2015.11.18-01.57.59:739][636]LogModuleManager: Shutting down and abandoning module ProjectLauncher (150)
[2015.11.18-01.57.59:739][636]LogModuleManager: Shutting down and abandoning module SessionFrontend (149)
[2015.11.18-01.57.59:739][636]LogModuleManager: Shutting down and abandoning module ProfilerClient (148)
[2015.11.18-01.57.59:739][636]LogModuleManager: Shutting down and abandoning module TargetDeviceServices (147)
[2015.11.18-01.57.59:739][636]LogModuleManager: Shutting down and abandoning module DeviceManager (146)
[2015.11.18-01.57.59:739][636]LogModuleManager: Shutting down and abandoning module AutomationController (145)
[2015.11.18-01.57.59:739][636]LogModuleManager: Shutting down and abandoning module AutomationWindow (144)
[2015.11.18-01.57.59:739][636]LogModuleManager: Shutting down and abandoning module Layers (143)
[2015.11.18-01.57.59:739][636]LogModuleManager: Shutting down and abandoning module ComponentVisualizers (142)
[2015.11.18-01.57.59:739][636]LogModuleManager: Shutting down and abandoning module DetailCustomizations (141)
[2015.11.18-01.57.59:739][636]LogModuleManager: Shutting down and abandoning module PackagesDialog (140)
[2015.11.18-01.57.59:740][636]LogModuleManager: Shutting down and abandoning module Persona (139)
[2015.11.18-01.57.59:740][636]LogModuleManager: Shutting down and abandoning module Kismet (138)
[2015.11.18-01.57.59:740][636]LogModuleManager: Shutting down and abandoning module GraphEditor (137)
[2015.11.18-01.57.59:740][636]LogModuleManager: Shutting down and abandoning module ClassViewer (136)
[2015.11.18-01.57.59:740][636]LogModuleManager: Shutting down and abandoning module Toolbox (135)
[2015.11.18-01.57.59:740][636]LogModuleManager: Shutting down and abandoning module ModuleUI (134)
[2015.11.18-01.57.59:740][636]LogModuleManager: Shutting down and abandoning module MovieSceneTools (133)
[2015.11.18-01.57.59:740][636]LogModuleManager: Shutting down and abandoning module OutputLog (132)
[2015.11.18-01.57.59:740][636]LogModuleManager: Shutting down and abandoning module GammaUI (131)
[2015.11.18-01.57.59:740][636]LogModuleManager: Shutting down and abandoning module Documentation (130)
[2015.11.18-01.57.59:741][636]LogModuleManager: Shutting down and abandoning module GameLiveStreaming (129)
[2015.11.18-01.57.59:741][636]LogModuleManager: Shutting down and abandoning module StreamingPauseRendering (128)
[2015.11.18-01.57.59:741][636]LogModuleManager: Shutting down and abandoning module AnalyticsET (127)
[2015.11.18-01.57.59:741][636]LogModuleManager: Shutting down and abandoning module Analytics (126)
[2015.11.18-01.57.59:741][636]LogModuleManager: Shutting down and abandoning module AITestSuite (125)
[2015.11.18-01.57.59:741][636]LogModuleManager: Shutting down and abandoning module GameplayDebugger (124)
[2015.11.18-01.57.59:741][636]LogModuleManager: Shutting down and abandoning module AIModule (123)
[2015.11.18-01.57.59:741][636]LogModuleManager: Shutting down and abandoning module ProfilerService (122)
[2015.11.18-01.57.59:884][636]LogModuleManager: Shutting down and abandoning module TaskGraph (121)
[2015.11.18-01.57.59:884][636]LogModuleManager: Shutting down and abandoning module SlateRemote (120)
[2015.11.18-01.57.59:884][636]LogModuleManager: Shutting down and abandoning module SteamVRController (119)
[2015.11.18-01.57.59:884][636]LogModuleManager: Shutting down and abandoning module SteamVR (118)
[2015.11.18-01.57.59:884][636]LogModuleManager: Shutting down and abandoning module ProceduralMeshComponent (117)
[2015.11.18-01.57.59:884][636]LogModuleManager: Shutting down and abandoning module OculusRift (116)
[2015.11.18-01.57.59:885][636]LogModuleManager: Shutting down and abandoning module OculusLibrary (115)
[2015.11.18-01.57.59:885][636]LogModuleManager: Shutting down and abandoning module LeapMotionController (114)
[2015.11.18-01.57.59:921][636]LogModuleManager: Shutting down and abandoning module CustomMeshComponent (113)
[2015.11.18-01.57.59:921][636]LogModuleManager: Shutting down and abandoning module CableComponent (112)
[2015.11.18-01.57.59:921][636]LogModuleManager: Shutting down and abandoning module ArchVisCharacter (111)
[2015.11.18-01.57.59:921][636]LogModuleManager: Shutting down and abandoning module MessagingDebugger (110)
[2015.11.18-01.57.59:921][636]LogModuleManager: Shutting down and abandoning module MediaPlayerEditor (109)
[2015.11.18-01.57.59:921][636]LogModuleManager: Shutting down and abandoning module HTML5Networking (108)
[2015.11.18-01.57.59:921][636]LogModuleManager: Shutting down and abandoning module SpeedTreeImporter (107)
[2015.11.18-01.57.59:921][636]LogModuleManager: Shutting down and abandoning module PluginBrowser (106)
[2015.11.18-01.57.59:921][636]LogModuleManager: Shutting down and abandoning module EpicSurvey (105)
[2015.11.18-01.57.59:921][636]LogModuleManager: Shutting down and abandoning module DesktopPlatform (104)
[2015.11.18-01.57.59:922][636]LogModuleManager: Shutting down and abandoning module VisualStudioSourceCodeAccess (103)
[2015.11.18-01.57.59:922][636]LogModuleManager: Shutting down and abandoning module UObjectPlugin (102)
[2015.11.18-01.57.59:922][636]LogModuleManager: Shutting down and abandoning module SubversionSourceControl (101)
[2015.11.18-01.57.59:922][636]LogModuleManager: Shutting down and abandoning module PerforceSourceControl (100)
[2015.11.18-01.57.59:922][636]LogModuleManager: Shutting down and abandoning module SourceControl (99)
[2015.11.18-01.57.59:922][636]LogModuleManager: Shutting down and abandoning module GitSourceControl (98)
[2015.11.18-01.57.59:922][636]LogModuleManager: Shutting down and abandoning module LightPropagationVolumeEditor (97)
[2015.11.18-01.57.59:922][636]LogModuleManager: Shutting down and abandoning module PaperTiledImporter (96)
[2015.11.18-01.57.59:922][636]LogModuleManager: Shutting down and abandoning module PaperSpriteSheetImporter (95)
[2015.11.18-01.57.59:922][636]LogModuleManager: Shutting down and abandoning module MeshPaint (94)
[2015.11.18-01.57.59:922][636]LogModuleManager: Shutting down and abandoning module SlateReflector (93)
[2015.11.18-01.57.59:922][636]LogModuleManager: Shutting down and abandoning module HotReload (92)
[2015.11.18-01.57.59:922][636]LogModuleManager: Shutting down and abandoning module MainFrame (91)
[2015.11.18-01.57.59:922][636]LogModuleManager: Shutting down and abandoning module LevelEditor (90)
[2015.11.18-01.57.59:923][636]LogModuleManager: Shutting down and abandoning module DirectoryWatcher (89)
[2015.11.18-01.57.59:925][636]LogModuleManager: Shutting down and abandoning module AssetRegistry (88)
[2015.11.18-01.58.00:035][636]LogModuleManager: Shutting down and abandoning module ContentBrowser (87)
[2015.11.18-01.58.00:035][636]LogModuleManager: Shutting down and abandoning module Paper2DEditor (86)
[2015.11.18-01.58.00:036][636]LogModuleManager: Shutting down and abandoning module UdpMessaging (85)
[2015.11.18-01.58.00:137][636]LogModuleManager: Shutting down and abandoning module LightPropagationVolumeRuntime (84)
[2015.11.18-01.58.00:137][636]LogModuleManager: Shutting down and abandoning module Paper2D (83)
[2015.11.18-01.58.00:137][636]LogModuleManager: Shutting down and abandoning module WindowsMoviePlayer (82)
[2015.11.18-01.58.00:137][636]LogModuleManager: Shutting down and abandoning module Media (81)
[2015.11.18-01.58.00:137][636]LogModuleManager: Shutting down and abandoning module WmfMedia (80)
[2015.11.18-01.58.00:138][636]LogModuleManager: Shutting down and abandoning module OnlineBlueprintSupport (79)
[2015.11.18-01.58.00:138][636]LogModuleManager: Shutting down and abandoning module GameplayTasksEditor (78)
[2015.11.18-01.58.00:138][636]LogModuleManager: Shutting down and abandoning module PropertyEditor (77)
[2015.11.18-01.58.00:138][636]LogModuleManager: Shutting down and abandoning module BehaviorTreeEditor (76)
[2015.11.18-01.58.00:138][636]LogModuleManager: Shutting down and abandoning module FunctionalTesting (75)
[2015.11.18-01.58.00:138][636]LogModuleManager: Shutting down and abandoning module CollisionAnalyzer (74)
[2015.11.18-01.58.00:138][636]LogModuleManager: Shutting down and abandoning module WorkspaceMenuStructure (73)
[2015.11.18-01.58.00:138][636]LogModuleManager: Shutting down and abandoning module MessageLog (72)
[2015.11.18-01.58.00:138][636]LogModuleManager: Shutting down and abandoning module Sequencer (71)
[2015.11.18-01.58.00:138][636]LogModuleManager: Shutting down and abandoning module AssetTools (70)
[2015.11.18-01.58.00:139][636]LogModuleManager: Shutting down and abandoning module UMGEditor (69)
[2015.11.18-01.58.00:139][636]LogModuleManager: Shutting down and abandoning module UMG (68)
[2015.11.18-01.58.00:139][636]LogModuleManager: Shutting down and abandoning module Slate (67)
[2015.11.18-01.58.00:139][636]LogModuleManager: Shutting down and abandoning module EditorStyle (66)
[2015.11.18-01.58.00:142][636]LogModuleManager: Shutting down and abandoning module SessionServices (65)
[2015.11.18-01.58.00:142][636]LogModuleManager: Shutting down and abandoning module SourceCodeAccess (64)
[2015.11.18-01.58.00:142][636]LogModuleManager: Shutting down and abandoning module HeadMountedDisplay (63)
[2015.11.18-01.58.00:142][636]LogModuleManager: Shutting down and abandoning module XAudio2 (62)
[2015.11.18-01.58.00:142][636]LogModuleManager: Shutting down and abandoning module Networking (60)
[2015.11.18-01.58.00:142][636]LogModuleManager: Shutting down and abandoning module Core (59)
[2015.11.18-01.58.00:142][636]LogModuleManager: Shutting down and abandoning module KismetCompiler (58)
[2015.11.18-01.58.00:142][636]LogModuleManager: Shutting down and abandoning module PhysXFormats (57)
[2015.11.18-01.58.00:142][636]LogModuleManager: Shutting down and abandoning module MeshUtilities (56)
[2015.11.18-01.58.00:142][636]LogModuleManager: Shutting down and abandoning module CookingStats (55)
[2015.11.18-01.58.00:144][636]LogModuleManager: Shutting down and abandoning module DerivedDataCache (54)
[2015.11.18-01.58.00:187][636]LogDerivedDataCache: Shutdown
[2015.11.18-01.58.00:187][636]LogModuleManager: Shutting down and abandoning module ShaderFormatOpenGL (53)
[2015.11.18-01.58.00:187][636]LogModuleManager: Shutting down and abandoning module ShaderFormatD3D (52)
[2015.11.18-01.58.00:187][636]LogModuleManager: Shutting down and abandoning module MetalShaderFormat (51)
[2015.11.18-01.58.00:187][636]LogModuleManager: Shutting down and abandoning module TextureFormatUncompressed (50)
[2015.11.18-01.58.00:187][636]LogModuleManager: Shutting down and abandoning module TextureFormatPVR (49)
[2015.11.18-01.58.00:187][636]LogModuleManager: Shutting down and abandoning module TextureFormatIntelISPCTexComp (48)
[2015.11.18-01.58.00:187][636]LogModuleManager: Shutting down and abandoning module TextureFormatDXT (47)
[2015.11.18-01.58.00:187][636]LogModuleManager: Shutting down and abandoning module ImageWrapper (46)
[2015.11.18-01.58.00:187][636]LogModuleManager: Shutting down and abandoning module TextureFormatASTC (45)
[2015.11.18-01.58.00:187][636]LogModuleManager: Shutting down and abandoning module TextureFormatAndroid (44)
[2015.11.18-01.58.00:187][636]LogModuleManager: Shutting down and abandoning module AudioFormatOpus (43)
[2015.11.18-01.58.00:187][636]LogModuleManager: Shutting down and abandoning module AudioFormatOgg (42)
[2015.11.18-01.58.00:187][636]LogModuleManager: Shutting down and abandoning module AudioFormatADPCM (41)
[2015.11.18-01.58.00:187][636]LogModuleManager: Shutting down and abandoning module LinuxTargetPlatform (40)
[2015.11.18-01.58.00:187][636]LogModuleManager: Shutting down and abandoning module LinuxServerTargetPlatform (39)
[2015.11.18-01.58.00:187][636]LogModuleManager: Shutting down and abandoning module LinuxNoEditorTargetPlatform (38)
[2015.11.18-01.58.00:187][636]LogModuleManager: Shutting down and abandoning module Messaging (37)
[2015.11.18-01.58.00:187][636]LogModuleManager: Shutting down and abandoning module IOSTargetPlatform (36)
[2015.11.18-01.58.00:187][636]LogModuleManager: Shutting down and abandoning module HTML5TargetPlatform (35)
[2015.11.18-01.58.00:187][636]LogModuleManager: Shutting down and abandoning module Android_PVRTCTargetPlatform (34)
[2015.11.18-01.58.00:187][636]LogModuleManager: Shutting down and abandoning module Android_ETC2TargetPlatform (33)
[2015.11.18-01.58.00:187][636]LogModuleManager: Shutting down and abandoning module Android_ETC1TargetPlatform (32)
[2015.11.18-01.58.00:187][636]LogModuleManager: Shutting down and abandoning module Android_DXTTargetPlatform (31)
[2015.11.18-01.58.00:187][636]LogModuleManager: Shutting down and abandoning module Android_ATCTargetPlatform (30)
[2015.11.18-01.58.00:187][636]LogModuleManager: Shutting down and abandoning module Android_ASTCTargetPlatform (29)
[2015.11.18-01.58.00:187][636]LogModuleManager: Shutting down and abandoning module AndroidTargetPlatform (28)
[2015.11.18-01.58.00:187][636]LogModuleManager: Shutting down and abandoning module WindowsTargetPlatform (27)
[2015.11.18-01.58.00:187][636]LogModuleManager: Shutting down and abandoning module WindowsServerTargetPlatform (26)
[2015.11.18-01.58.00:187][636]LogModuleManager: Shutting down and abandoning module WindowsNoEditorTargetPlatform (25)
[2015.11.18-01.58.00:187][636]LogModuleManager: Shutting down and abandoning module WindowsClientTargetPlatform (24)
[2015.11.18-01.58.00:187][636]LogModuleManager: Shutting down and abandoning module AllDesktopTargetPlatform (23)
[2015.11.18-01.58.00:187][636]LogModuleManager: Shutting down and abandoning module TargetPlatform (22)
[2015.11.18-01.58.00:187][636]LogModuleManager: Shutting down and abandoning module InputCore (21)
[2015.11.18-01.58.00:187][636]LogModuleManager: Shutting down and abandoning module Settings (20)
[2015.11.18-01.58.00:187][636]LogModuleManager: Shutting down and abandoning module OnlineSubsystem (18)
[2015.11.18-01.58.00:188][636]LogModuleManager: Shutting down and abandoning module HTTP (17)
[2015.11.18-01.58.02:191][636]LogModuleManager: Shutting down and abandoning module XMPP (16)
[2015.11.18-01.58.02:191][636]LogModuleManager: Shutting down and abandoning module ExampleDeviceProfileSelector (15)
[2015.11.18-01.58.02:191][636]LogModuleManager: Shutting down and abandoning module TextureCompressor (14)
[2015.11.18-01.58.02:191][636]LogModuleManager: Shutting down and abandoning module ShaderCore (13)
[2015.11.18-01.58.02:191][636]LogModuleManager: Shutting down and abandoning module Landscape (12)
[2015.11.18-01.58.02:191][636]LogModuleManager: Shutting down and abandoning module SlateRHIRenderer (11)
[2015.11.18-01.58.02:221][636]LogModuleManager: Shutting down and abandoning module OpenGLDrv (10)
[2015.11.18-01.58.02:221][636]LogModuleManager: Shutting down and abandoning module D3D11RHI (9)
[2015.11.18-01.58.02:221][636]LogModuleManager: Shutting down and abandoning module AnimGraphRuntime (8)
[2015.11.18-01.58.02:221][636]LogModuleManager: Shutting down and abandoning module Renderer (7)
[2015.11.18-01.58.02:221][636]LogModuleManager: Shutting down and abandoning module Engine (6)
[2015.11.18-01.58.02:222][636]LogModuleManager: Shutting down and abandoning module CoreUObject (5)
[2015.11.18-01.58.02:222][636]LogModuleManager: Shutting down and abandoning module NetworkFile (4)
[2015.11.18-01.58.02:222][636]LogModuleManager: Shutting down and abandoning module StreamingFile (3)
[2015.11.18-01.58.02:222][636]LogModuleManager: Shutting down and abandoning module SandboxFile (2)
[2015.11.18-01.58.02:222][636]LogModuleManager: Shutting down and abandoning module PakFile (1)
[2015.11.18-01.58.02:223][636]LogExit: Exiting.
[2015.11.18-01.58.02:259][636]Log file closed, 11/17/15 20:58:02
