[2015.11.21-02.31.14:654][  0]Log file open, 11/20/15 21:31:14
[2015.11.21-02.31.14:654][  0]LogInit:Display: Running engine for game: Lluvia_2
[2015.11.21-02.31.14:654][  0]LogInit:Display: RandInit(-2016013623) SRandInit(-2016013623).
[2015.11.21-02.31.14:654][  0]LogTaskGraph: Started task graph with 4 named threads and 5 total threads.
[2015.11.21-02.31.14:654][  0]LogStats: Stats thread started at 0.505657
[2015.11.21-02.31.14:654][  0]LogInit: Version: 4.9.2-2707645+++depot+UE4-Releases+4.9
[2015.11.21-02.31.14:654][  0]LogInit: API Version: 2672455
[2015.11.21-02.31.14:654][  0]LogInit: Compiled (64-bit): Sep 28 2015 10:25:44
[2015.11.21-02.31.14:654][  0]LogInit: Compiled with Visual C++: 18.00.21005.01
[2015.11.21-02.31.14:654][  0]LogInit: Build Configuration: Development
[2015.11.21-02.31.14:654][  0]LogInit: Branch Name: ++depot+UE4-Releases+4.9
[2015.11.21-02.31.14:654][  0]LogInit: Command line:  
[2015.11.21-02.31.14:654][  0]LogInit: Base directory: C:/Program Files/Epic Games/4.9/Engine/Binaries/Win64/
[2015.11.21-02.31.14:654][  0]LogInit: Rocket: 1
[2015.11.21-02.31.14:664][  0]LogInit: Using libcurl 7.41.0
[2015.11.21-02.31.14:664][  0]LogInit:  - built for x86_64-pc-win32
[2015.11.21-02.31.14:664][  0]LogInit:  - supports SSL with WinSSL
[2015.11.21-02.31.14:664][  0]LogInit:  - other features:
[2015.11.21-02.31.14:664][  0]LogInit:      CURL_VERSION_SSL
[2015.11.21-02.31.14:664][  0]LogInit:      CURL_VERSION_IPV6
[2015.11.21-02.31.14:664][  0]LogInit:      CURL_VERSION_ASYNCHDNS
[2015.11.21-02.31.14:664][  0]LogInit:      CURL_VERSION_LARGEFILE
[2015.11.21-02.31.14:664][  0]LogInit:      CURL_VERSION_IDN
[2015.11.21-02.31.14:664][  0]LogInit:  CurlRequestOptions (configurable via config and command line):
[2015.11.21-02.31.14:664][  0]LogInit:  - bVerifyPeer = true  - Libcurl will verify peer certificate
[2015.11.21-02.31.14:664][  0]LogInit:  - bUseHttpProxy = false  - Libcurl will NOT use HTTP proxy
[2015.11.21-02.31.14:664][  0]LogInit:  - bDontReuseConnections = false  - Libcurl will reuse connections
[2015.11.21-02.31.14:664][  0]LogInit:  - CertBundlePath = nullptr  - Libcurl will use whatever was configured at build time.
[2015.11.21-02.31.14:714][  0]LogInit: Presizing for 0 objects not considered by GC, pre-allocating 0 bytes.
[2015.11.21-02.31.14:720][  0]LogInit: Object subsystem initialized
[2015.11.21-02.31.14:790][  0]LogInit: Selected Device Profile: [Windows]
[2015.11.21-02.31.14:790][  0]LogInit: Applying CVar settings loaded from the selected device profile: [Windows]
[2015.11.21-02.31.14:848][  0]LogInit: Computer: JORGE
[2015.11.21-02.31.14:848][  0]LogInit: User: Jorge
[2015.11.21-02.31.14:848][  0]LogInit: CPU Page size=4096, Cores=2
[2015.11.21-02.31.14:848][  0]LogInit: High frequency timer resolution =2.533196 MHz
[2015.11.21-02.31.14:848][  0]LogMemory: Memory total: Physical=11.9GB (12GB approx)
[2015.11.21-02.31.14:849][  0]LogMemory: Platform Memory Stats for Windows
[2015.11.21-02.31.14:849][  0]LogMemory: Process Physical Memory: 53.80 MB used, 53.80 MB peak
[2015.11.21-02.31.14:849][  0]LogMemory: Process Virtual Memory: 55.13 MB used, 55.13 MB peak
[2015.11.21-02.31.14:849][  0]LogMemory: Physical Memory: 3290.80 MB used, 12208.14 MB total
[2015.11.21-02.31.14:849][  0]LogMemory: Virtual Memory: 363.46 MB used, 134217728.00 MB total
[2015.11.21-02.31.16:507][  0]LogD3D11RHI: Found D3D11 adapter 0: Intel(R) HD Graphics Family (Feature Level 11_0)
[2015.11.21-02.31.16:507][  0]LogD3D11RHI: Adapter has 112MB of dedicated video memory, 0MB of dedicated system memory, and 6104MB of shared system memory, 1 output[s]
[2015.11.21-02.31.17:437][  0]LogD3D11RHI: Found D3D11 adapter 1: AMD Radeon R7 M260 (Feature Level 11_0)
[2015.11.21-02.31.17:437][  0]LogD3D11RHI: Adapter has 2035MB of dedicated video memory, 0MB of dedicated system memory, and 6104MB of shared system memory, 0 output[s]
[2015.11.21-02.31.17:444][  0]LogD3D11RHI: Found D3D11 adapter 2: Microsoft Basic Render Driver (Feature Level 11_0)
[2015.11.21-02.31.17:444][  0]LogD3D11RHI: Adapter has 0MB of dedicated video memory, 0MB of dedicated system memory, and 6104MB of shared system memory, 0 output[s]
[2015.11.21-02.31.17:444][  0]LogD3D11RHI: Chosen D3D11 Adapter Id = 0
[2015.11.21-02.31.17:456][  0]LogD3D11RHI: !Direct3DDevice
[2015.11.21-02.31.17:456][  0]LogRHI: Texture pool is 1361 MB (70% of 1945 MB)
[2015.11.21-02.31.17:472][  0]LogD3D11RHI: Async texture creation enabled
[2015.11.21-02.31.17:483][  0]LogShaderCompilers: Guid format shader working directory is 15 characters bigger than the processId version (../../../../../../Users/Daniel/Desktop/Dani/Proyectos RV/Lluvia/Lluvia_2/Intermediate/Shaders/WorkingDirectory/7304/).
[2015.11.21-02.31.17:484][  0]LogShaderCompilers: Cleaned the shader compiler working directory '../../../../../../Users/Daniel/Desktop/Dani/Proyectos RV/Lluvia/Lluvia_2/Intermediate/Shaders/tmp/EE63E09A438F82CB323B8E8068D3993A/'.
[2015.11.21-02.31.17:484][  0]LogShaderCompilers:Display: Using Local Shader Compiler.
[2015.11.21-02.31.21:048][  0]LogTemp:Display: Loaded TP AllDesktopTargetPlatform
[2015.11.21-02.31.21:055][  0]LogTemp:Display: Loaded TP WindowsClientTargetPlatform
[2015.11.21-02.31.21:062][  0]LogTemp:Display: Loaded TP WindowsNoEditorTargetPlatform
[2015.11.21-02.31.21:069][  0]LogTemp:Display: Loaded TP WindowsServerTargetPlatform
[2015.11.21-02.31.21:075][  0]LogTemp:Display: Loaded TP WindowsTargetPlatform
[2015.11.21-02.31.21:081][  0]LogTemp:Display: Loaded TP AndroidTargetPlatform
[2015.11.21-02.31.21:086][  0]LogTemp:Display: Loaded TP Android_ASTCTargetPlatform
[2015.11.21-02.31.21:091][  0]LogTemp:Display: Loaded TP Android_ATCTargetPlatform
[2015.11.21-02.31.21:096][  0]LogTemp:Display: Loaded TP Android_DXTTargetPlatform
[2015.11.21-02.31.21:101][  0]LogTemp:Display: Loaded TP Android_ETC1TargetPlatform
[2015.11.21-02.31.21:105][  0]LogTemp:Display: Loaded TP Android_ETC2TargetPlatform
[2015.11.21-02.31.21:110][  0]LogTemp:Display: Loaded TP Android_PVRTCTargetPlatform
[2015.11.21-02.31.21:111][  0]LogTemp:Display: Loaded TP HTML5TargetPlatform
[2015.11.21-02.31.21:132][  0]LogTemp:Display: Loaded TP IOSTargetPlatform
[2015.11.21-02.31.21:137][  0]LogTemp:Display: Loaded TP LinuxNoEditorTargetPlatform
[2015.11.21-02.31.21:141][  0]LogTemp:Display: Loaded TP LinuxServerTargetPlatform
[2015.11.21-02.31.21:147][  0]LogTemp:Display: Loaded TP LinuxTargetPlatform
[2015.11.21-02.31.21:147][  0]LogTargetPlatformManager:Display: Building Assets For Windows
[2015.11.21-02.31.21:529][  0]LogDerivedDataCache:Display: Max Cache Size: 512 MB
[2015.11.21-02.31.22:052][  0]LogDerivedDataCache: Loaded boot cache 0.52s 44MB C:/Users/Daniel/AppData/Local/UnrealEngine/4.9/DerivedDataCache/Boot.ddc.
[2015.11.21-02.31.22:052][  0]LogDerivedDataCache:Display: Loaded Boot cache: C:/Users/Daniel/AppData/Local/UnrealEngine/4.9/DerivedDataCache/Boot.ddc
[2015.11.21-02.31.22:053][  0]LogDerivedDataCache: FDerivedDataBackendGraph:  Pak pak cache file ../../../../../../Users/Daniel/Desktop/Dani/Proyectos RV/Lluvia/Lluvia_2/DerivedDataCache/DDC.ddp not found, will not use a pak cache.
[2015.11.21-02.31.22:053][  0]LogDerivedDataCache: Unable to find inner node Pak for hierarchical cache Hierarchy.
[2015.11.21-02.31.22:053][  0]LogDerivedDataCache: FDerivedDataBackendGraph:  CompressedPak pak cache file ../../../../../../Users/Daniel/Desktop/Dani/Proyectos RV/Lluvia/Lluvia_2/DerivedDataCache/Compressed.ddp not found, will not use a pak cache.
[2015.11.21-02.31.22:053][  0]LogDerivedDataCache: Unable to find inner node CompressedPak for hierarchical cache Hierarchy.
[2015.11.21-02.31.22:261][  0]LogDerivedDataCache:Display: Pak cache opened for reading ../../../Engine/DerivedDataCache/Compressed.ddp.
[2015.11.21-02.31.22:273][  0]LogDerivedDataCache: Using Local data cache path C:/Users/Daniel/AppData/Local/UnrealEngine/Common/DerivedDataCache: Writable
[2015.11.21-02.31.24:064][  0]LogInit: Selected Device Profile: [Windows]
[2015.11.21-02.31.24:102][  0]LogContentStreaming: Texture pool size is 0.000000MB
[2015.11.21-02.31.24:402][  0]LogMeshUtilities: No automatic mesh reduction module available
[2015.11.21-02.31.24:402][  0]LogMeshUtilities: No automatic mesh merging module available
[2015.11.21-02.31.25:995][  0]LogInit: WinSock: version 1.1 (2.2), MaxSocks=32767, MaxUdp=65467
[2015.11.21-02.31.43:350][  0]UdpMessaging: Initializing bridge on interface 0.0.0.0:0 to multicast group 230.0.0.1:6666.
[2015.11.21-02.31.43:894][  0]LogAssetRegistry: FAssetRegistry took 0.0107 seconds to start up
[2015.11.21-02.31.45:169][  0]SourceControl: Info Source control is disabled
[2015.11.21-02.31.45:928][  0]SourceControl: Info Source control is disabled
[2015.11.21-02.31.45:942][  0]SourceControl: Info Source control is disabled
[2015.11.21-02.31.46:214][  0]SourceControl: Info Source control is disabled
[2015.11.21-02.31.46:940][  0]LogLinker:Warning: Asset '../../../Engine/Plugins/Runtime/LeapMotionController/Content/LM_PassthroughMaterial.uasset' has been saved with empty engine version. The asset will be loaded but may be incompatible.
[2015.11.21-02.31.47:161][  0]LogObj: 28361 objects as part of root set at end of initial load.
[2015.11.21-02.31.47:161][  0]LogUObjectAllocator: 6038872 out of 0 bytes used by permanent object pool.
[2015.11.21-02.31.47:409][  0]LogEngine: Initializing Engine...
[2015.11.21-02.31.47:413][  0]LogHMD: Can't find Oculus library dev build: is proper Runtime installed? Version: 0.7.0.0
[2015.11.21-02.31.47:460][  0]LogHMD: SteamVR failed to initialize.  Err: 110
[2015.11.21-02.31.48:388][  0]LogAIModule: Creating AISystem for world NewWorld
[2015.11.21-02.31.48:457][  0]LogInit: XAudio2 using 'Speakers (Conexant SmartAudio HD)' : 2 channels at 48 kHz using 32 bits per sample (channel mask 0x3)
[2015.11.21-02.31.48:637][  0]LogInit: FAudioDevice initialized.
[2015.11.21-02.31.48:663][  0]LogDerivedDataCache: Saved boot cache 0.03s 44MB C:/Users/Daniel/AppData/Local/UnrealEngine/4.9/DerivedDataCache/Boot.ddc.
[2015.11.21-02.31.48:668][  0]LogInit: Texture streaming: Enabled
[2015.11.21-02.31.48:677][  0]LogAnalytics: Creating configured Analytics provider AnalyticsET
[2015.11.21-02.31.48:677][  0]LogAnalytics: [UEEditor.Rocket.Release] APIServer = http://et2.epicgames.com/ET2/. AppVersion = 4.9.2-2707645+++depot+UE4-Releases+4.9
[2015.11.21-02.31.48:677][  0]LogAnalytics: [UEEditor.Rocket.Release] SetUserId 02a92638413d6e9abea5c7aca5f6540a|3349b03e2e674c09ae8b169d1df5bddf|a6273b8f-85b9-4f16-b013-14ad0d925f1f
[2015.11.21-02.31.48:677][  0]LogAnalytics: [UEEditor.Rocket.Release] AnalyticsET::StartSession
[2015.11.21-02.31.48:771][  0]LogWindowsTextInputMethodSystem:Display: IME system now deactivated.
[2015.11.21-02.31.48:799][  0]LogInit: Transaction tracking system initialized
[2015.11.21-02.31.48:845][  0]BlueprintLog: New page: Editor Load
[2015.11.21-02.31.49:615][  0]LocalizationService: Info Localization service is disabled
[2015.11.21-02.31.50:445][  0]LogConsoleResponse:Display: 
[2015.11.21-02.31.53:659][  0]LogCook:Display: Done creating registry. It took  0.00s.
[2015.11.21-02.31.54:089][  0]LogFileCache: Scanning file cache for directory 'C:/Users/Daniel/Desktop/Dani/Proyectos RV/Lluvia/Lluvia_2/Content/' took 0.01s
[2015.11.21-02.31.54:136][  0]SourceControl: Info Source control is disabled
[2015.11.21-02.31.54:136][  0]Cmd: MAP LOAD FILE="../../../../../../Users/Daniel/Desktop/Dani/Proyectos RV/Lluvia/Lluvia_2/Content/FirstPersonBP/Maps/FirstPersonExampleMap.umap" TEMPLATE=0 SHOWPROGRESS=1 FEATURELEVEL=3
[2015.11.21-02.31.54:338][  0]LightingResults: New page: Lighting Build
[2015.11.21-02.31.54:343][  0]MapCheck: New page: Map Check
[2015.11.21-02.31.54:343][  0]LightingResults: New page: Lighting Build
[2015.11.21-02.31.55:016][  0]LogParticles: Destroying 0 GPU particle simulations for FXSystem 0x00000048C3EEBCE0
[2015.11.21-02.31.55:016][  0]LogLinker:Warning: Asset '../../../../../../Users/Daniel/Desktop/Dani/Proyectos RV/Lluvia/Lluvia_2/Content/FirstPersonBP/Blueprints/FirstPersonProjectile.uasset' has been saved with empty engine version. The asset will be loaded but may be incompatible.
[2015.11.21-02.31.55:059][  0]LogLinker:Warning: Asset '../../../../../../Users/Daniel/Desktop/Dani/Proyectos RV/Lluvia/Lluvia_2/Content/FirstPerson/Meshes/FirstPersonProjectileMesh.uasset' has been saved with empty engine version. The asset will be loaded but may be incompatible.
[2015.11.21-02.32.02:057][  0]LogAIModule: Creating AISystem for world FirstPersonExampleMap
[2015.11.21-02.32.02:159][  0]LogEditorServer: Finished looking for orphan Actors (0.000 secs)
[2015.11.21-02.32.02:160][  0]Cmd: MAP CHECKDEP NOCLEARLOG
[2015.11.21-02.32.02:323][  0]MapCheck: Info Map check complete: 0 Error(s), 0 Warning(s), took 163.506ms to complete.
[2015.11.21-02.32.02:323][  0]LogFileHelpers: Loading map 'FirstPersonExampleMap' took 8.187
[2015.11.21-02.32.02:526][  0]LogCollectionManager: Loaded 0 collections in 0.004262 seconds
[2015.11.21-02.32.02:575][  0]LogFileCache: Scanning file cache for directory 'C:/Users/Daniel/Desktop/Dani/Proyectos RV/Lluvia/Lluvia_2/Saved/Collections/' took 0.01s
[2015.11.21-02.32.02:575][  0]LogFileCache: Scanning file cache for directory 'C:/Users/Daniel/Desktop/Dani/Proyectos RV/Lluvia/Lluvia_2/Content/Developers/Jorge/Collections/' took 0.01s
[2015.11.21-02.32.02:575][  0]LogFileCache: Scanning file cache for directory 'C:/Users/Daniel/Desktop/Dani/Proyectos RV/Lluvia/Lluvia_2/Content/Collections/' took 0.01s
[2015.11.21-02.32.02:575][  0]LogContentBrowser: Native class hierarchy populated in 0.0132 seconds. Added 1867 classes and 333 folders.
[2015.11.21-02.32.02:584][  0]LogCollectionManager: Rebuilt the GUID cache for 0 collections in 0.000010 seconds
[2015.11.21-02.32.02:594][  0]LogContentBrowser: Native class hierarchy updated for 'WidgetCarousel' in 0.0004 seconds. Added 0 classes and 0 folders.
[2015.11.21-02.32.03:680][  0]LogContentBrowser: Native class hierarchy updated for 'AddContentDialog' in 0.0006 seconds. Added 0 classes and 0 folders.
[2015.11.21-02.32.03:686][  0]LogContentBrowser: Native class hierarchy updated for 'SceneOutliner' in 0.0006 seconds. Added 1 classes and 2 folders.
[2015.11.21-02.32.03:902][  0]LogCrashTracker: Crashtracker disabled due to settings.
[2015.11.21-02.32.03:907][  0]LogUObjectGlobals:Warning: Failed to find object 'Class None.'
[2015.11.21-02.32.03:930][  0]LogLoad: Full Startup: 50.82 seconds (BP compile: 0.25 seconds)
[2015.11.21-02.32.04:030][  0]LogContentStreaming: Texture pool size now 200 MB
[2015.11.21-02.32.04:287][  0]LogRenderer: Reallocating scene render targets to support 724x296 (Frame:2).
[2015.11.21-02.32.04:942][  5]LogAssetRegistry: Asset discovery search completed in 21.0586 seconds
[2015.11.21-02.32.04:942][  5]LogCollectionManager: Rebuilt the object cache for 0 collections in 0.000002 seconds (found 0 objects)
[2015.11.21-02.32.04:942][  5]LogCollectionManager: Fixed up redirectors for 0 collections in 0.000061 seconds (updated 0 objects)
[2015.11.21-02.32.07:723][210]LogContentBrowser: Native class hierarchy updated for 'Cascade' in 0.0004 seconds. Added 2 classes and 2 folders.
[2015.11.21-02.32.08:096][210]LogMaterial: Missing cached shader map for material Mat_Lluvia, compiling. 
[2015.11.21-02.32.08:266][210]LogMaterial: Missing cached shader map for material Mat_Lluvia, compiling. 
[2015.11.21-02.32.08:274][210]LogMaterial: 0.000059 seconds spent updating 1 materials, 1 interfaces, 0 instances, 0 with static permutations.
[2015.11.21-02.32.08:303][210]LogMaterial: Missing cached shader map for material FMatExpressionPreview MaterialExpressionTextureSample_0, compiling. 
[2015.11.21-02.32.08:320][210]LogMaterial: Missing cached shader map for material FMatExpressionPreview MaterialExpressionTextureSample_1, compiling. 
[2015.11.21-02.32.08:393][210]LogLinker:Warning: Asset '../../../Engine/Content/ArtTools/RenderToTexture/Macros/RenderToTextureMacros.uasset' has been saved with empty engine version. The asset will be loaded but may be incompatible.
[2015.11.21-02.32.09:808][210]LogContentBrowser: Native class hierarchy updated for 'BlueprintGraph' in 0.0014 seconds. Added 107 classes and 0 folders.
[2015.11.21-02.32.16:579][429]MaterialEditorStats: Info Base pass shader without light map: 6 instructions
[2015.11.21-02.32.16:579][429]MaterialEditorStats: Info Vertex shader: 70 instructions
[2015.11.21-02.32.16:579][429]MaterialEditorStats: Info Texture samplers: 4/16
[2015.11.21-02.32.30:011][654]LogAIModule: Creating AISystem for world Casa
[2015.11.21-02.32.30:039][654]LogParticles:Warning: InitializeSystem called on an unregistered component. Template=/Game/Lluvia_Afuera.Lluvia_Afuera Component=/Game/Maps/Casa.Casa:PersistentLevel.Lluvia_Afuera2.ParticleSystemComponent0
[2015.11.21-02.32.30:040][654]LogParticles:Warning: InitializeSystem called on an unregistered component. Template=/Game/Lluvia_Afuera.Lluvia_Afuera Component=/Game/Maps/Casa.Casa:PersistentLevel.Lluvia_Afuera3.ParticleSystemComponent0
[2015.11.21-02.32.30:040][654]LogParticles:Warning: InitializeSystem called on an unregistered component. Template=/Game/Lluvia_Afuera.Lluvia_Afuera Component=/Game/Maps/Casa.Casa:PersistentLevel.Lluvia_Afuera4.ParticleSystemComponent0
[2015.11.21-02.32.30:040][654]LogParticles:Warning: InitializeSystem called on an unregistered component. Template=/Game/Lluvia_Afuera.Lluvia_Afuera Component=/Game/Maps/Casa.Casa:PersistentLevel.Lluvia_Afuera5.ParticleSystemComponent0
[2015.11.21-02.32.30:040][654]LogParticles:Warning: InitializeSystem called on an unregistered component. Template=/Game/Lluvia_Afuera.Lluvia_Afuera Component=/Game/Maps/Casa.Casa:PersistentLevel.Lluvia_Afuera6.ParticleSystemComponent0
[2015.11.21-02.32.30:040][654]LogParticles:Warning: InitializeSystem called on an unregistered component. Template=/Game/Lluvia_Afuera.Lluvia_Afuera Component=/Game/Maps/Casa.Casa:PersistentLevel.Lluvia_Afuera7.ParticleSystemComponent0
[2015.11.21-02.32.30:040][654]LogParticles:Warning: InitializeSystem called on an unregistered component. Template=/Game/Lluvia_Afuera.Lluvia_Afuera Component=/Game/Maps/Casa.Casa:PersistentLevel.Lluvia_Afuera10.ParticleSystemComponent0
[2015.11.21-02.32.30:040][654]LogParticles:Warning: InitializeSystem called on an unregistered component. Template=/Game/Lluvia_Afuera.Lluvia_Afuera Component=/Game/Maps/Casa.Casa:PersistentLevel.Lluvia_Afuera11.ParticleSystemComponent0
[2015.11.21-02.32.30:041][654]LogParticles:Warning: InitializeSystem called on an unregistered component. Template=/Game/Lluvia_Afuera.Lluvia_Afuera Component=/Game/Maps/Casa.Casa:PersistentLevel.Lluvia_Afuera12.ParticleSystemComponent0
[2015.11.21-02.32.30:041][654]LogParticles:Warning: InitializeSystem called on an unregistered component. Template=/Game/Lluvia_Afuera.Lluvia_Afuera Component=/Game/Maps/Casa.Casa:PersistentLevel.Lluvia_Afuera13.ParticleSystemComponent0
[2015.11.21-02.32.30:041][654]LogParticles:Warning: InitializeSystem called on an unregistered component. Template=/Game/Lluvia_Afuera.Lluvia_Afuera Component=/Game/Maps/Casa.Casa:PersistentLevel.Lluvia_Afuera14.ParticleSystemComponent0
[2015.11.21-02.32.30:041][654]LogParticles:Warning: InitializeSystem called on an unregistered component. Template=/Game/Lluvia_Afuera.Lluvia_Afuera Component=/Game/Maps/Casa.Casa:PersistentLevel.Lluvia_Afuera8_24.ParticleSystemComponent0
[2015.11.21-02.32.30:041][654]LogParticles:Warning: InitializeSystem called on an unregistered component. Template=/Game/Lluvia_Afuera.Lluvia_Afuera Component=/Game/Maps/Casa.Casa:PersistentLevel.Lluvia_Afuera9_27.ParticleSystemComponent0
[2015.11.21-02.32.30:041][654]LogParticles:Warning: InitializeSystem called on an unregistered component. Template=/Game/Lluvia_Afuera.Lluvia_Afuera Component=/Game/Maps/Casa.Casa:PersistentLevel.Lluvia_Afuera15.ParticleSystemComponent0
[2015.11.21-02.32.30:041][654]LogParticles:Warning: InitializeSystem called on an unregistered component. Template=/Game/Lluvia_Afuera.Lluvia_Afuera Component=/Game/Maps/Casa.Casa:PersistentLevel.Lluvia_Afuera16.ParticleSystemComponent0
[2015.11.21-02.32.30:041][654]LogParticles:Warning: InitializeSystem called on an unregistered component. Template=/Game/Lluvia_Afuera.Lluvia_Afuera Component=/Game/Maps/Casa.Casa:PersistentLevel.Lluvia_Afuera17.ParticleSystemComponent0
[2015.11.21-02.32.30:042][654]LogParticles:Warning: InitializeSystem called on an unregistered component. Template=/Game/Lluvia_Afuera.Lluvia_Afuera Component=/Game/Maps/Casa.Casa:PersistentLevel.Lluvia_Afuera18.ParticleSystemComponent0
[2015.11.21-02.32.30:042][654]LogParticles:Warning: InitializeSystem called on an unregistered component. Template=/Game/Lluvia_Afuera.Lluvia_Afuera Component=/Game/Maps/Casa.Casa:PersistentLevel.Lluvia_Afuera19.ParticleSystemComponent0
[2015.11.21-02.32.30:042][654]LogParticles:Warning: InitializeSystem called on an unregistered component. Template=/Game/Lluvia_Afuera.Lluvia_Afuera Component=/Game/Maps/Casa.Casa:PersistentLevel.Lluvia_Afuera21.ParticleSystemComponent0
[2015.11.21-02.32.30:042][654]LogParticles:Warning: InitializeSystem called on an unregistered component. Template=/Game/Lluvia_Afuera.Lluvia_Afuera Component=/Game/Maps/Casa.Casa:PersistentLevel.Lluvia_Afuera22.ParticleSystemComponent0
[2015.11.21-02.32.30:042][654]LogParticles:Warning: InitializeSystem called on an unregistered component. Template=/Game/Lluvia_Afuera.Lluvia_Afuera Component=/Game/Maps/Casa.Casa:PersistentLevel.Lluvia_Afuera23.ParticleSystemComponent0
[2015.11.21-02.32.30:042][654]LogParticles:Warning: InitializeSystem called on an unregistered component. Template=/Game/Lluvia_Afuera.Lluvia_Afuera Component=/Game/Maps/Casa.Casa:PersistentLevel.Lluvia_Afuera24.ParticleSystemComponent0
[2015.11.21-02.32.30:154][654]Cmd: MAP LOAD FILE="../../../../../../Users/Daniel/Desktop/Dani/Proyectos RV/Lluvia/Lluvia_2/Content/Maps/Casa.umap" TEMPLATE=0 SHOWPROGRESS=1 FEATURELEVEL=3
[2015.11.21-02.32.30:155][654]LightingResults: New page: Lighting Build
[2015.11.21-02.32.30:172][654]LoadErrors: New page: Loading map: Casa.umap
[2015.11.21-02.32.30:173][654]MapCheck: New page: Map Check
[2015.11.21-02.32.30:173][654]LightingResults: New page: Lighting Build
[2015.11.21-02.32.30:207][654]LogParticles: Destroying 0 GPU particle simulations for FXSystem 0x00000048B39C6520
[2015.11.21-02.32.30:222][654]LogEditorServer: Finished looking for orphan Actors (0.000 secs)
[2015.11.21-02.32.30:273][654]Cmd: MAP CHECKDEP NOCLEARLOG
[2015.11.21-02.32.30:435][654]MapCheck: Info Map check complete: 0 Error(s), 0 Warning(s), took 160.841ms to complete.
[2015.11.21-02.32.30:436][654]LogFileHelpers: Loading map 'Casa' took 0.282
[2015.11.21-02.32.32:528][720]LogPlayLevel: PlayLevel: No blueprints needed recompiling
[2015.11.21-02.32.32:559][720]PIE: New page: PIE session: Casa (Nov 20, 2015, 4:32:32 PM)
[2015.11.21-02.32.32:559][720]LogPlayLevel: Creating play world package: /Game/Maps/UEDPIE_0_Casa
[2015.11.21-02.32.32:596][720]LogPlayLevel: PIE: StaticDuplicateObject took: (0.037409s)
[2015.11.21-02.32.32:597][720]LogAIModule: Creating AISystem for world Casa
[2015.11.21-02.32.32:597][720]LogPlayLevel: PIE: World Init took: (0.000769s)
[2015.11.21-02.32.32:597][720]LogPlayLevel: PIE: Created PIE world by copying editor world from /Game/Maps/Casa.Casa to /Game/Maps/UEDPIE_0_Casa.Casa (0.038541s)
[2015.11.21-02.32.32:675][720]LogInit: XAudio2 using 'Speakers (Conexant SmartAudio HD)' : 2 channels at 48 kHz using 32 bits per sample (channel mask 0x3)
[2015.11.21-02.32.32:723][720]LogInit: FAudioDevice initialized.
[2015.11.21-02.32.32:856][720]LogLinker:Warning: Asset '../../../../../../Users/Daniel/Desktop/Dani/Proyectos RV/Lluvia/Lluvia_2/Content/FirstPersonBP/Blueprints/FirstPersonHUD.uasset' has been saved with empty engine version. The asset will be loaded but may be incompatible.
[2015.11.21-02.32.32:914][720]LogWorld: Game class is 'FirstPersonGameMode_C'
[2015.11.21-02.32.32:949][720]LogWorld: Bringing World /Game/Maps/UEDPIE_0_Casa.Casa up for play (max tick rate 0) at 2015.11.20-21.32.32
[2015.11.21-02.32.32:949][720]LogActor:Warning: GameSession /Game/Maps/UEDPIE_0_Casa.Casa:PersistentLevel.GameSession_0 has natively added scene component(s), but none of them were set as the actor's RootComponent - picking one arbitrarily
[2015.11.21-02.32.32:949][720]LogActor:Warning: GameNetworkManager /Game/Maps/UEDPIE_0_Casa.Casa:PersistentLevel.GameNetworkManager_0 has natively added scene component(s), but none of them were set as the actor's RootComponent - picking one arbitrarily
[2015.11.21-02.32.32:951][720]LogWorld: Bringing up level for play took: 0.035391
[2015.11.21-02.32.32:974][720]PIE: Info Play in editor start time for /Game/Maps/UEDPIE_0_Casa -0.036
[2015.11.21-02.32.33:003][721]LogRenderer: Reallocating scene render targets to support 724x360 (Frame:623).
[2015.11.21-02.33.01:169][991]LogParticles: Destroying 0 GPU particle simulations for FXSystem 0x00000048A4974860
[2015.11.21-02.33.02:969][ 39]LogPlayLevel: PlayLevel: No blueprints needed recompiling
[2015.11.21-02.33.02:969][ 39]PIE: New page: PIE session: Casa (Nov 20, 2015, 4:33:02 PM)
[2015.11.21-02.33.02:969][ 39]LogPlayLevel: Creating play world package: /Game/Maps/UEDPIE_0_Casa
[2015.11.21-02.33.02:997][ 39]LogPlayLevel: PIE: StaticDuplicateObject took: (0.028535s)
[2015.11.21-02.33.02:998][ 39]LogAIModule: Creating AISystem for world Casa
[2015.11.21-02.33.02:998][ 39]LogPlayLevel: PIE: World Init took: (0.000843s)
[2015.11.21-02.33.02:998][ 39]LogPlayLevel: PIE: Created PIE world by copying editor world from /Game/Maps/Casa.Casa to /Game/Maps/UEDPIE_0_Casa.Casa (0.029704s)
[2015.11.21-02.33.03:091][ 39]LogInit: XAudio2 using 'Speakers (Conexant SmartAudio HD)' : 2 channels at 48 kHz using 32 bits per sample (channel mask 0x3)
[2015.11.21-02.33.03:149][ 39]LogInit: FAudioDevice initialized.
[2015.11.21-02.33.03:183][ 39]LogWorld: Game class is 'FirstPersonGameMode_C'
[2015.11.21-02.33.03:224][ 39]LogWorld: Bringing World /Game/Maps/UEDPIE_0_Casa.Casa up for play (max tick rate 0) at 2015.11.20-21.33.03
[2015.11.21-02.33.03:224][ 39]LogActor:Warning: GameSession /Game/Maps/UEDPIE_0_Casa.Casa:PersistentLevel.GameSession_1 has natively added scene component(s), but none of them were set as the actor's RootComponent - picking one arbitrarily
[2015.11.21-02.33.03:224][ 39]LogActor:Warning: GameNetworkManager /Game/Maps/UEDPIE_0_Casa.Casa:PersistentLevel.GameNetworkManager_1 has natively added scene component(s), but none of them were set as the actor's RootComponent - picking one arbitrarily
[2015.11.21-02.33.03:227][ 39]LogWorld: Bringing up level for play took: 0.043130
[2015.11.21-02.33.03:251][ 39]PIE: Info Play in editor start time for /Game/Maps/UEDPIE_0_Casa 0.241
[2015.11.21-02.34.03:985][256]LogSpawn:Warning: SpawnActor failed because of collision at the spawn location [X=-676.695 Y=19.373 Z=954.441] for [FirstPersonProjectile_C]
[2015.11.21-02.34.04:907][292]LogSpawn:Warning: SpawnActor failed because of collision at the spawn location [X=-675.552 Y=12.703 Z=958.212] for [FirstPersonProjectile_C]
[2015.11.21-02.35.37:618][202]LogParticles: Destroying 0 GPU particle simulations for FXSystem 0x00000048B5AC9E40
[2015.11.21-02.35.42:663][211]LogCascade: Quitting Cascade. FXSystem=0x00000048CE10D4E0
[2015.11.21-02.35.44:046][211]LogCascade: Quitting Cascade. FXSystem=0x00000048F5417BA0
[2015.11.21-02.35.44:106][211]LogActorComponent: UnregisterComponent: (/Engine/Transient.FloorComponent) Not registered. Aborting.
[2015.11.21-02.35.44:143][211]LogWindowsTextInputMethodSystem:Display: IME system now deactivated.
[2015.11.21-02.35.44:815][212]Cmd: QUIT_EDITOR
[2015.11.21-02.35.46:071][212]LogExit: Preparing to exit.
[2015.11.21-02.35.47:129][212]LogExit: Editor shut down
[2015.11.21-02.35.47:130][212]LogExit: Transaction tracking system shut down
[2015.11.21-02.35.47:132][212]LogParticles: Destroying 0 GPU particle simulations for FXSystem 0x00000048CDF5FB00
[2015.11.21-02.35.47:132][212]LogParticles: Destroying 0 GPU particle simulations for FXSystem 0x00000048D36FA840
[2015.11.21-02.35.47:132][212]LogParticles: Destroying 0 GPU particle simulations for FXSystem 0x00000048D36FA980
[2015.11.21-02.35.47:133][212]LogParticles: Destroying 0 GPU particle simulations for FXSystem 0x00000048CE10D4E0
[2015.11.21-02.35.47:144][212]LogParticles: Destroying 0 GPU particle simulations for FXSystem 0x00000048EB394D60
[2015.11.21-02.35.47:144][212]LogParticles: Destroying 0 GPU particle simulations for FXSystem 0x00000048EF176AC0
[2015.11.21-02.35.47:150][212]LogParticles: Destroying 0 GPU particle simulations for FXSystem 0x00000048F5417BA0
[2015.11.21-02.35.47:154][212]LogParticles: Destroying 0 GPU particle simulations for FXSystem 0x00000048CEC9C0E0
[2015.11.21-02.35.49:073][212]LogExit: Object subsystem successfully closed.
[2015.11.21-02.35.49:182][212]LogD3D11RHI: Shutdown
[2015.11.21-02.35.49:182][212]LogD3D11RHI: CleanupD3DDevice
[2015.11.21-02.35.49:453][212]LogD3D11RHI: ~FD3D11DynamicRHI
[2015.11.21-02.35.51:691][212]LogModuleManager: Shutting down and abandoning module BlueprintGraph (201)
[2015.11.21-02.35.51:691][212]LogModuleManager: Shutting down and abandoning module MaterialEditor (200)
[2015.11.21-02.35.51:691][212]LogModuleManager: Shutting down and abandoning module DistCurveEditor (199)
[2015.11.21-02.35.51:691][212]LogModuleManager: Shutting down and abandoning module Cascade (198)
[2015.11.21-02.35.51:691][212]LogModuleManager: Shutting down and abandoning module CrashTracker (197)
[2015.11.21-02.35.51:691][212]LogModuleManager: Shutting down and abandoning module SceneOutliner (196)
[2015.11.21-02.35.51:691][212]LogModuleManager: Shutting down and abandoning module SuperSearch (195)
[2015.11.21-02.35.51:691][212]LogModuleManager: Shutting down and abandoning module WidgetCarousel (194)
[2015.11.21-02.35.51:691][212]LogModuleManager: Shutting down and abandoning module AddContentDialog (193)
[2015.11.21-02.35.51:710][212]LogModuleManager: Shutting down and abandoning module EditorWidgets (192)
[2015.11.21-02.35.51:710][212]LogModuleManager: Shutting down and abandoning module CollectionManager (191)
[2015.11.21-02.35.51:711][212]LogModuleManager: Shutting down and abandoning module StatsViewer (190)
[2015.11.21-02.35.51:744][212]LogModuleManager: Shutting down and abandoning module FoliageEdit (189)
[2015.11.21-02.35.51:752][212]LogModuleManager: Shutting down and abandoning module LandscapeEditor (188)
[2015.11.21-02.35.51:807][212]LogModuleManager: Shutting down and abandoning module ActorPickerMode (187)
[2015.11.21-02.35.51:807][212]LogModuleManager: Shutting down and abandoning module GeometryMode (186)
[2015.11.21-02.35.51:807][212]LogModuleManager: Shutting down and abandoning module TextureAlignMode (185)
[2015.11.21-02.35.51:807][212]LogModuleManager: Shutting down and abandoning module BspMode (184)
[2015.11.21-02.35.51:807][212]LogModuleManager: Shutting down and abandoning module PlacementMode (183)
[2015.11.21-02.35.51:807][212]LogModuleManager: Shutting down and abandoning module AutomationWorker (182)
[2015.11.21-02.35.51:836][212]LogModuleManager: Shutting down and abandoning module CharacterAI (181)
[2015.11.21-02.35.51:836][212]LogModuleManager: Shutting down and abandoning module SmartSnapping (180)
[2015.11.21-02.35.51:836][212]LogModuleManager: Shutting down and abandoning module ViewportSnapping (179)
[2015.11.21-02.35.51:836][212]LogModuleManager: Shutting down and abandoning module LogVisualizer (178)
[2015.11.21-02.35.51:843][212]LogModuleManager: Shutting down and abandoning module GameProjectGeneration (177)
[2015.11.21-02.35.51:852][212]LogModuleManager: Shutting down and abandoning module IntroTutorials (176)
[2015.11.21-02.35.51:938][212]LogModuleManager: Shutting down and abandoning module EditorLiveStreaming (175)
[2015.11.21-02.35.51:938][212]LogModuleManager: Shutting down and abandoning module IOSPlatformEditor (174)
[2015.11.21-02.35.51:956][212]LogModuleManager: Shutting down and abandoning module HTML5PlatformEditor (173)
[2015.11.21-02.35.51:956][212]LogModuleManager: Shutting down and abandoning module AndroidDeviceDetection (172)
[2015.11.21-02.35.52:844][212]LogModuleManager: Shutting down and abandoning module AndroidPlatformEditor (171)
[2015.11.21-02.35.52:844][212]LogModuleManager: Shutting down and abandoning module IOSRuntimeSettings (170)
[2015.11.21-02.35.52:844][212]LogModuleManager: Shutting down and abandoning module AndroidRuntimeSettings (169)
[2015.11.21-02.35.52:844][212]LogModuleManager: Shutting down and abandoning module MergeActors (168)
[2015.11.21-02.35.52:866][212]LogModuleManager: Shutting down and abandoning module SizeMap (167)
[2015.11.21-02.35.52:866][212]LogModuleManager: Shutting down and abandoning module TreeMap (166)
[2015.11.21-02.35.52:866][212]LogModuleManager: Shutting down and abandoning module ReferenceViewer (165)
[2015.11.21-02.35.52:866][212]LogModuleManager: Shutting down and abandoning module LocalizationService (164)
[2015.11.21-02.35.52:872][212]LogModuleManager: Shutting down and abandoning module LocalizationDashboard (163)
[2015.11.21-02.35.52:924][212]LogModuleManager: Shutting down and abandoning module HardwareTargeting (162)
[2015.11.21-02.35.52:924][212]LogModuleManager: Shutting down and abandoning module DeviceProfileEditor (161)
[2015.11.21-02.35.52:924][212]LogModuleManager: Shutting down and abandoning module UndoHistory (160)
[2015.11.21-02.35.52:949][212]LogModuleManager: Shutting down and abandoning module GameplayTagsEditor (159)
[2015.11.21-02.35.52:949][212]LogModuleManager: Shutting down and abandoning module UserFeedback (158)
[2015.11.21-02.35.52:949][212]LogModuleManager: Shutting down and abandoning module XmlParser (157)
[2015.11.21-02.35.52:949][212]LogModuleManager: Shutting down and abandoning module Blutility (156)
[2015.11.21-02.35.52:949][212]LogModuleManager: Shutting down and abandoning module ProjectTargetPlatformEditor (155)
[2015.11.21-02.35.52:949][212]LogModuleManager: Shutting down and abandoning module ProjectSettingsViewer (154)
[2015.11.21-02.35.52:949][212]LogModuleManager: Shutting down and abandoning module InputBindingEditor (153)
[2015.11.21-02.35.52:956][212]LogModuleManager: Shutting down and abandoning module EditorSettingsViewer (152)
[2015.11.21-02.35.52:956][212]LogModuleManager: Shutting down and abandoning module SettingsEditor (151)
[2015.11.21-02.35.53:025][212]LogModuleManager: Shutting down and abandoning module ProjectLauncher (150)
[2015.11.21-02.35.53:064][212]LogModuleManager: Shutting down and abandoning module SessionFrontend (149)
[2015.11.21-02.35.53:088][212]LogModuleManager: Shutting down and abandoning module ProfilerClient (148)
[2015.11.21-02.35.53:121][212]LogModuleManager: Shutting down and abandoning module TargetDeviceServices (147)
[2015.11.21-02.35.53:121][212]LogModuleManager: Shutting down and abandoning module DeviceManager (146)
[2015.11.21-02.35.53:139][212]LogModuleManager: Shutting down and abandoning module AutomationController (145)
[2015.11.21-02.35.53:153][212]LogModuleManager: Shutting down and abandoning module AutomationWindow (144)
[2015.11.21-02.35.53:205][212]LogModuleManager: Shutting down and abandoning module Layers (143)
[2015.11.21-02.35.53:263][212]LogModuleManager: Shutting down and abandoning module ComponentVisualizers (142)
[2015.11.21-02.35.53:263][212]LogModuleManager: Shutting down and abandoning module DetailCustomizations (141)
[2015.11.21-02.35.53:316][212]LogModuleManager: Shutting down and abandoning module PackagesDialog (140)
[2015.11.21-02.35.53:340][212]LogModuleManager: Shutting down and abandoning module Persona (139)
[2015.11.21-02.35.53:436][212]LogModuleManager: Shutting down and abandoning module Kismet (138)
[2015.11.21-02.35.53:447][212]LogModuleManager: Shutting down and abandoning module GraphEditor (137)
[2015.11.21-02.35.53:448][212]LogModuleManager: Shutting down and abandoning module ClassViewer (136)
[2015.11.21-02.35.53:454][212]LogModuleManager: Shutting down and abandoning module Toolbox (135)
[2015.11.21-02.35.53:454][212]LogModuleManager: Shutting down and abandoning module ModuleUI (134)
[2015.11.21-02.35.53:463][212]LogModuleManager: Shutting down and abandoning module MovieSceneTools (133)
[2015.11.21-02.35.53:489][212]LogModuleManager: Shutting down and abandoning module OutputLog (132)
[2015.11.21-02.35.53:496][212]LogModuleManager: Shutting down and abandoning module GammaUI (131)
[2015.11.21-02.35.53:521][212]LogModuleManager: Shutting down and abandoning module Documentation (130)
[2015.11.21-02.35.53:550][212]LogModuleManager: Shutting down and abandoning module GameLiveStreaming (129)
[2015.11.21-02.35.53:559][212]LogModuleManager: Shutting down and abandoning module StreamingPauseRendering (128)
[2015.11.21-02.35.53:559][212]LogModuleManager: Shutting down and abandoning module AnalyticsET (127)
[2015.11.21-02.35.53:559][212]LogModuleManager: Shutting down and abandoning module Analytics (126)
[2015.11.21-02.35.53:559][212]LogModuleManager: Shutting down and abandoning module AITestSuite (125)
[2015.11.21-02.35.53:569][212]LogModuleManager: Shutting down and abandoning module GameplayDebugger (124)
[2015.11.21-02.35.53:569][212]LogModuleManager: Shutting down and abandoning module AIModule (123)
[2015.11.21-02.35.53:569][212]LogModuleManager: Shutting down and abandoning module ProfilerService (122)
[2015.11.21-02.35.53:727][212]LogModuleManager: Shutting down and abandoning module TaskGraph (121)
[2015.11.21-02.35.53:765][212]LogModuleManager: Shutting down and abandoning module SlateRemote (120)
[2015.11.21-02.35.53:765][212]LogModuleManager: Shutting down and abandoning module SteamVRController (119)
[2015.11.21-02.35.53:765][212]LogModuleManager: Shutting down and abandoning module SteamVR (118)
[2015.11.21-02.35.53:765][212]LogModuleManager: Shutting down and abandoning module ProceduralMeshComponent (117)
[2015.11.21-02.35.53:765][212]LogModuleManager: Shutting down and abandoning module OculusRift (116)
[2015.11.21-02.35.53:765][212]LogModuleManager: Shutting down and abandoning module OculusLibrary (115)
[2015.11.21-02.35.53:765][212]LogModuleManager: Shutting down and abandoning module LeapMotionController (114)
[2015.11.21-02.35.53:832][212]LogModuleManager: Shutting down and abandoning module CustomMeshComponent (113)
[2015.11.21-02.35.53:858][212]LogModuleManager: Shutting down and abandoning module CableComponent (112)
[2015.11.21-02.35.53:858][212]LogModuleManager: Shutting down and abandoning module ArchVisCharacter (111)
[2015.11.21-02.35.53:858][212]LogModuleManager: Shutting down and abandoning module MessagingDebugger (110)
[2015.11.21-02.35.53:889][212]LogModuleManager: Shutting down and abandoning module MediaPlayerEditor (109)
[2015.11.21-02.35.53:959][212]LogModuleManager: Shutting down and abandoning module HTML5Networking (108)
[2015.11.21-02.35.53:959][212]LogModuleManager: Shutting down and abandoning module SpeedTreeImporter (107)
[2015.11.21-02.35.53:959][212]LogModuleManager: Shutting down and abandoning module PluginBrowser (106)
[2015.11.21-02.35.53:983][212]LogModuleManager: Shutting down and abandoning module EpicSurvey (105)
[2015.11.21-02.35.53:983][212]LogModuleManager: Shutting down and abandoning module DesktopPlatform (104)
[2015.11.21-02.35.54:037][212]LogModuleManager: Shutting down and abandoning module VisualStudioSourceCodeAccess (103)
[2015.11.21-02.35.54:052][212]LogModuleManager: Shutting down and abandoning module UObjectPlugin (102)
[2015.11.21-02.35.54:052][212]LogModuleManager: Shutting down and abandoning module SubversionSourceControl (101)
[2015.11.21-02.35.54:106][212]LogModuleManager: Shutting down and abandoning module PerforceSourceControl (100)
[2015.11.21-02.35.54:123][212]LogModuleManager: Shutting down and abandoning module SourceControl (99)
[2015.11.21-02.35.54:138][212]LogModuleManager: Shutting down and abandoning module GitSourceControl (98)
[2015.11.21-02.35.54:155][212]LogModuleManager: Shutting down and abandoning module LightPropagationVolumeEditor (97)
[2015.11.21-02.35.54:155][212]LogModuleManager: Shutting down and abandoning module PaperTiledImporter (96)
[2015.11.21-02.35.54:206][212]LogModuleManager: Shutting down and abandoning module PaperSpriteSheetImporter (95)
[2015.11.21-02.35.54:208][212]LogModuleManager: Shutting down and abandoning module MeshPaint (94)
[2015.11.21-02.35.54:225][212]LogModuleManager: Shutting down and abandoning module SlateReflector (93)
[2015.11.21-02.35.54:244][212]LogModuleManager: Shutting down and abandoning module HotReload (92)
[2015.11.21-02.35.54:244][212]LogModuleManager: Shutting down and abandoning module MainFrame (91)
[2015.11.21-02.35.54:244][212]LogModuleManager: Shutting down and abandoning module LevelEditor (90)
[2015.11.21-02.35.54:275][212]LogModuleManager: Shutting down and abandoning module DirectoryWatcher (89)
[2015.11.21-02.35.54:277][212]LogModuleManager: Shutting down and abandoning module AssetRegistry (88)
[2015.11.21-02.35.54:402][212]LogModuleManager: Shutting down and abandoning module ContentBrowser (87)
[2015.11.21-02.35.54:403][212]LogModuleManager: Shutting down and abandoning module Paper2DEditor (86)
[2015.11.21-02.35.54:489][212]LogModuleManager: Shutting down and abandoning module UdpMessaging (85)
[2015.11.21-02.35.54:590][212]LogModuleManager: Shutting down and abandoning module LightPropagationVolumeRuntime (84)
[2015.11.21-02.35.54:590][212]LogModuleManager: Shutting down and abandoning module Paper2D (83)
[2015.11.21-02.35.54:631][212]LogModuleManager: Shutting down and abandoning module WindowsMoviePlayer (82)
[2015.11.21-02.35.54:659][212]LogModuleManager: Shutting down and abandoning module Media (81)
[2015.11.21-02.35.54:659][212]LogModuleManager: Shutting down and abandoning module WmfMedia (80)
[2015.11.21-02.35.54:694][212]LogModuleManager: Shutting down and abandoning module OnlineBlueprintSupport (79)
[2015.11.21-02.35.54:694][212]LogModuleManager: Shutting down and abandoning module GameplayTasksEditor (78)
[2015.11.21-02.35.54:694][212]LogModuleManager: Shutting down and abandoning module PropertyEditor (77)
[2015.11.21-02.35.54:694][212]LogModuleManager: Shutting down and abandoning module BehaviorTreeEditor (76)
[2015.11.21-02.35.54:756][212]LogModuleManager: Shutting down and abandoning module FunctionalTesting (75)
[2015.11.21-02.35.54:756][212]LogModuleManager: Shutting down and abandoning module CollisionAnalyzer (74)
[2015.11.21-02.35.54:802][212]LogModuleManager: Shutting down and abandoning module WorkspaceMenuStructure (73)
[2015.11.21-02.35.54:802][212]LogModuleManager: Shutting down and abandoning module MessageLog (72)
[2015.11.21-02.35.54:802][212]LogModuleManager: Shutting down and abandoning module Sequencer (71)
[2015.11.21-02.35.54:850][212]LogModuleManager: Shutting down and abandoning module AssetTools (70)
[2015.11.21-02.35.54:893][212]LogModuleManager: Shutting down and abandoning module UMGEditor (69)
[2015.11.21-02.35.55:005][212]LogModuleManager: Shutting down and abandoning module UMG (68)
[2015.11.21-02.35.55:038][212]LogModuleManager: Shutting down and abandoning module Slate (67)
[2015.11.21-02.35.55:038][212]LogModuleManager: Shutting down and abandoning module EditorStyle (66)
[2015.11.21-02.35.55:046][212]LogModuleManager: Shutting down and abandoning module SessionServices (65)
[2015.11.21-02.35.55:046][212]LogModuleManager: Shutting down and abandoning module SourceCodeAccess (64)
[2015.11.21-02.35.55:046][212]LogModuleManager: Shutting down and abandoning module HeadMountedDisplay (63)
[2015.11.21-02.35.55:046][212]LogModuleManager: Shutting down and abandoning module XAudio2 (62)
[2015.11.21-02.35.55:046][212]LogModuleManager: Shutting down and abandoning module Networking (60)
[2015.11.21-02.35.55:047][212]LogModuleManager: Shutting down and abandoning module Core (59)
[2015.11.21-02.35.55:047][212]LogModuleManager: Shutting down and abandoning module KismetCompiler (58)
[2015.11.21-02.35.55:047][212]LogModuleManager: Shutting down and abandoning module PhysXFormats (57)
[2015.11.21-02.35.55:047][212]LogModuleManager: Shutting down and abandoning module MeshUtilities (56)
[2015.11.21-02.35.55:069][212]LogModuleManager: Shutting down and abandoning module CookingStats (55)
[2015.11.21-02.35.55:072][212]LogModuleManager: Shutting down and abandoning module DerivedDataCache (54)
[2015.11.21-02.35.55:172][212]LogDerivedDataCache: Shutdown
[2015.11.21-02.35.55:172][212]LogModuleManager: Shutting down and abandoning module ShaderFormatOpenGL (53)
[2015.11.21-02.35.55:187][212]LogModuleManager: Shutting down and abandoning module ShaderFormatD3D (52)
[2015.11.21-02.35.55:187][212]LogModuleManager: Shutting down and abandoning module MetalShaderFormat (51)
[2015.11.21-02.35.55:200][212]LogModuleManager: Shutting down and abandoning module TextureFormatUncompressed (50)
[2015.11.21-02.35.55:200][212]LogModuleManager: Shutting down and abandoning module TextureFormatPVR (49)
[2015.11.21-02.35.55:200][212]LogModuleManager: Shutting down and abandoning module TextureFormatIntelISPCTexComp (48)
[2015.11.21-02.35.55:200][212]LogModuleManager: Shutting down and abandoning module TextureFormatDXT (47)
[2015.11.21-02.35.55:200][212]LogModuleManager: Shutting down and abandoning module ImageWrapper (46)
[2015.11.21-02.35.55:200][212]LogModuleManager: Shutting down and abandoning module TextureFormatASTC (45)
[2015.11.21-02.35.55:200][212]LogModuleManager: Shutting down and abandoning module TextureFormatAndroid (44)
[2015.11.21-02.35.55:200][212]LogModuleManager: Shutting down and abandoning module AudioFormatOpus (43)
[2015.11.21-02.35.55:257][212]LogModuleManager: Shutting down and abandoning module AudioFormatOgg (42)
[2015.11.21-02.35.55:257][212]LogModuleManager: Shutting down and abandoning module AudioFormatADPCM (41)
[2015.11.21-02.35.55:257][212]LogModuleManager: Shutting down and abandoning module LinuxTargetPlatform (40)
[2015.11.21-02.35.55:257][212]LogModuleManager: Shutting down and abandoning module LinuxServerTargetPlatform (39)
[2015.11.21-02.35.55:257][212]LogModuleManager: Shutting down and abandoning module LinuxNoEditorTargetPlatform (38)
[2015.11.21-02.35.55:257][212]LogModuleManager: Shutting down and abandoning module Messaging (37)
[2015.11.21-02.35.55:257][212]LogModuleManager: Shutting down and abandoning module IOSTargetPlatform (36)
[2015.11.21-02.35.55:257][212]LogModuleManager: Shutting down and abandoning module HTML5TargetPlatform (35)
[2015.11.21-02.35.55:257][212]LogModuleManager: Shutting down and abandoning module Android_PVRTCTargetPlatform (34)
[2015.11.21-02.35.55:284][212]LogModuleManager: Shutting down and abandoning module Android_ETC2TargetPlatform (33)
[2015.11.21-02.35.55:309][212]LogModuleManager: Shutting down and abandoning module Android_ETC1TargetPlatform (32)
[2015.11.21-02.35.55:334][212]LogModuleManager: Shutting down and abandoning module Android_DXTTargetPlatform (31)
[2015.11.21-02.35.55:365][212]LogModuleManager: Shutting down and abandoning module Android_ATCTargetPlatform (30)
[2015.11.21-02.35.55:375][212]LogModuleManager: Shutting down and abandoning module Android_ASTCTargetPlatform (29)
[2015.11.21-02.35.55:381][212]LogModuleManager: Shutting down and abandoning module AndroidTargetPlatform (28)
[2015.11.21-02.35.55:389][212]LogModuleManager: Shutting down and abandoning module WindowsTargetPlatform (27)
[2015.11.21-02.35.55:389][212]LogModuleManager: Shutting down and abandoning module WindowsServerTargetPlatform (26)
[2015.11.21-02.35.55:389][212]LogModuleManager: Shutting down and abandoning module WindowsNoEditorTargetPlatform (25)
[2015.11.21-02.35.55:389][212]LogModuleManager: Shutting down and abandoning module WindowsClientTargetPlatform (24)
[2015.11.21-02.35.55:389][212]LogModuleManager: Shutting down and abandoning module AllDesktopTargetPlatform (23)
[2015.11.21-02.35.55:389][212]LogModuleManager: Shutting down and abandoning module TargetPlatform (22)
[2015.11.21-02.35.55:389][212]LogModuleManager: Shutting down and abandoning module InputCore (21)
[2015.11.21-02.35.55:389][212]LogModuleManager: Shutting down and abandoning module Settings (20)
[2015.11.21-02.35.55:389][212]LogModuleManager: Shutting down and abandoning module OnlineSubsystem (18)
[2015.11.21-02.35.55:389][212]LogModuleManager: Shutting down and abandoning module HTTP (17)
[2015.11.21-02.35.57:394][212]LogModuleManager: Shutting down and abandoning module XMPP (16)
[2015.11.21-02.35.57:489][212]LogModuleManager: Shutting down and abandoning module ExampleDeviceProfileSelector (15)
[2015.11.21-02.35.57:489][212]LogModuleManager: Shutting down and abandoning module TextureCompressor (14)
[2015.11.21-02.35.57:517][212]LogModuleManager: Shutting down and abandoning module ShaderCore (13)
[2015.11.21-02.35.57:517][212]LogModuleManager: Shutting down and abandoning module Landscape (12)
[2015.11.21-02.35.57:517][212]LogModuleManager: Shutting down and abandoning module SlateRHIRenderer (11)
[2015.11.21-02.35.57:544][212]LogModuleManager: Shutting down and abandoning module OpenGLDrv (10)
[2015.11.21-02.35.57:555][212]LogModuleManager: Shutting down and abandoning module D3D11RHI (9)
[2015.11.21-02.35.57:555][212]LogModuleManager: Shutting down and abandoning module AnimGraphRuntime (8)
[2015.11.21-02.35.57:555][212]LogModuleManager: Shutting down and abandoning module Renderer (7)
[2015.11.21-02.35.57:555][212]LogModuleManager: Shutting down and abandoning module Engine (6)
[2015.11.21-02.35.57:555][212]LogModuleManager: Shutting down and abandoning module CoreUObject (5)
[2015.11.21-02.35.57:555][212]LogModuleManager: Shutting down and abandoning module NetworkFile (4)
[2015.11.21-02.35.57:563][212]LogModuleManager: Shutting down and abandoning module StreamingFile (3)
[2015.11.21-02.35.57:563][212]LogModuleManager: Shutting down and abandoning module SandboxFile (2)
[2015.11.21-02.35.57:563][212]LogModuleManager: Shutting down and abandoning module PakFile (1)
[2015.11.21-02.35.57:706][212]LogExit: Exiting.
[2015.11.21-02.35.57:857][212]Log file closed, 11/20/15 21:35:57
