[2015.11.19-17.21.25:656][  0]Log file open, 11/19/15 12:21:25
[2015.11.19-17.21.25:656][  0]LogInit:Display: Running engine for game: Lluvia_2
[2015.11.19-17.21.25:656][  0]LogInit:Display: RandInit(-300875349) SRandInit(-300875348).
[2015.11.19-17.21.25:656][  0]LogTaskGraph: Started task graph with 4 named threads and 5 total threads.
[2015.11.19-17.21.25:656][  0]LogStats: Stats thread started at 0.095712
[2015.11.19-17.21.25:656][  0]LogInit: Version: 4.9.1-2689999+++depot+UE4-Releases+4.9
[2015.11.19-17.21.25:656][  0]LogInit: API Version: 2672455
[2015.11.19-17.21.25:656][  0]LogInit: Compiled (64-bit): Sep 14 2015 04:12:03
[2015.11.19-17.21.25:656][  0]LogInit: Compiled with Visual C++: 18.00.21005.01
[2015.11.19-17.21.25:656][  0]LogInit: Build Configuration: Development
[2015.11.19-17.21.25:656][  0]LogInit: Branch Name: ++depot+UE4-Releases+4.9
[2015.11.19-17.21.25:656][  0]LogInit: Command line: 
[2015.11.19-17.21.25:656][  0]LogInit: Base directory: C:/Program Files/Epic Games/4.9/Engine/Binaries/Win64/
[2015.11.19-17.21.25:656][  0]LogInit: Rocket: 1
[2015.11.19-17.21.25:692][  0]LogInit: Using libcurl 7.41.0
[2015.11.19-17.21.25:692][  0]LogInit:  - built for x86_64-pc-win32
[2015.11.19-17.21.25:692][  0]LogInit:  - supports SSL with WinSSL
[2015.11.19-17.21.25:692][  0]LogInit:  - other features:
[2015.11.19-17.21.25:692][  0]LogInit:      CURL_VERSION_SSL
[2015.11.19-17.21.25:692][  0]LogInit:      CURL_VERSION_IPV6
[2015.11.19-17.21.25:692][  0]LogInit:      CURL_VERSION_ASYNCHDNS
[2015.11.19-17.21.25:692][  0]LogInit:      CURL_VERSION_LARGEFILE
[2015.11.19-17.21.25:692][  0]LogInit:      CURL_VERSION_IDN
[2015.11.19-17.21.25:692][  0]LogInit:  CurlRequestOptions (configurable via config and command line):
[2015.11.19-17.21.25:692][  0]LogInit:  - bVerifyPeer = true  - Libcurl will verify peer certificate
[2015.11.19-17.21.25:692][  0]LogInit:  - bUseHttpProxy = false  - Libcurl will NOT use HTTP proxy
[2015.11.19-17.21.25:692][  0]LogInit:  - bDontReuseConnections = false  - Libcurl will reuse connections
[2015.11.19-17.21.25:692][  0]LogInit:  - CertBundlePath = nullptr  - Libcurl will use whatever was configured at build time.
[2015.11.19-17.21.25:712][  0]LogInit: Presizing for 0 objects not considered by GC, pre-allocating 0 bytes.
[2015.11.19-17.21.25:728][  0]LogInit: Object subsystem initialized
[2015.11.19-17.21.25:730][  0]LogInit: Selected Device Profile: [Windows]
[2015.11.19-17.21.25:730][  0]LogInit: Applying CVar settings loaded from the selected device profile: [Windows]
[2015.11.19-17.21.25:844][  0]LogInit: Computer: JORGE
[2015.11.19-17.21.25:844][  0]LogInit: User: Jorge
[2015.11.19-17.21.25:844][  0]LogInit: CPU Page size=4096, Cores=2
[2015.11.19-17.21.25:844][  0]LogInit: High frequency timer resolution =2.533202 MHz
[2015.11.19-17.21.25:844][  0]LogMemory: Memory total: Physical=11.9GB (12GB approx)
[2015.11.19-17.21.25:844][  0]LogMemory: Platform Memory Stats for Windows
[2015.11.19-17.21.25:844][  0]LogMemory: Process Physical Memory: 53.90 MB used, 53.90 MB peak
[2015.11.19-17.21.25:844][  0]LogMemory: Process Virtual Memory: 57.22 MB used, 57.22 MB peak
[2015.11.19-17.21.25:844][  0]LogMemory: Physical Memory: 3877.95 MB used, 12208.14 MB total
[2015.11.19-17.21.25:844][  0]LogMemory: Virtual Memory: 365.39 MB used, 134217728.00 MB total
[2015.11.19-17.21.26:734][  0]LogD3D11RHI: Found D3D11 adapter 0: Intel(R) HD Graphics Family (Feature Level 11_0)
[2015.11.19-17.21.26:734][  0]LogD3D11RHI: Adapter has 112MB of dedicated video memory, 0MB of dedicated system memory, and 6104MB of shared system memory, 1 output[s]
[2015.11.19-17.21.28:237][  0]LogD3D11RHI: Found D3D11 adapter 1: AMD Radeon R7 M260 (Feature Level 11_0)
[2015.11.19-17.21.28:237][  0]LogD3D11RHI: Adapter has 2035MB of dedicated video memory, 0MB of dedicated system memory, and 6104MB of shared system memory, 0 output[s]
[2015.11.19-17.21.28:244][  0]LogD3D11RHI: Found D3D11 adapter 2: Microsoft Basic Render Driver (Feature Level 11_0)
[2015.11.19-17.21.28:244][  0]LogD3D11RHI: Adapter has 0MB of dedicated video memory, 0MB of dedicated system memory, and 6104MB of shared system memory, 0 output[s]
[2015.11.19-17.21.28:244][  0]LogD3D11RHI: Chosen D3D11 Adapter Id = 0
[2015.11.19-17.21.28:257][  0]LogD3D11RHI: !Direct3DDevice
[2015.11.19-17.21.28:257][  0]LogRHI: Texture pool is 1361 MB (70% of 1945 MB)
[2015.11.19-17.21.28:274][  0]LogD3D11RHI: Async texture creation enabled
[2015.11.19-17.21.28:287][  0]LogShaderCompilers: Guid format shader working directory is 15 characters bigger than the processId version (../../../../../../Users/Daniel/Documents/Unreal Projects/Lluvia_2/Intermediate/Shaders/WorkingDirectory/9788/).
[2015.11.19-17.21.28:319][  0]LogShaderCompilers: Cleaned the shader compiler working directory '../../../../../../Users/Daniel/Documents/Unreal Projects/Lluvia_2/Intermediate/Shaders/tmp/31806DEF46852C200DC1BA9C817CD890/'.
[2015.11.19-17.21.28:320][  0]LogShaderCompilers:Display: Using Local Shader Compiler.
[2015.11.19-17.21.29:543][  0]LogTemp:Display: Loaded TP AllDesktopTargetPlatform
[2015.11.19-17.21.29:549][  0]LogTemp:Display: Loaded TP WindowsClientTargetPlatform
[2015.11.19-17.21.29:556][  0]LogTemp:Display: Loaded TP WindowsNoEditorTargetPlatform
[2015.11.19-17.21.29:562][  0]LogTemp:Display: Loaded TP WindowsServerTargetPlatform
[2015.11.19-17.21.29:567][  0]LogTemp:Display: Loaded TP WindowsTargetPlatform
[2015.11.19-17.21.29:574][  0]LogTemp:Display: Loaded TP AndroidTargetPlatform
[2015.11.19-17.21.29:578][  0]LogTemp:Display: Loaded TP Android_ASTCTargetPlatform
[2015.11.19-17.21.29:582][  0]LogTemp:Display: Loaded TP Android_ATCTargetPlatform
[2015.11.19-17.21.29:586][  0]LogTemp:Display: Loaded TP Android_DXTTargetPlatform
[2015.11.19-17.21.29:590][  0]LogTemp:Display: Loaded TP Android_ETC1TargetPlatform
[2015.11.19-17.21.29:595][  0]LogTemp:Display: Loaded TP Android_ETC2TargetPlatform
[2015.11.19-17.21.29:600][  0]LogTemp:Display: Loaded TP Android_PVRTCTargetPlatform
[2015.11.19-17.21.29:601][  0]LogTemp:Display: Loaded TP HTML5TargetPlatform
[2015.11.19-17.21.29:622][  0]LogTemp:Display: Loaded TP IOSTargetPlatform
[2015.11.19-17.21.29:628][  0]LogTemp:Display: Loaded TP LinuxNoEditorTargetPlatform
[2015.11.19-17.21.29:632][  0]LogTemp:Display: Loaded TP LinuxServerTargetPlatform
[2015.11.19-17.21.29:639][  0]LogTemp:Display: Loaded TP LinuxTargetPlatform
[2015.11.19-17.21.29:639][  0]LogTargetPlatformManager:Display: Building Assets For Windows
[2015.11.19-17.21.29:745][  0]LogDerivedDataCache:Display: Max Cache Size: 512 MB
[2015.11.19-17.21.29:791][  0]LogDerivedDataCache: Loaded boot cache 0.05s 41MB C:/Users/Daniel/AppData/Local/UnrealEngine/4.9/DerivedDataCache/Boot.ddc.
[2015.11.19-17.21.29:791][  0]LogDerivedDataCache:Display: Loaded Boot cache: C:/Users/Daniel/AppData/Local/UnrealEngine/4.9/DerivedDataCache/Boot.ddc
[2015.11.19-17.21.29:791][  0]LogDerivedDataCache: FDerivedDataBackendGraph:  Pak pak cache file ../../../../../../Users/Daniel/Documents/Unreal Projects/Lluvia_2/DerivedDataCache/DDC.ddp not found, will not use a pak cache.
[2015.11.19-17.21.29:791][  0]LogDerivedDataCache: Unable to find inner node Pak for hierarchical cache Hierarchy.
[2015.11.19-17.21.29:792][  0]LogDerivedDataCache: FDerivedDataBackendGraph:  CompressedPak pak cache file ../../../../../../Users/Daniel/Documents/Unreal Projects/Lluvia_2/DerivedDataCache/Compressed.ddp not found, will not use a pak cache.
[2015.11.19-17.21.29:792][  0]LogDerivedDataCache: Unable to find inner node CompressedPak for hierarchical cache Hierarchy.
[2015.11.19-17.21.29:932][  0]LogDerivedDataCache:Display: Pak cache opened for reading ../../../Engine/DerivedDataCache/Compressed.ddp.
[2015.11.19-17.21.29:944][  0]LogDerivedDataCache: Using Local data cache path C:/Users/Daniel/AppData/Local/UnrealEngine/Common/DerivedDataCache: Writable
[2015.11.19-17.21.30:245][  0]LogInit: Selected Device Profile: [Windows]
[2015.11.19-17.21.30:251][  0]LogContentStreaming: Texture pool size is 0.000000MB
[2015.11.19-17.21.30:454][  0]LogMeshUtilities: No automatic mesh reduction module available
[2015.11.19-17.21.30:454][  0]LogMeshUtilities: No automatic mesh merging module available
[2015.11.19-17.21.30:833][  0]LogInit: WinSock: version 1.1 (2.2), MaxSocks=32767, MaxUdp=65467
[2015.11.19-17.21.32:771][  0]UdpMessaging: Initializing bridge on interface 0.0.0.0:0 to multicast group 230.0.0.1:6666.
[2015.11.19-17.21.32:922][  0]LogAssetRegistry: FAssetRegistry took 0.0108 seconds to start up
[2015.11.19-17.21.33:298][  0]SourceControl: Info Source control is disabled
[2015.11.19-17.21.33:311][  0]SourceControl: Info Source control is disabled
[2015.11.19-17.21.33:333][  0]SourceControl: Info Source control is disabled
[2015.11.19-17.21.33:353][  0]SourceControl: Info Source control is disabled
[2015.11.19-17.21.33:567][  0]LogLinker:Warning: Asset '../../../Engine/Plugins/Runtime/LeapMotionController/Content/LM_PassthroughMaterial.uasset' has been saved with empty engine version. The asset will be loaded but may be incompatible.
[2015.11.19-17.21.33:661][  0]LogObj: 28361 objects as part of root set at end of initial load.
[2015.11.19-17.21.33:661][  0]LogUObjectAllocator: 6038864 out of 0 bytes used by permanent object pool.
[2015.11.19-17.21.33:726][  0]LogEngine: Initializing Engine...
[2015.11.19-17.21.33:729][  0]LogHMD: Can't find Oculus library dev build: is proper Runtime installed? Version: 0.7.0.0
[2015.11.19-17.21.33:731][  0]LogHMD: SteamVR failed to initialize.  Err: 110
[2015.11.19-17.21.33:881][  0]LogAIModule: Creating AISystem for world NewWorld
[2015.11.19-17.21.33:930][  0]LogInit: XAudio2 using 'Speakers (Conexant SmartAudio HD)' : 2 channels at 48 kHz using 32 bits per sample (channel mask 0x3)
[2015.11.19-17.21.34:034][  0]LogInit: FAudioDevice initialized.
[2015.11.19-17.21.34:056][  0]LogDerivedDataCache: Saved boot cache 0.02s 41MB C:/Users/Daniel/AppData/Local/UnrealEngine/4.9/DerivedDataCache/Boot.ddc.
[2015.11.19-17.21.34:059][  0]LogInit: Texture streaming: Enabled
[2015.11.19-17.21.34:066][  0]LogAnalytics: Creating configured Analytics provider AnalyticsET
[2015.11.19-17.21.34:066][  0]LogAnalytics: [UEEditor.Rocket.Release] APIServer = http://et2.epicgames.com/ET2/. AppVersion = 4.9.1-2689999+++depot+UE4-Releases+4.9
[2015.11.19-17.21.34:066][  0]LogAnalytics: [UEEditor.Rocket.Release] SetUserId 02a92638413d6e9abea5c7aca5f6540a|3349b03e2e674c09ae8b169d1df5bddf|a6273b8f-85b9-4f16-b013-14ad0d925f1f
[2015.11.19-17.21.34:067][  0]LogAnalytics: [UEEditor.Rocket.Release] AnalyticsET::StartSession
[2015.11.19-17.21.34:080][  0]LogWindowsTextInputMethodSystem:Display: IME system now deactivated.
[2015.11.19-17.21.34:105][  0]LogInit: Transaction tracking system initialized
[2015.11.19-17.21.34:149][  0]BlueprintLog: New page: Editor Load
[2015.11.19-17.21.34:293][  0]LocalizationService: Info Localization service is disabled
[2015.11.19-17.21.34:559][  0]LogConsoleResponse:Display: 
[2015.11.19-17.21.34:814][  0]LogFileCache: Scanning file cache for directory 'C:/Users/Daniel/Documents/Unreal Projects/Lluvia_2/Content/' took 0.03s
[2015.11.19-17.21.34:814][  0]LogCook:Display: Done creating registry. It took  0.00s.
[2015.11.19-17.21.34:896][  0]SourceControl: Info Source control is disabled
[2015.11.19-17.21.34:896][  0]Cmd: MAP LOAD FILE="../../../../../../Users/Daniel/Documents/Unreal Projects/Lluvia_2/Content/FirstPersonBP/Maps/FirstPersonExampleMap.umap" TEMPLATE=0 SHOWPROGRESS=1 FEATURELEVEL=3
[2015.11.19-17.21.34:937][  0]LightingResults: New page: Lighting Build
[2015.11.19-17.21.34:941][  0]MapCheck: New page: Map Check
[2015.11.19-17.21.34:941][  0]LightingResults: New page: Lighting Build
[2015.11.19-17.21.34:962][  0]LogParticles: Destroying 0 GPU particle simulations for FXSystem 0x000000C3CC256160
[2015.11.19-17.21.35:602][  0]LogLinker:Warning: Asset '../../../../../../Users/Daniel/Documents/Unreal Projects/Lluvia_2/Content/FirstPersonBP/Blueprints/FirstPersonProjectile.uasset' has been saved with empty engine version. The asset will be loaded but may be incompatible.
[2015.11.19-17.21.35:611][  0]LogLinker:Warning: Asset '../../../../../../Users/Daniel/Documents/Unreal Projects/Lluvia_2/Content/FirstPerson/Meshes/FirstPersonProjectileMesh.uasset' has been saved with empty engine version. The asset will be loaded but may be incompatible.
[2015.11.19-17.21.42:908][  0]LogAIModule: Creating AISystem for world FirstPersonExampleMap
[2015.11.19-17.21.42:983][  0]LogEditorServer: Finished looking for orphan Actors (0.000 secs)
[2015.11.19-17.21.42:984][  0]Cmd: MAP CHECKDEP NOCLEARLOG
[2015.11.19-17.21.43:398][  0]MapCheck: Info Map check complete: 0 Error(s), 0 Warning(s), took 413.592ms to complete.
[2015.11.19-17.21.43:398][  0]LogFileHelpers: Loading map 'FirstPersonExampleMap' took 8.502
[2015.11.19-17.21.44:102][  0]LogCollectionManager: Loaded 0 collections in 0.008663 seconds
[2015.11.19-17.21.44:219][  0]LogFileCache: Scanning file cache for directory 'C:/Users/Daniel/Documents/Unreal Projects/Lluvia_2/Saved/Collections/' took 0.01s
[2015.11.19-17.21.44:219][  0]LogFileCache: Scanning file cache for directory 'C:/Users/Daniel/Documents/Unreal Projects/Lluvia_2/Content/Developers/Jorge/Collections/' took 0.01s
[2015.11.19-17.21.44:219][  0]LogFileCache: Scanning file cache for directory 'C:/Users/Daniel/Documents/Unreal Projects/Lluvia_2/Content/Collections/' took 0.01s
[2015.11.19-17.21.44:219][  0]LogContentBrowser: Native class hierarchy populated in 0.0317 seconds. Added 1867 classes and 333 folders.
[2015.11.19-17.21.44:267][  0]LogCollectionManager: Rebuilt the GUID cache for 0 collections in 0.000018 seconds
[2015.11.19-17.21.44:407][  0]LogContentBrowser: Native class hierarchy updated for 'WidgetCarousel' in 0.0013 seconds. Added 0 classes and 0 folders.
[2015.11.19-17.21.45:770][  0]LogContentBrowser: Native class hierarchy updated for 'AddContentDialog' in 0.0012 seconds. Added 0 classes and 0 folders.
[2015.11.19-17.21.45:816][  0]LogContentBrowser: Native class hierarchy updated for 'SceneOutliner' in 0.0012 seconds. Added 1 classes and 2 folders.
[2015.11.19-17.21.46:552][  0]LogCrashTracker: Crashtracker disabled due to settings.
[2015.11.19-17.21.46:645][  0]LogUObjectGlobals:Warning: Failed to find object 'Class None.'
[2015.11.19-17.21.46:685][  0]LogLoad: Full Startup: 22.95 seconds (BP compile: 0.37 seconds)
[2015.11.19-17.21.46:907][  0]LogContentStreaming: Texture pool size now 200 MB
[2015.11.19-17.21.47:401][  0]LogRenderer: Reallocating scene render targets to support 724x348 (Frame:2).
[2015.11.19-17.21.48:444][  5]LogAssetRegistry: Asset discovery search completed in 15.5337 seconds
[2015.11.19-17.21.48:444][  5]LogCollectionManager: Rebuilt the object cache for 0 collections in 0.000000 seconds (found 0 objects)
[2015.11.19-17.21.48:444][  5]LogCollectionManager: Fixed up redirectors for 0 collections in 0.000028 seconds (updated 0 objects)
[2015.11.19-17.21.49:869][ 81]LogContentBrowser: Native class hierarchy updated for 'Cascade' in 0.0013 seconds. Added 2 classes and 2 folders.
[2015.11.19-17.21.50:829][ 81]LogMaterial: Missing cached shader map for material Mat_Lluvia, compiling. 
[2015.11.19-17.21.52:194][ 81]LogMaterial: Missing cached shader map for material Mat_Lluvia, compiling. 
[2015.11.19-17.21.52:202][ 81]LogMaterial: 0.000059 seconds spent updating 1 materials, 1 interfaces, 0 instances, 0 with static permutations.
[2015.11.19-17.21.52:247][ 81]LogMaterial: Missing cached shader map for material FMatExpressionPreview MaterialExpressionTextureSample_0, compiling. 
[2015.11.19-17.21.52:257][ 81]LogMaterial: Missing cached shader map for material FMatExpressionPreview MaterialExpressionTextureSample_1, compiling. 
[2015.11.19-17.21.52:725][ 81]LogLinker:Warning: Asset '../../../Engine/Content/ArtTools/RenderToTexture/Macros/RenderToTextureMacros.uasset' has been saved with empty engine version. The asset will be loaded but may be incompatible.
[2015.11.19-17.21.53:964][ 81]LogContentBrowser: Native class hierarchy updated for 'BlueprintGraph' in 0.0015 seconds. Added 107 classes and 0 folders.
[2015.11.19-17.21.56:383][ 83]MaterialEditorStats: Info Base pass shader without light map: 6 instructions
[2015.11.19-17.21.56:383][ 83]MaterialEditorStats: Info Vertex shader: 70 instructions
[2015.11.19-17.21.56:383][ 83]MaterialEditorStats: Info Texture samplers: 4/16
[2015.11.19-17.22.07:815][674]LogBlueprintUserMessages: Early PlayInEditor Detection: Level '/Game/FirstPersonBP/Maps/FirstPersonExampleMap.FirstPersonExampleMap:PersistentLevel' has LevelScriptBlueprint '/Game/FirstPersonBP/Maps/FirstPersonExampleMap.FirstPersonExampleMap:PersistentLevel.FirstPersonExampleMap' with GeneratedClass '/Game/FirstPersonBP/Maps/FirstPersonExampleMap.FirstPersonExampleMap_C' with ClassGeneratedBy '/Game/FirstPersonBP/Maps/FirstPersonExampleMap.FirstPersonExampleMap:PersistentLevel.FirstPersonExampleMap'
[2015.11.19-17.22.07:815][674]LogPlayLevel: PlayLevel: No blueprints needed recompiling
[2015.11.19-17.22.07:832][674]PIE: New page: PIE session: FirstPersonExampleMap (Nov 19, 2015, 7:22:07 AM)
[2015.11.19-17.22.07:832][674]LogPlayLevel: Creating play world package: /Game/FirstPersonBP/Maps/UEDPIE_0_FirstPersonExampleMap
[2015.11.19-17.22.07:863][674]LogPlayLevel: PIE: StaticDuplicateObject took: (0.030425s)
[2015.11.19-17.22.07:864][674]LogAIModule: Creating AISystem for world FirstPersonExampleMap
[2015.11.19-17.22.07:864][674]LogPlayLevel: PIE: World Init took: (0.001063s)
[2015.11.19-17.22.07:864][674]LogPlayLevel: PIE: Created PIE world by copying editor world from /Game/FirstPersonBP/Maps/FirstPersonExampleMap.FirstPersonExampleMap to /Game/FirstPersonBP/Maps/UEDPIE_0_FirstPersonExampleMap.FirstPersonExampleMap (0.031756s)
[2015.11.19-17.22.07:972][674]LogInit: XAudio2 using 'Speakers (Conexant SmartAudio HD)' : 2 channels at 48 kHz using 32 bits per sample (channel mask 0x3)
[2015.11.19-17.22.08:019][674]LogInit: FAudioDevice initialized.
[2015.11.19-17.22.08:108][674]LogLinker:Warning: Asset '../../../../../../Users/Daniel/Documents/Unreal Projects/Lluvia_2/Content/FirstPersonBP/Blueprints/FirstPersonHUD.uasset' has been saved with empty engine version. The asset will be loaded but may be incompatible.
[2015.11.19-17.22.08:231][674]LogWorld: Game class is 'FirstPersonGameMode_C'
[2015.11.19-17.22.08:242][674]LogWorld: Bringing World /Game/FirstPersonBP/Maps/UEDPIE_0_FirstPersonExampleMap.FirstPersonExampleMap up for play (max tick rate 60) at 2015.11.19-12.22.08
[2015.11.19-17.22.08:242][674]LogActor:Warning: GameSession /Game/FirstPersonBP/Maps/UEDPIE_0_FirstPersonExampleMap.FirstPersonExampleMap:PersistentLevel.GameSession_0 has natively added scene component(s), but none of them were set as the actor's RootComponent - picking one arbitrarily
[2015.11.19-17.22.08:258][674]LogActor:Warning: GameNetworkManager /Game/FirstPersonBP/Maps/UEDPIE_0_FirstPersonExampleMap.FirstPersonExampleMap:PersistentLevel.GameNetworkManager_0 has natively added scene component(s), but none of them were set as the actor's RootComponent - picking one arbitrarily
[2015.11.19-17.22.08:259][674]LogWorld: Bringing up level for play took: 0.026753
[2015.11.19-17.22.08:361][674]PIE: Info Play in editor start time for /Game/FirstPersonBP/Maps/UEDPIE_0_FirstPersonExampleMap 0.381
[2015.11.19-17.22.08:361][674]LogBlueprintUserMessages: Late PlayInEditor Detection: Level '/Game/FirstPersonBP/Maps/FirstPersonExampleMap.FirstPersonExampleMap:PersistentLevel' has LevelScriptBlueprint '/Game/FirstPersonBP/Maps/FirstPersonExampleMap.FirstPersonExampleMap:PersistentLevel.FirstPersonExampleMap' with GeneratedClass '/Game/FirstPersonBP/Maps/FirstPersonExampleMap.FirstPersonExampleMap_C' with ClassGeneratedBy '/Game/FirstPersonBP/Maps/FirstPersonExampleMap.FirstPersonExampleMap:PersistentLevel.FirstPersonExampleMap'
[2015.11.19-17.22.08:410][675]LogRenderer: Reallocating scene render targets to support 724x360 (Frame:471).
[2015.11.19-17.22.43:358][484]LogBlueprintUserMessages: Early EndPlayMap Detection: Level '/Game/FirstPersonBP/Maps/FirstPersonExampleMap.FirstPersonExampleMap:PersistentLevel' has LevelScriptBlueprint '/Game/FirstPersonBP/Maps/FirstPersonExampleMap.FirstPersonExampleMap:PersistentLevel.FirstPersonExampleMap' with GeneratedClass '/Game/FirstPersonBP/Maps/FirstPersonExampleMap.FirstPersonExampleMap_C' with ClassGeneratedBy '/Game/FirstPersonBP/Maps/FirstPersonExampleMap.FirstPersonExampleMap:PersistentLevel.FirstPersonExampleMap'
[2015.11.19-17.22.43:458][484]LogBlueprintUserMessages: Late EndPlayMap Detection: Level '/Game/FirstPersonBP/Maps/FirstPersonExampleMap.FirstPersonExampleMap:PersistentLevel' has LevelScriptBlueprint '/Game/FirstPersonBP/Maps/FirstPersonExampleMap.FirstPersonExampleMap:PersistentLevel.FirstPersonExampleMap' with GeneratedClass '/Game/FirstPersonBP/Maps/FirstPersonExampleMap.FirstPersonExampleMap_C' with ClassGeneratedBy '/Game/FirstPersonBP/Maps/FirstPersonExampleMap.FirstPersonExampleMap:PersistentLevel.FirstPersonExampleMap'
[2015.11.19-17.22.43:544][484]LogParticles: Destroying 0 GPU particle simulations for FXSystem 0x000000C3ADC20860
[2015.11.19-21.58.13:145][831]LogHttp:Warning: Timeout processing Http request. 000000C3BBD11700
[2015.11.19-21.58.56:226][  4]LogParticles:Warning: MaxCount = 4064 for Emitter ParticleSpriteEmitter_0 (/Game/Part_lluvia.Part_lluvia)
[2015.11.19-21.58.56:226][  4]LogParticles:Warning: MaxCount = 4064 for Emitter ParticleSpriteEmitter_1 (/Game/Part_lluvia.Part_lluvia)
[2015.11.19-21.58.56:226][  4]LogParticles:Warning: MaxCount = 4064 for Emitter ParticleSpriteEmitter_2 (/Game/Part_lluvia.Part_lluvia)
[2015.11.19-21.58.56:226][  4]LogParticles:Warning: MaxCount = 4064 for Emitter ParticleSpriteEmitter_3 (/Game/Part_lluvia.Part_lluvia)
[2015.11.19-21.59.03:021][512]LogBlueprintUserMessages: Early PlayInEditor Detection: Level '/Game/FirstPersonBP/Maps/FirstPersonExampleMap.FirstPersonExampleMap:PersistentLevel' has LevelScriptBlueprint '/Game/FirstPersonBP/Maps/FirstPersonExampleMap.FirstPersonExampleMap:PersistentLevel.FirstPersonExampleMap' with GeneratedClass '/Game/FirstPersonBP/Maps/FirstPersonExampleMap.FirstPersonExampleMap_C' with ClassGeneratedBy '/Game/FirstPersonBP/Maps/FirstPersonExampleMap.FirstPersonExampleMap:PersistentLevel.FirstPersonExampleMap'
[2015.11.19-21.59.03:021][512]LogPlayLevel: PlayLevel: No blueprints needed recompiling
[2015.11.19-21.59.03:022][512]PIE: New page: PIE session: FirstPersonExampleMap (Nov 19, 2015, 11:59:03 AM)
[2015.11.19-21.59.03:022][512]LogPlayLevel: Creating play world package: /Game/FirstPersonBP/Maps/UEDPIE_0_FirstPersonExampleMap
[2015.11.19-21.59.03:209][512]LogPlayLevel: PIE: StaticDuplicateObject took: (0.186880s)
[2015.11.19-21.59.03:211][512]LogAIModule: Creating AISystem for world FirstPersonExampleMap
[2015.11.19-21.59.03:212][512]LogPlayLevel: PIE: World Init took: (0.002758s)
[2015.11.19-21.59.03:212][512]LogPlayLevel: PIE: Created PIE world by copying editor world from /Game/FirstPersonBP/Maps/FirstPersonExampleMap.FirstPersonExampleMap to /Game/FirstPersonBP/Maps/UEDPIE_0_FirstPersonExampleMap.FirstPersonExampleMap (0.190372s)
[2015.11.19-21.59.03:376][512]LogInit: XAudio2 using 'Speakers (Conexant SmartAudio HD)' : 2 channels at 48 kHz using 32 bits per sample (channel mask 0x3)
[2015.11.19-21.59.03:419][512]LogInit: FAudioDevice initialized.
[2015.11.19-21.59.03:458][512]LogWorld: Game class is 'FirstPersonGameMode_C'
[2015.11.19-21.59.03:466][512]LogWorld: Bringing World /Game/FirstPersonBP/Maps/UEDPIE_0_FirstPersonExampleMap.FirstPersonExampleMap up for play (max tick rate 0) at 2015.11.19-16.59.03
[2015.11.19-21.59.03:466][512]LogActor:Warning: GameSession /Game/FirstPersonBP/Maps/UEDPIE_0_FirstPersonExampleMap.FirstPersonExampleMap:PersistentLevel.GameSession_1 has natively added scene component(s), but none of them were set as the actor's RootComponent - picking one arbitrarily
[2015.11.19-21.59.03:467][512]LogActor:Warning: GameNetworkManager /Game/FirstPersonBP/Maps/UEDPIE_0_FirstPersonExampleMap.FirstPersonExampleMap:PersistentLevel.GameNetworkManager_1 has natively added scene component(s), but none of them were set as the actor's RootComponent - picking one arbitrarily
[2015.11.19-21.59.03:467][512]LogWorld: Bringing up level for play took: 0.008318
[2015.11.19-21.59.03:507][512]PIE: Info Play in editor start time for /Game/FirstPersonBP/Maps/UEDPIE_0_FirstPersonExampleMap 0.847
[2015.11.19-21.59.03:508][512]LogBlueprintUserMessages: Late PlayInEditor Detection: Level '/Game/FirstPersonBP/Maps/FirstPersonExampleMap.FirstPersonExampleMap:PersistentLevel' has LevelScriptBlueprint '/Game/FirstPersonBP/Maps/FirstPersonExampleMap.FirstPersonExampleMap:PersistentLevel.FirstPersonExampleMap' with GeneratedClass '/Game/FirstPersonBP/Maps/FirstPersonExampleMap.FirstPersonExampleMap_C' with ClassGeneratedBy '/Game/FirstPersonBP/Maps/FirstPersonExampleMap.FirstPersonExampleMap:PersistentLevel.FirstPersonExampleMap'
[2015.11.19-21.59.33:098][905]LogBlueprintUserMessages: Early EndPlayMap Detection: Level '/Game/FirstPersonBP/Maps/FirstPersonExampleMap.FirstPersonExampleMap:PersistentLevel' has LevelScriptBlueprint '/Game/FirstPersonBP/Maps/FirstPersonExampleMap.FirstPersonExampleMap:PersistentLevel.FirstPersonExampleMap' with GeneratedClass '/Game/FirstPersonBP/Maps/FirstPersonExampleMap.FirstPersonExampleMap_C' with ClassGeneratedBy '/Game/FirstPersonBP/Maps/FirstPersonExampleMap.FirstPersonExampleMap:PersistentLevel.FirstPersonExampleMap'
[2015.11.19-21.59.33:187][905]LogBlueprintUserMessages: Late EndPlayMap Detection: Level '/Game/FirstPersonBP/Maps/FirstPersonExampleMap.FirstPersonExampleMap:PersistentLevel' has LevelScriptBlueprint '/Game/FirstPersonBP/Maps/FirstPersonExampleMap.FirstPersonExampleMap:PersistentLevel.FirstPersonExampleMap' with GeneratedClass '/Game/FirstPersonBP/Maps/FirstPersonExampleMap.FirstPersonExampleMap_C' with ClassGeneratedBy '/Game/FirstPersonBP/Maps/FirstPersonExampleMap.FirstPersonExampleMap:PersistentLevel.FirstPersonExampleMap'
[2015.11.19-21.59.33:299][906]LogParticles: Destroying 0 GPU particle simulations for FXSystem 0x000000C3BAA98AE0
[2015.11.19-21.59.46:160][  5]LogParticles:Warning: MaxCount = 4064 for Emitter ParticleSpriteEmitter_0 (/Game/Part_lluvia.Part_lluvia)
[2015.11.19-21.59.46:160][  5]LogParticles:Warning: MaxCount = 4064 for Emitter ParticleSpriteEmitter_1 (/Game/Part_lluvia.Part_lluvia)
[2015.11.19-21.59.46:160][  5]LogParticles:Warning: MaxCount = 4064 for Emitter ParticleSpriteEmitter_2 (/Game/Part_lluvia.Part_lluvia)
[2015.11.19-21.59.46:160][  5]LogParticles:Warning: MaxCount = 4064 for Emitter ParticleSpriteEmitter_3 (/Game/Part_lluvia.Part_lluvia)
[2015.11.19-21.59.50:066][403]LogParticles:Warning: MaxCount = 4064 for Emitter ParticleSpriteEmitter_0 (/Game/Part_lluvia.Part_lluvia)
[2015.11.19-21.59.50:066][403]LogParticles:Warning: MaxCount = 4064 for Emitter ParticleSpriteEmitter_1 (/Game/Part_lluvia.Part_lluvia)
[2015.11.19-21.59.50:066][403]LogParticles:Warning: MaxCount = 4064 for Emitter ParticleSpriteEmitter_2 (/Game/Part_lluvia.Part_lluvia)
[2015.11.19-21.59.50:066][403]LogParticles:Warning: MaxCount = 4064 for Emitter ParticleSpriteEmitter_3 (/Game/Part_lluvia.Part_lluvia)
[2015.11.19-22.00.08:776][293]Cmd: OBJ SAVEPACKAGE PACKAGE="/Game/Part_lluvia" FILE="../../../../../../Users/Daniel/Documents/Unreal Projects/Lluvia_2/Content/Part_lluvia.uasset" SILENT=true
[2015.11.19-22.00.09:223][293]LogSavePackage: Save=285.976807ms
[2015.11.19-22.00.09:223][293]LogSavePackage: Moving '../../../../../../Users/Daniel/Documents/Unreal Projects/Lluvia_2/Saved/Part_lluvia8D36D7CB420B33CBB85EE9923CF8BAB9.tmp' to '../../../../../../Users/Daniel/Documents/Unreal Projects/Lluvia_2/Content/Part_lluvia.uasset'
[2015.11.19-22.00.09:234][293]LogSavePackage: Total save time: 416.358825ms
[2015.11.19-22.00.09:234][293]LogSavePackage:Warning: Finished SavePackage ../../../../../../Users/Daniel/Documents/Unreal Projects/Lluvia_2/Content/Part_lluvia.uasset
[2015.11.19-22.00.10:689][407]LogBlueprintUserMessages: Early PlayInEditor Detection: Level '/Game/FirstPersonBP/Maps/FirstPersonExampleMap.FirstPersonExampleMap:PersistentLevel' has LevelScriptBlueprint '/Game/FirstPersonBP/Maps/FirstPersonExampleMap.FirstPersonExampleMap:PersistentLevel.FirstPersonExampleMap' with GeneratedClass '/Game/FirstPersonBP/Maps/FirstPersonExampleMap.FirstPersonExampleMap_C' with ClassGeneratedBy '/Game/FirstPersonBP/Maps/FirstPersonExampleMap.FirstPersonExampleMap:PersistentLevel.FirstPersonExampleMap'
[2015.11.19-22.00.10:689][407]LogPlayLevel: PlayLevel: No blueprints needed recompiling
[2015.11.19-22.00.10:689][407]PIE: New page: PIE session: FirstPersonExampleMap (Nov 19, 2015, 12:00:10 PM)
[2015.11.19-22.00.10:689][407]LogPlayLevel: Creating play world package: /Game/FirstPersonBP/Maps/UEDPIE_0_FirstPersonExampleMap
[2015.11.19-22.00.10:719][407]LogPlayLevel: PIE: StaticDuplicateObject took: (0.029592s)
[2015.11.19-22.00.10:720][407]LogAIModule: Creating AISystem for world FirstPersonExampleMap
[2015.11.19-22.00.10:720][407]LogPlayLevel: PIE: World Init took: (0.001023s)
[2015.11.19-22.00.10:720][407]LogPlayLevel: PIE: Created PIE world by copying editor world from /Game/FirstPersonBP/Maps/FirstPersonExampleMap.FirstPersonExampleMap to /Game/FirstPersonBP/Maps/UEDPIE_0_FirstPersonExampleMap.FirstPersonExampleMap (0.030973s)
[2015.11.19-22.00.10:794][407]LogInit: XAudio2 using 'Speakers (Conexant SmartAudio HD)' : 2 channels at 48 kHz using 32 bits per sample (channel mask 0x3)
[2015.11.19-22.00.10:837][407]LogInit: FAudioDevice initialized.
[2015.11.19-22.00.10:875][407]LogWorld: Game class is 'FirstPersonGameMode_C'
[2015.11.19-22.00.10:884][407]LogWorld: Bringing World /Game/FirstPersonBP/Maps/UEDPIE_0_FirstPersonExampleMap.FirstPersonExampleMap up for play (max tick rate 0) at 2015.11.19-17.00.10
[2015.11.19-22.00.10:884][407]LogActor:Warning: GameSession /Game/FirstPersonBP/Maps/UEDPIE_0_FirstPersonExampleMap.FirstPersonExampleMap:PersistentLevel.GameSession_2 has natively added scene component(s), but none of them were set as the actor's RootComponent - picking one arbitrarily
[2015.11.19-22.00.10:884][407]LogActor:Warning: GameNetworkManager /Game/FirstPersonBP/Maps/UEDPIE_0_FirstPersonExampleMap.FirstPersonExampleMap:PersistentLevel.GameNetworkManager_2 has natively added scene component(s), but none of them were set as the actor's RootComponent - picking one arbitrarily
[2015.11.19-22.00.10:884][407]LogWorld: Bringing up level for play took: 0.008179
[2015.11.19-22.00.10:903][407]PIE: Info Play in editor start time for /Game/FirstPersonBP/Maps/UEDPIE_0_FirstPersonExampleMap 0.242
[2015.11.19-22.00.10:903][407]LogBlueprintUserMessages: Late PlayInEditor Detection: Level '/Game/FirstPersonBP/Maps/FirstPersonExampleMap.FirstPersonExampleMap:PersistentLevel' has LevelScriptBlueprint '/Game/FirstPersonBP/Maps/FirstPersonExampleMap.FirstPersonExampleMap:PersistentLevel.FirstPersonExampleMap' with GeneratedClass '/Game/FirstPersonBP/Maps/FirstPersonExampleMap.FirstPersonExampleMap_C' with ClassGeneratedBy '/Game/FirstPersonBP/Maps/FirstPersonExampleMap.FirstPersonExampleMap:PersistentLevel.FirstPersonExampleMap'
[2015.11.19-22.00.26:669][227]LogBlueprintUserMessages: Early EndPlayMap Detection: Level '/Game/FirstPersonBP/Maps/FirstPersonExampleMap.FirstPersonExampleMap:PersistentLevel' has LevelScriptBlueprint '/Game/FirstPersonBP/Maps/FirstPersonExampleMap.FirstPersonExampleMap:PersistentLevel.FirstPersonExampleMap' with GeneratedClass '/Game/FirstPersonBP/Maps/FirstPersonExampleMap.FirstPersonExampleMap_C' with ClassGeneratedBy '/Game/FirstPersonBP/Maps/FirstPersonExampleMap.FirstPersonExampleMap:PersistentLevel.FirstPersonExampleMap'
[2015.11.19-22.00.26:750][227]LogBlueprintUserMessages: Late EndPlayMap Detection: Level '/Game/FirstPersonBP/Maps/FirstPersonExampleMap.FirstPersonExampleMap:PersistentLevel' has LevelScriptBlueprint '/Game/FirstPersonBP/Maps/FirstPersonExampleMap.FirstPersonExampleMap:PersistentLevel.FirstPersonExampleMap' with GeneratedClass '/Game/FirstPersonBP/Maps/FirstPersonExampleMap.FirstPersonExampleMap_C' with ClassGeneratedBy '/Game/FirstPersonBP/Maps/FirstPersonExampleMap.FirstPersonExampleMap:PersistentLevel.FirstPersonExampleMap'
[2015.11.19-22.00.26:804][227]LogParticles: Destroying 0 GPU particle simulations for FXSystem 0x000000C3BD198220
[2015.11.19-22.00.41:554][382]LogParticles:Warning: MaxCount = 4064 for Emitter ParticleSpriteEmitter_0 (/Game/Part_lluvia.Part_lluvia)
[2015.11.19-22.00.41:555][382]LogParticles:Warning: MaxCount = 4064 for Emitter ParticleSpriteEmitter_1 (/Game/Part_lluvia.Part_lluvia)
[2015.11.19-22.00.41:555][382]LogParticles:Warning: MaxCount = 4064 for Emitter ParticleSpriteEmitter_2 (/Game/Part_lluvia.Part_lluvia)
[2015.11.19-22.00.41:555][382]LogParticles:Warning: MaxCount = 4064 for Emitter ParticleSpriteEmitter_3 (/Game/Part_lluvia.Part_lluvia)
[2015.11.19-22.01.33:884][845]BlueprintLog: New page: Compile FirstPersonCharacter
[2015.11.19-22.01.34:408][845]BlueprintEditorCompileResults: Info [6825.99] Compile of FirstPersonCharacter successful! [in 513 ms]
[2015.11.19-22.01.37:204][ 61]LogBlueprintUserMessages: Early PlayInEditor Detection: Level '/Game/FirstPersonBP/Maps/FirstPersonExampleMap.FirstPersonExampleMap:PersistentLevel' has LevelScriptBlueprint '/Game/FirstPersonBP/Maps/FirstPersonExampleMap.FirstPersonExampleMap:PersistentLevel.FirstPersonExampleMap' with GeneratedClass '/Game/FirstPersonBP/Maps/FirstPersonExampleMap.FirstPersonExampleMap_C' with ClassGeneratedBy '/Game/FirstPersonBP/Maps/FirstPersonExampleMap.FirstPersonExampleMap:PersistentLevel.FirstPersonExampleMap'
[2015.11.19-22.01.37:204][ 61]LogPlayLevel: PlayLevel: No blueprints needed recompiling
[2015.11.19-22.01.37:204][ 61]PIE: New page: PIE session: FirstPersonExampleMap (Nov 19, 2015, 12:01:37 PM)
[2015.11.19-22.01.37:204][ 61]LogPlayLevel: Creating play world package: /Game/FirstPersonBP/Maps/UEDPIE_0_FirstPersonExampleMap
[2015.11.19-22.01.37:230][ 61]LogPlayLevel: PIE: StaticDuplicateObject took: (0.025881s)
[2015.11.19-22.01.37:231][ 61]LogAIModule: Creating AISystem for world FirstPersonExampleMap
[2015.11.19-22.01.37:231][ 61]LogPlayLevel: PIE: World Init took: (0.001328s)
[2015.11.19-22.01.37:231][ 61]LogPlayLevel: PIE: Created PIE world by copying editor world from /Game/FirstPersonBP/Maps/FirstPersonExampleMap.FirstPersonExampleMap to /Game/FirstPersonBP/Maps/UEDPIE_0_FirstPersonExampleMap.FirstPersonExampleMap (0.027562s)
[2015.11.19-22.01.37:330][ 61]LogInit: XAudio2 using 'Speakers (Conexant SmartAudio HD)' : 2 channels at 48 kHz using 32 bits per sample (channel mask 0x3)
[2015.11.19-22.01.37:385][ 61]LogInit: FAudioDevice initialized.
[2015.11.19-22.01.37:417][ 61]LogWorld: Game class is 'FirstPersonGameMode_C'
[2015.11.19-22.01.37:427][ 61]LogWorld: Bringing World /Game/FirstPersonBP/Maps/UEDPIE_0_FirstPersonExampleMap.FirstPersonExampleMap up for play (max tick rate 0) at 2015.11.19-17.01.37
[2015.11.19-22.01.37:427][ 61]LogActor:Warning: GameSession /Game/FirstPersonBP/Maps/UEDPIE_0_FirstPersonExampleMap.FirstPersonExampleMap:PersistentLevel.GameSession_3 has natively added scene component(s), but none of them were set as the actor's RootComponent - picking one arbitrarily
[2015.11.19-22.01.37:427][ 61]LogActor:Warning: GameNetworkManager /Game/FirstPersonBP/Maps/UEDPIE_0_FirstPersonExampleMap.FirstPersonExampleMap:PersistentLevel.GameNetworkManager_3 has natively added scene component(s), but none of them were set as the actor's RootComponent - picking one arbitrarily
[2015.11.19-22.01.37:428][ 61]LogWorld: Bringing up level for play took: 0.009688
[2015.11.19-22.01.37:458][ 61]PIE: Info Play in editor start time for /Game/FirstPersonBP/Maps/UEDPIE_0_FirstPersonExampleMap 0.798
[2015.11.19-22.01.37:459][ 61]LogBlueprintUserMessages: Late PlayInEditor Detection: Level '/Game/FirstPersonBP/Maps/FirstPersonExampleMap.FirstPersonExampleMap:PersistentLevel' has LevelScriptBlueprint '/Game/FirstPersonBP/Maps/FirstPersonExampleMap.FirstPersonExampleMap:PersistentLevel.FirstPersonExampleMap' with GeneratedClass '/Game/FirstPersonBP/Maps/FirstPersonExampleMap.FirstPersonExampleMap_C' with ClassGeneratedBy '/Game/FirstPersonBP/Maps/FirstPersonExampleMap.FirstPersonExampleMap:PersistentLevel.FirstPersonExampleMap'
[2015.11.19-22.01.54:316][122]LogBlueprintUserMessages: Early EndPlayMap Detection: Level '/Game/FirstPersonBP/Maps/FirstPersonExampleMap.FirstPersonExampleMap:PersistentLevel' has LevelScriptBlueprint '/Game/FirstPersonBP/Maps/FirstPersonExampleMap.FirstPersonExampleMap:PersistentLevel.FirstPersonExampleMap' with GeneratedClass '/Game/FirstPersonBP/Maps/FirstPersonExampleMap.FirstPersonExampleMap_C' with ClassGeneratedBy '/Game/FirstPersonBP/Maps/FirstPersonExampleMap.FirstPersonExampleMap:PersistentLevel.FirstPersonExampleMap'
[2015.11.19-22.01.54:403][122]LogBlueprintUserMessages: Late EndPlayMap Detection: Level '/Game/FirstPersonBP/Maps/FirstPersonExampleMap.FirstPersonExampleMap:PersistentLevel' has LevelScriptBlueprint '/Game/FirstPersonBP/Maps/FirstPersonExampleMap.FirstPersonExampleMap:PersistentLevel.FirstPersonExampleMap' with GeneratedClass '/Game/FirstPersonBP/Maps/FirstPersonExampleMap.FirstPersonExampleMap_C' with ClassGeneratedBy '/Game/FirstPersonBP/Maps/FirstPersonExampleMap.FirstPersonExampleMap:PersistentLevel.FirstPersonExampleMap'
[2015.11.19-22.01.54:455][122]LogParticles: Destroying 0 GPU particle simulations for FXSystem 0x000000C3BA7EE840
[2015.11.19-22.02.08:033][417]LogSavePackage: Save=4952.975098ms
[2015.11.19-22.02.08:033][417]LogSavePackage: Moving '../../../../../../Users/Daniel/Documents/Unreal Projects/Lluvia_2/Saved/FirstPersonExampleMapEB83F38D483665904865C0A8ADE522C3.tmp' to '../../../../../../Users/Daniel/Documents/Unreal Projects/Lluvia_2/Content/FirstPersonBP/Maps/FirstPersonExampleMap.umap'
[2015.11.19-22.02.08:039][417]LogSavePackage: Total save time: 5148.083333ms
[2015.11.19-22.02.08:039][417]LogSavePackage:Warning: Finished SavePackage ../../../../../../Users/Daniel/Documents/Unreal Projects/Lluvia_2/Content/FirstPersonBP/Maps/FirstPersonExampleMap.umap
[2015.11.19-22.02.08:076][417]LogFileHelpers: Saving map 'FirstPersonExampleMap' took 5.467
[2015.11.19-22.02.08:080][417]Cmd: MAP LOAD FILE="../../../Engine/Content/Maps/Templates/Template_Default.umap" TEMPLATE=1 SHOWPROGRESS=1 FEATURELEVEL=3
[2015.11.19-22.02.08:096][417]LightingResults: New page: Lighting Build
[2015.11.19-22.02.08:373][417]LoadErrors: New page: Loading map: Template_Default.umap
[2015.11.19-22.02.08:374][417]MapCheck: New page: Map Check
[2015.11.19-22.02.08:374][417]LightingResults: New page: Lighting Build
[2015.11.19-22.02.08:407][417]LogParticles: Destroying 0 GPU particle simulations for FXSystem 0x000000C3BC7E7880
[2015.11.19-22.02.08:522][417]LogAIModule: Creating AISystem for world Untitled_1
[2015.11.19-22.02.08:538][417]LogEditorServer: Finished looking for orphan Actors (0.000 secs)
[2015.11.19-22.02.08:551][417]Cmd: MAP CHECKDEP NOCLEARLOG
[2015.11.19-22.02.08:698][417]MapCheck: Info Map check complete: 0 Error(s), 0 Warning(s), took 147.231ms to complete.
[2015.11.19-22.02.08:698][417]LogFileHelpers: Loading map 'Template_Default' took 0.620
[2015.11.19-22.02.19:449][ 99]LogEditorViewport: Clicking on Actor (LMB): StaticMeshActor (Floor)
[2015.11.19-22.02.44:747][495]LogTexture:Display: Building textures: Texture2D_2 (G8)
[2015.11.19-22.05.00:510][ 27]LogEditorViewport: Clicking on Actor (LMB): StaticMeshActor (Floor)
[2015.11.19-22.11.59:451][362]LogSavePackage: Save=359.125732ms
[2015.11.19-22.11.59:456][362]LogSavePackage: Moving '../../../../../../Users/Daniel/Documents/Unreal Projects/Lluvia_2/Saved/Untitled_1_Auto1F902163E46EDE071B8C95CA894CCEE42.tmp' to '../../../../../../Users/Daniel/Documents/Unreal Projects/Lluvia_2/Saved/Autosaves/Temp/Untitled_1_Auto1.umap'
[2015.11.19-22.11.59:460][362]LogSavePackage: Total save time: 368.940968ms
[2015.11.19-22.11.59:460][362]LogSavePackage:Warning: Finished SavePackage ../../../../../../Users/Daniel/Documents/Unreal Projects/Lluvia_2/Saved/Autosaves/Temp/Untitled_1_Auto1.umap
[2015.11.19-22.11.59:475][362]LogFileHelpers: Editor autosave (incl. sublevels) for '/Temp/Untitled_1' took 0.457
[2015.11.19-22.11.59:475][362]LogFileHelpers: Editor autosave (incl. sublevels) for all levels took 0.457
[2015.11.19-22.11.59:499][362]OBJ SavePackage: Generating thumbnails for [1] asset(s) in package [/Game/FirstPersonBP/Blueprints/FirstPersonCharacter] ([1] browsable assets)...
[2015.11.19-22.11.59:643][362]OBJ SavePackage:     Rendered thumbnail for [Blueprint /Game/FirstPersonBP/Blueprints/FirstPersonCharacter.FirstPersonCharacter]
[2015.11.19-22.11.59:643][362]OBJ SavePackage: Finished generating thumbnails for package [/Game/FirstPersonBP/Blueprints/FirstPersonCharacter]
[2015.11.19-22.12.00:160][362]LogSavePackage: Save=455.261353ms
[2015.11.19-22.12.00:160][362]LogSavePackage: Moving '../../../../../../Users/Daniel/Documents/Unreal Projects/Lluvia_2/Saved/FirstPersonCharacter_Auto10A5B54B643782D5DAB553F91E7228A58.tmp' to '../../../../../../Users/Daniel/Documents/Unreal Projects/Lluvia_2/Saved/Autosaves/Game/FirstPersonBP/Blueprints/FirstPersonCharacter_Auto1.uasset'
[2015.11.19-22.12.00:212][362]LogSavePackage: Total save time: 560.085222ms
[2015.11.19-22.12.00:212][362]LogSavePackage:Warning: Finished SavePackage ../../../../../../Users/Daniel/Documents/Unreal Projects/Lluvia_2/Saved/Autosaves/Game/FirstPersonBP/Blueprints/FirstPersonCharacter_Auto1.uasset
[2015.11.19-22.12.00:217][362]OBJ SavePackage: Generating thumbnails for [1] asset(s) in package [/Game/Part_lluvia] ([1] browsable assets)...
[2015.11.19-22.12.00:227][362]OBJ SavePackage:     Rendered thumbnail for [ParticleSystem /Game/Part_lluvia.Part_lluvia]
[2015.11.19-22.12.00:227][362]OBJ SavePackage: Finished generating thumbnails for package [/Game/Part_lluvia]
[2015.11.19-22.12.00:227][362]Cmd: OBJ SAVEPACKAGE PACKAGE="/Game/Part_lluvia" FILE="../../../../../../Users/Daniel/Documents/Unreal Projects/Lluvia_2/Saved/Autosaves/Game/Part_lluvia_Auto1.uasset" SILENT=false AUTOSAVING=true
[2015.11.19-22.12.00:256][362]LogSavePackage: Save=18.416218ms
[2015.11.19-22.12.00:256][362]LogSavePackage: Moving '../../../../../../Users/Daniel/Documents/Unreal Projects/Lluvia_2/Saved/Part_lluvia_Auto1495250F24365205EF053ABAD545D5ED3.tmp' to '../../../../../../Users/Daniel/Documents/Unreal Projects/Lluvia_2/Saved/Autosaves/Game/Part_lluvia_Auto1.uasset'
[2015.11.19-22.12.00:258][362]LogSavePackage: Total save time: 28.486874ms
[2015.11.19-22.12.00:258][362]LogSavePackage:Warning: Finished SavePackage ../../../../../../Users/Daniel/Documents/Unreal Projects/Lluvia_2/Saved/Autosaves/Game/Part_lluvia_Auto1.uasset
[2015.11.19-22.12.00:258][362]LogFileHelpers: Auto-saving content packages took 0.774
[2015.11.19-22.21.03:077][415]Cmd: DUPLICATE
[2015.11.19-22.21.03:077][415]Cmd: ACTOR DUPLICATE
[2015.11.19-22.21.14:398][ 15]Cmd: TRANSACTION UNDO
[2015.11.19-22.21.14:398][ 15]LogEditorTransaction: Undo Move Actors
[2015.11.19-22.21.14:449][ 15]LogMaterial: Missing cached shader map for material Mat_Lluvia, compiling. 
[2015.11.19-22.21.14:458][ 15]LogMaterial: 0.000212 seconds spent updating 1 materials, 1 interfaces, 0 instances, 0 with static permutations.
[2015.11.19-22.21.15:247][ 49]Cmd: TRANSACTION UNDO
[2015.11.19-22.21.15:247][ 49]LogEditorTransaction: Undo Move Actors
[2015.11.19-22.21.15:278][ 49]LogMaterial: Missing cached shader map for material Mat_Lluvia, compiling. 
[2015.11.19-22.21.15:290][ 49]LogMaterial: 0.000056 seconds spent updating 1 materials, 1 interfaces, 0 instances, 0 with static permutations.
[2015.11.19-22.21.15:727][ 70]Cmd: TRANSACTION UNDO
[2015.11.19-22.21.15:727][ 70]LogEditorTransaction: Undo Move Actors
[2015.11.19-22.21.15:758][ 70]LogMaterial: Missing cached shader map for material Mat_Lluvia, compiling. 
[2015.11.19-22.21.15:770][ 70]LogMaterial: 0.000058 seconds spent updating 1 materials, 1 interfaces, 0 instances, 0 with static permutations.
[2015.11.19-22.21.41:665][326]LogEditorViewport: Clicking on Actor (LMB): StaticMeshActor (Floor)
[2015.11.19-22.21.42:629][371]MaterialEditorStats: Info Base pass shader without light map: 6 instructions
[2015.11.19-22.21.42:629][371]MaterialEditorStats: Info Vertex shader: 70 instructions
[2015.11.19-22.21.42:629][371]MaterialEditorStats: Info Texture samplers: 4/16
[2015.11.19-22.21.43:849][431]LogEditorViewport: Clicking on Actor (LMB): StaticMeshActor (Floor2)
[2015.11.19-22.21.48:614][663]LogEditorViewport: Clicking on Actor (LMB): BP_Sky_Sphere_C (Sky Sphere)
[2015.11.19-22.21.54:044][943]LogEditorViewport: Clicking on Actor (LMB): StaticMeshActor (Floor)
[2015.11.19-22.21.54:928][984]LogEditorViewport: Clicking on Actor (CTRL LMB): StaticMeshActor (Floor2)
[2015.11.19-22.21.57:177][ 91]Cmd: DUPLICATE
[2015.11.19-22.21.57:177][ 91]Cmd: ACTOR DUPLICATE
[2015.11.19-22.22.14:221][872]LogEditorViewport: Clicking on Actor (LMB): BP_Sky_Sphere_C (Sky Sphere)
[2015.11.19-22.22.14:823][899]Cmd: TRANSACTION UNDO
[2015.11.19-22.22.14:823][899]LogEditorTransaction: Undo Clicking on Actors
[2015.11.19-22.22.14:891][899]LogMaterial: Missing cached shader map for material Mat_Lluvia, compiling. 
[2015.11.19-22.22.14:897][899]LogMaterial: 0.000064 seconds spent updating 1 materials, 1 interfaces, 0 instances, 0 with static permutations.
[2015.11.19-22.22.15:368][918]Cmd: TRANSACTION UNDO
[2015.11.19-22.22.15:368][918]LogEditorTransaction: Undo Set actor location
[2015.11.19-22.22.15:403][918]LogMaterial: Missing cached shader map for material Mat_Lluvia, compiling. 
[2015.11.19-22.22.15:416][918]LogMaterial: 0.000053 seconds spent updating 1 materials, 1 interfaces, 0 instances, 0 with static permutations.
[2015.11.19-22.22.20:304][143]LogEditorViewport: Clicking on Actor (LMB): BP_Sky_Sphere_C (Sky Sphere)
[2015.11.19-22.22.22:442][244]LogEditorViewport: Clicking on Actor (LMB): StaticMeshActor (Floor3)
[2015.11.19-22.22.29:502][549]LogEditorViewport: Clicking on Actor (LMB): StaticMeshActor (Floor4)
[2015.11.19-22.22.35:991][834]LogEditorViewport: Clicking on Actor (LMB): BP_Sky_Sphere_C (Sky Sphere)
[2015.11.19-22.22.36:434][853]MaterialEditorStats: Info Base pass shader without light map: 6 instructions
[2015.11.19-22.22.36:434][853]MaterialEditorStats: Info Vertex shader: 70 instructions
[2015.11.19-22.22.36:434][853]MaterialEditorStats: Info Texture samplers: 4/16
[2015.11.19-22.22.38:572][956]LogEditorViewport: Clicking on Actor (LMB): StaticMeshActor (Floor)
[2015.11.19-22.22.39:458][999]LogEditorViewport: Clicking on Actor (CTRL LMB): StaticMeshActor (Floor3)
[2015.11.19-22.22.40:272][ 39]LogEditorViewport: Clicking on Actor (CTRL LMB): StaticMeshActor (Floor4)
[2015.11.19-22.22.41:089][ 78]LogEditorViewport: Clicking on Actor (CTRL LMB): StaticMeshActor (Floor2)
[2015.11.19-22.22.54:851][766]LogEditorViewport: Clicking on Actor (LMB): BP_Sky_Sphere_C (Sky Sphere)
[2015.11.19-22.22.56:448][849]LogEditorViewport: Clicking on Actor (LMB): StaticMeshActor (Floor6)
[2015.11.19-22.22.57:518][904]LogEditorViewport: Clicking on Actor (CTRL LMB): StaticMeshActor (Floor8)
[2015.11.19-22.22.59:266][983]LogEditorViewport: Clicking on Actor (LMB): StaticMeshActor (Floor8)
[2015.11.19-22.23.07:110][335]LogEditorViewport: Clicking on Actor (LMB): StaticMeshActor (Floor7)
[2015.11.19-22.23.13:558][639]LogEditorViewport: Clicking on Actor (LMB): BP_Sky_Sphere_C (Sky Sphere)
[2015.11.19-22.23.14:430][681]LogEditorViewport: Clicking on Actor (LMB): StaticMeshActor (Floor6)
[2015.11.19-22.23.15:637][741]LogEditorViewport: Clicking on Actor (LMB): StaticMeshActor (Floor5)
[2015.11.19-22.23.16:937][801]LogEditorViewport: Clicking on Actor (LMB): StaticMeshActor (Floor6)
[2015.11.19-22.23.19:444][925]LogEditorViewport: Clicking on Actor (LMB): StaticMeshActor (Floor5)
[2015.11.19-22.23.24:786][186]LogEditorViewport: Clicking on Actor (LMB): StaticMeshActor (Floor6)
[2015.11.19-22.23.34:369][631]LogEditorViewport: Clicking on Actor (LMB): StaticMeshActor (Floor5)
[2015.11.19-22.23.47:335][214]LogEditorViewport: Clicking on Actor (CTRL LMB): StaticMeshActor (Floor6)
[2015.11.19-22.23.48:041][248]LogEditorViewport: Clicking on Actor (CTRL LMB): StaticMeshActor (Floor8)
[2015.11.19-22.23.48:541][271]LogEditorViewport: Clicking on Actor (CTRL LMB): StaticMeshActor (Floor7)
[2015.11.19-22.23.49:633][320]LogEditorViewport: Clicking on Actor (CTRL LMB): StaticMeshActor (Floor)
[2015.11.19-22.23.50:156][343]LogEditorViewport: Clicking on Actor (CTRL LMB): StaticMeshActor (Floor2)
[2015.11.19-22.23.51:102][387]LogEditorViewport: Clicking on Actor (CTRL LMB): StaticMeshActor (Floor4)
[2015.11.19-22.23.51:517][405]LogEditorViewport: Clicking on Actor (CTRL LMB): StaticMeshActor (Floor3)
[2015.11.19-22.24.00:748][829]LogEditorViewport: Clicking on Actor (LMB): BP_Sky_Sphere_C (Sky Sphere)
[2015.11.19-22.24.14:260][499]LogEditorViewport: Clicking on Actor (LMB): StaticMeshActor (Floor12)
[2015.11.19-22.24.15:292][549]LogEditorViewport: Clicking on Actor (CTRL LMB): StaticMeshActor (Floor10)
[2015.11.19-22.24.15:939][578]LogEditorViewport: Clicking on Actor (CTRL LMB): StaticMeshActor (Floor16)
[2015.11.19-22.24.16:667][610]LogEditorViewport: Clicking on Actor (CTRL LMB): StaticMeshActor (Floor14)
[2015.11.19-22.24.25:721][ 21]LogEditorViewport: Clicking on Actor (LMB): StaticMeshActor (Floor9)
[2015.11.19-22.24.27:343][ 99]LogEditorViewport: Clicking on Actor (CTRL LMB): StaticMeshActor (Floor13)
[2015.11.19-22.24.27:812][120]LogEditorViewport: Clicking on Actor (CTRL LMB): StaticMeshActor (Floor15)
[2015.11.19-22.24.28:485][150]LogEditorViewport: Clicking on Actor (CTRL LMB): StaticMeshActor (Floor11)
[2015.11.19-22.24.35:457][458]LogEditorViewport: Clicking on Actor (LMB): BP_Sky_Sphere_C (Sky Sphere)
[2015.11.19-22.24.44:482][913]LogEditorViewport: Clicking on Actor (LMB): BP_Sky_Sphere_C (Sky Sphere)
[2015.11.19-22.24.55:090][468]Cmd: BRUSH ADD SELECTNEWBRUSH
[2015.11.19-22.25.36:732][361]LogEditorViewport: Clicking on Actor (LMB): StaticMeshActor (Floor11)
[2015.11.19-22.25.45:504][773]LogEditorViewport: Clicking on Actor (LMB): Brush (Spiral Stair Brush)
[2015.11.19-22.25.45:591][775]LogEditorViewport: Clicking on Actor (double click): Brush (Spiral Stair Brush)
[2015.11.19-22.25.46:367][812]Cmd: EDCALLBACK SURFPROPS
[2015.11.19-22.25.51:794][ 72]Cmd: EDCALLBACK SURFPROPS
[2015.11.19-22.25.57:962][383]LogEditorViewport: Clicking on Actor (LMB): StaticMeshActor (Floor9)
[2015.11.19-22.28.17:917][ 63]LogEditorViewport: Clicking on Actor (LMB): StaticMeshActor (Floor8)
[2015.11.19-22.28.39:580][103]LogEditorViewport: Clicking on Actor (LMB): Brush (Spiral Stair Brush)
[2015.11.19-22.28.40:424][142]Cmd: DELETE
[2015.11.19-22.28.40:424][142]Cmd: ACTOR DELETE
[2015.11.19-22.28.40:427][142]LogEditorActor: Deleted Actor: Brush
[2015.11.19-22.28.40:430][142]LogActorComponent: UnregisterComponent: (/Engine/Transient.CharMoveComp) Not registered. Aborting.
[2015.11.19-22.28.40:509][142]LogEditorActor: Deleted 1 Actors (0.084 secs)
[2015.11.19-22.28.42:455][243]Cmd: BRUSH ADD SELECTNEWBRUSH
[2015.11.19-22.28.49:557][581]LogEditorViewport: Clicking on Actor (LMB): StaticMeshActor (Floor3)
[2015.11.19-22.29.17:098][871]LogEditorViewport: Clicking on Actor (LMB): StaticMeshActor (Floor12)
[2015.11.19-22.29.20:048][  8]LogEditorViewport: Clicking on Actor (LMB): StaticMeshActor (Floor12)
[2015.11.19-22.29.29:242][448]LogEditorViewport: Clicking on Actor (LMB): StaticMeshActor (Floor4)
[2015.11.19-22.29.32:228][586]MapCheck: New page: Map Check
[2015.11.19-22.29.32:299][586]Cmd: MAP REBUILD ALLVISIBLE
[2015.11.19-22.29.32:301][586]LogEditorServer: Rebuildmap Clear paths rebuilt
[2015.11.19-22.29.32:410][586]MapCheck:Warning: Warning WorldSettings_1 Hierarchical LOD System is disabled or no HLOD level settings available, unable to build LOD actors. 
[2015.11.19-22.29.32:410][586]LogStats:          STAT_HLOD_BuildClusters - 49.306 ms
[2015.11.19-22.29.32:418][586]LightingResults: New page: Lighting Build - Nov 19, 2015, 12:29:32 PM
[2015.11.19-22.29.44:188][586]LogStaticLightingSystem:Warning: No importance volume found, so the scene bounding box was used.  You can optimize your scene's quality and lighting build times by adding importance volumes.
[2015.11.19-22.29.44:199][586]LogStaticLightingSystem: Running Lightmass w/ ImmediateImport mode ENABLED
[2015.11.19-22.29.44:199][586]LogStaticLightingSystem: Running Lightmass w/ ImmediateProcess mode ENABLED
[2015.11.19-22.29.44:199][586]LogStaticLightingSystem: Running Lightmass w/ Sorting mode ENABLED
[2015.11.19-22.29.44:199][586]LogStaticLightingSystem: Running Lightmass w/ Mapping paddings ENABLED
[2015.11.19-22.29.44:199][586]LogStaticLightingSystem: Running Lightmass w/ Mapping debug paddings DISABLED
[2015.11.19-22.29.44:713][586]LogEditorBuildUtils: Build time 0:00:12
[2015.11.19-22.29.48:239][686]LogSavePackage: Save=71.465286ms
[2015.11.19-22.29.48:239][686]LogSavePackage: Moving '../../../../../../Users/Daniel/Documents/Unreal Projects/Lluvia_2/Saved/Untitled_1_Auto272A9FEE641FFB70A0DF9F1B0E5EB3725.tmp' to '../../../../../../Users/Daniel/Documents/Unreal Projects/Lluvia_2/Saved/Autosaves/Temp/Untitled_1_Auto2.umap'
[2015.11.19-22.29.48:240][686]LogSavePackage: Total save time: 73.549997ms
[2015.11.19-22.29.48:240][686]LogSavePackage:Warning: Finished SavePackage ../../../../../../Users/Daniel/Documents/Unreal Projects/Lluvia_2/Saved/Autosaves/Temp/Untitled_1_Auto2.umap
[2015.11.19-22.29.48:243][686]LogFileHelpers: Editor autosave (incl. sublevels) for '/Temp/Untitled_1' took 0.144
[2015.11.19-22.29.48:243][686]LogFileHelpers: Editor autosave (incl. sublevels) for all levels took 0.144
[2015.11.19-22.30.00:516][270]Job is a success!
[2015.11.19-22.30.00:872][271]LogTexture:Display: Building textures: HQ_Lightmap0_1 (AutoDXT)
[2015.11.19-22.30.00:992][271]LogTexture:Display: Building textures: LQ_Lightmap_0_6 (DXT1)
[2015.11.19-22.30.00:993][271]LogTexture:Display: Building textures: HQ_Lightmap0_6 (AutoDXT)
[2015.11.19-22.30.00:995][271]LogTexture:Display: Building textures: LQ_Lightmap_0_5 (DXT1)
[2015.11.19-22.30.01:067][271]LogTexture:Display: Building textures: HQ_Lightmap0_5 (AutoDXT)
[2015.11.19-22.30.01:202][271]LogTexture:Display: Building textures: LQ_Lightmap_0_4 (DXT1)
[2015.11.19-22.30.01:209][271]LogTexture:Display: Building textures: HQ_Lightmap0_4 (AutoDXT)
[2015.11.19-22.30.01:233][271]LogTexture:Display: Building textures: LQ_Lightmap_0_3 (DXT1)
[2015.11.19-22.30.01:257][271]LogTexture:Display: Building textures: HQ_Lightmap0_3 (AutoDXT)
[2015.11.19-22.30.01:327][271]LogTexture:Display: Building textures: LQ_Lightmap_1_2 (DXT1)
[2015.11.19-22.30.01:355][271]LogTexture:Display: Building textures: HQ_Lightmap1_2 (AutoDXT)
[2015.11.19-22.30.01:450][271]LogTexture:Display: Building textures: LQ_Lightmap_0_1 (DXT1)
[2015.11.19-22.30.01:549][271]LogTexture:Display: Building textures: ShadowMapTexture2D_0 (G8)
[2015.11.19-22.30.01:597][271]LogTexture:Display: Building textures: ShadowMapTexture2D_3 (G8)
[2015.11.19-22.30.01:657][271]LogTexture:Display: Building textures: ShadowMapTexture2D_4 (G8)
[2015.11.19-22.30.01:684][271]LogTexture:Display: Building textures: ShadowMapTexture2D_5 (G8)
[2015.11.19-22.30.01:848][271]LogTexture:Display: Building textures: ShadowMapTexture2D_6 (G8)
[2015.11.19-22.30.01:876][271]LogTexture:Display: Building textures: ShadowMapTexture2D_7 (G8)
[2015.11.19-22.30.07:663][271]Lightmass on JORGE: 15.8 sec total, 658 ms importing, 8 ms setup, 1.88 sec photons, 13.3 sec processing, 0 ms extra exporting [41/41 mappings]. Threads: 52.9 sec total, 34.3 sec processing.
[2015.11.19-22.30.07:734][271]LogStaticLightingSystem: Illumination: 35.2 sec (1.20 sec encoding lightmaps)
[2015.11.19-22.30.07:734][271]LogStaticLightingSystem: Lightmap texture memory:  2.4 MB (1.1 MB streaming, 1.3 MB non-streaming), 12 textures
[2015.11.19-22.30.07:734][271]LogStaticLightingSystem: Shadowmap texture memory: 1.2 MB (0.5 MB streaming, 0.7 MB non-streaming), 6 textures
[2015.11.19-22.30.08:205][272]Cmd: MAP CHECK NOTIFYRESULTS
[2015.11.19-22.30.08:205][272]MapCheck: New page: Untitled_1 - Nov 19, 2015, 12:30:08 PM
[2015.11.19-22.30.08:429][272]MapCheck: Info Map check complete: 0 Error(s), 0 Warning(s), took 223.886ms to complete.
[2015.11.19-22.31.49:239][475]Cmd: DELETE
[2015.11.19-22.31.49:239][475]Cmd: ACTOR DELETE
[2015.11.19-22.31.49:241][475]LogEditorActor: Deleted Actor: Brush
[2015.11.19-22.31.49:326][475]LogEditorActor: Deleted 1 Actors (0.087 secs)
[2015.11.19-22.31.50:374][526]LogEditorViewport: Clicking on Actor (LMB): StaticMeshActor (Floor4)
[2015.11.19-22.32.14:877][935]LogSavePackage: Save=134.391174ms
[2015.11.19-22.32.14:877][935]LogSavePackage: Moving '../../../../../../Users/Daniel/Documents/Unreal Projects/Lluvia_2/Saved/FirstPersonCharacter215288AC4B74F558E3CAC48EA80FE1C3.tmp' to '../../../../../../Users/Daniel/Documents/Unreal Projects/Lluvia_2/Content/FirstPersonBP/Blueprints/FirstPersonCharacter.uasset'
[2015.11.19-22.32.14:882][935]LogSavePackage: Total save time: 150.880981ms
[2015.11.19-22.32.14:882][935]LogSavePackage:Warning: Finished SavePackage ../../../../../../Users/Daniel/Documents/Unreal Projects/Lluvia_2/Content/FirstPersonBP/Blueprints/FirstPersonCharacter.uasset
[2015.11.19-22.32.14:889][935]Cmd: OBJ SAVEPACKAGE PACKAGE="/Game/Part_lluvia" FILE="../../../../../../Users/Daniel/Documents/Unreal Projects/Lluvia_2/Content/Part_lluvia.uasset" SILENT=true
[2015.11.19-22.32.14:914][935]LogSavePackage: Save=15.039464ms
[2015.11.19-22.32.14:914][935]LogSavePackage: Moving '../../../../../../Users/Daniel/Documents/Unreal Projects/Lluvia_2/Saved/Part_lluvia31C8F153463D32154EA8969279342EEC.tmp' to '../../../../../../Users/Daniel/Documents/Unreal Projects/Lluvia_2/Content/Part_lluvia.uasset'
[2015.11.19-22.32.14:917][935]LogSavePackage: Total save time: 26.800074ms
[2015.11.19-22.32.14:917][935]LogSavePackage:Warning: Finished SavePackage ../../../../../../Users/Daniel/Documents/Unreal Projects/Lluvia_2/Content/Part_lluvia.uasset
[2015.11.19-22.32.15:047][935]LogCascade: Quitting Cascade. FXSystem=0x000000C3E4B95940
[2015.11.19-22.32.15:328][935]LogWindowsTextInputMethodSystem:Display: IME system now deactivated.
[2015.11.19-22.32.15:790][936]Cmd: QUIT_EDITOR
[2015.11.19-22.32.19:625][936]LogExit: Preparing to exit.
[2015.11.19-22.32.20:594][936]LogExit: Editor shut down
[2015.11.19-22.32.20:596][936]LogExit: Transaction tracking system shut down
[2015.11.19-22.32.20:600][936]LogParticles: Destroying 0 GPU particle simulations for FXSystem 0x000000C3D8231DA0
[2015.11.19-22.32.20:605][936]LogParticles: Destroying 0 GPU particle simulations for FXSystem 0x000000C3E4B97420
[2015.11.19-22.32.20:605][936]LogParticles: Destroying 0 GPU particle simulations for FXSystem 0x000000C3E4B97240
[2015.11.19-22.32.20:605][936]LogParticles: Destroying 0 GPU particle simulations for FXSystem 0x000000C3E4B95940
[2015.11.19-22.32.20:635][936]LogParticles: Destroying 0 GPU particle simulations for FXSystem 0x000000C3F419AE80
[2015.11.19-22.32.20:638][936]LogParticles: Destroying 0 GPU particle simulations for FXSystem 0x000000C3F7D04D60
[2015.11.19-22.32.20:639][936]LogParticles: Destroying 0 GPU particle simulations for FXSystem 0x000000C3BA3B1EE0
[2015.11.19-22.32.20:644][936]LogParticles: Destroying 0 GPU particle simulations for FXSystem 0x000000C3D814C540
[2015.11.19-22.32.20:927][936]LogExit: Object subsystem successfully closed.
[2015.11.19-22.32.20:942][936]LogD3D11RHI: Shutdown
[2015.11.19-22.32.20:942][936]LogD3D11RHI: CleanupD3DDevice
[2015.11.19-22.32.21:070][936]LogD3D11RHI: ~FD3D11DynamicRHI
[2015.11.19-22.32.21:132][936]LogModuleManager: Shutting down and abandoning module NewLevelDialog (202)
[2015.11.19-22.32.21:133][936]LogModuleManager: Shutting down and abandoning module BlueprintGraph (201)
[2015.11.19-22.32.21:133][936]LogModuleManager: Shutting down and abandoning module MaterialEditor (200)
[2015.11.19-22.32.21:133][936]LogModuleManager: Shutting down and abandoning module DistCurveEditor (199)
[2015.11.19-22.32.21:133][936]LogModuleManager: Shutting down and abandoning module Cascade (198)
[2015.11.19-22.32.21:133][936]LogModuleManager: Shutting down and abandoning module CrashTracker (197)
[2015.11.19-22.32.21:133][936]LogModuleManager: Shutting down and abandoning module SceneOutliner (196)
[2015.11.19-22.32.21:133][936]LogModuleManager: Shutting down and abandoning module SuperSearch (195)
[2015.11.19-22.32.21:133][936]LogModuleManager: Shutting down and abandoning module WidgetCarousel (194)
[2015.11.19-22.32.21:133][936]LogModuleManager: Shutting down and abandoning module AddContentDialog (193)
[2015.11.19-22.32.21:143][936]LogModuleManager: Shutting down and abandoning module EditorWidgets (192)
[2015.11.19-22.32.21:143][936]LogModuleManager: Shutting down and abandoning module CollectionManager (191)
[2015.11.19-22.32.21:144][936]LogModuleManager: Shutting down and abandoning module StatsViewer (190)
[2015.11.19-22.32.21:144][936]LogModuleManager: Shutting down and abandoning module FoliageEdit (189)
[2015.11.19-22.32.21:144][936]LogModuleManager: Shutting down and abandoning module LandscapeEditor (188)
[2015.11.19-22.32.21:144][936]LogModuleManager: Shutting down and abandoning module ActorPickerMode (187)
[2015.11.19-22.32.21:144][936]LogModuleManager: Shutting down and abandoning module GeometryMode (186)
[2015.11.19-22.32.21:144][936]LogModuleManager: Shutting down and abandoning module TextureAlignMode (185)
[2015.11.19-22.32.21:145][936]LogModuleManager: Shutting down and abandoning module BspMode (184)
[2015.11.19-22.32.21:145][936]LogModuleManager: Shutting down and abandoning module PlacementMode (183)
[2015.11.19-22.32.21:145][936]LogModuleManager: Shutting down and abandoning module AutomationWorker (182)
[2015.11.19-22.32.21:145][936]LogModuleManager: Shutting down and abandoning module CharacterAI (181)
[2015.11.19-22.32.21:145][936]LogModuleManager: Shutting down and abandoning module SmartSnapping (180)
[2015.11.19-22.32.21:145][936]LogModuleManager: Shutting down and abandoning module ViewportSnapping (179)
[2015.11.19-22.32.21:145][936]LogModuleManager: Shutting down and abandoning module LogVisualizer (178)
[2015.11.19-22.32.21:145][936]LogModuleManager: Shutting down and abandoning module GameProjectGeneration (177)
[2015.11.19-22.32.21:145][936]LogModuleManager: Shutting down and abandoning module IntroTutorials (176)
[2015.11.19-22.32.21:145][936]LogModuleManager: Shutting down and abandoning module EditorLiveStreaming (175)
[2015.11.19-22.32.21:145][936]LogModuleManager: Shutting down and abandoning module IOSPlatformEditor (174)
[2015.11.19-22.32.21:145][936]LogModuleManager: Shutting down and abandoning module HTML5PlatformEditor (173)
[2015.11.19-22.32.21:145][936]LogModuleManager: Shutting down and abandoning module AndroidDeviceDetection (172)
[2015.11.19-22.32.21:806][936]LogModuleManager: Shutting down and abandoning module AndroidPlatformEditor (171)
[2015.11.19-22.32.21:806][936]LogModuleManager: Shutting down and abandoning module IOSRuntimeSettings (170)
[2015.11.19-22.32.21:806][936]LogModuleManager: Shutting down and abandoning module AndroidRuntimeSettings (169)
[2015.11.19-22.32.21:806][936]LogModuleManager: Shutting down and abandoning module MergeActors (168)
[2015.11.19-22.32.21:806][936]LogModuleManager: Shutting down and abandoning module SizeMap (167)
[2015.11.19-22.32.21:807][936]LogModuleManager: Shutting down and abandoning module TreeMap (166)
[2015.11.19-22.32.21:807][936]LogModuleManager: Shutting down and abandoning module ReferenceViewer (165)
[2015.11.19-22.32.21:807][936]LogModuleManager: Shutting down and abandoning module LocalizationService (164)
[2015.11.19-22.32.21:807][936]LogModuleManager: Shutting down and abandoning module LocalizationDashboard (163)
[2015.11.19-22.32.21:807][936]LogModuleManager: Shutting down and abandoning module HardwareTargeting (162)
[2015.11.19-22.32.21:807][936]LogModuleManager: Shutting down and abandoning module DeviceProfileEditor (161)
[2015.11.19-22.32.21:807][936]LogModuleManager: Shutting down and abandoning module UndoHistory (160)
[2015.11.19-22.32.21:807][936]LogModuleManager: Shutting down and abandoning module GameplayTagsEditor (159)
[2015.11.19-22.32.21:807][936]LogModuleManager: Shutting down and abandoning module UserFeedback (158)
[2015.11.19-22.32.21:807][936]LogModuleManager: Shutting down and abandoning module XmlParser (157)
[2015.11.19-22.32.21:807][936]LogModuleManager: Shutting down and abandoning module Blutility (156)
[2015.11.19-22.32.21:807][936]LogModuleManager: Shutting down and abandoning module ProjectTargetPlatformEditor (155)
[2015.11.19-22.32.21:807][936]LogModuleManager: Shutting down and abandoning module ProjectSettingsViewer (154)
[2015.11.19-22.32.21:807][936]LogModuleManager: Shutting down and abandoning module InputBindingEditor (153)
[2015.11.19-22.32.21:807][936]LogModuleManager: Shutting down and abandoning module EditorSettingsViewer (152)
[2015.11.19-22.32.21:808][936]LogModuleManager: Shutting down and abandoning module SettingsEditor (151)
[2015.11.19-22.32.21:808][936]LogModuleManager: Shutting down and abandoning module ProjectLauncher (150)
[2015.11.19-22.32.21:808][936]LogModuleManager: Shutting down and abandoning module SessionFrontend (149)
[2015.11.19-22.32.21:808][936]LogModuleManager: Shutting down and abandoning module ProfilerClient (148)
[2015.11.19-22.32.21:808][936]LogModuleManager: Shutting down and abandoning module TargetDeviceServices (147)
[2015.11.19-22.32.21:808][936]LogModuleManager: Shutting down and abandoning module DeviceManager (146)
[2015.11.19-22.32.21:809][936]LogModuleManager: Shutting down and abandoning module AutomationController (145)
[2015.11.19-22.32.21:809][936]LogModuleManager: Shutting down and abandoning module AutomationWindow (144)
[2015.11.19-22.32.21:809][936]LogModuleManager: Shutting down and abandoning module Layers (143)
[2015.11.19-22.32.21:809][936]LogModuleManager: Shutting down and abandoning module ComponentVisualizers (142)
[2015.11.19-22.32.21:809][936]LogModuleManager: Shutting down and abandoning module DetailCustomizations (141)
[2015.11.19-22.32.21:809][936]LogModuleManager: Shutting down and abandoning module PackagesDialog (140)
[2015.11.19-22.32.21:809][936]LogModuleManager: Shutting down and abandoning module Persona (139)
[2015.11.19-22.32.21:809][936]LogModuleManager: Shutting down and abandoning module Kismet (138)
[2015.11.19-22.32.21:809][936]LogModuleManager: Shutting down and abandoning module GraphEditor (137)
[2015.11.19-22.32.21:809][936]LogModuleManager: Shutting down and abandoning module ClassViewer (136)
[2015.11.19-22.32.21:809][936]LogModuleManager: Shutting down and abandoning module Toolbox (135)
[2015.11.19-22.32.21:809][936]LogModuleManager: Shutting down and abandoning module ModuleUI (134)
[2015.11.19-22.32.21:809][936]LogModuleManager: Shutting down and abandoning module MovieSceneTools (133)
[2015.11.19-22.32.21:809][936]LogModuleManager: Shutting down and abandoning module OutputLog (132)
[2015.11.19-22.32.21:809][936]LogModuleManager: Shutting down and abandoning module GammaUI (131)
[2015.11.19-22.32.21:810][936]LogModuleManager: Shutting down and abandoning module Documentation (130)
[2015.11.19-22.32.21:810][936]LogModuleManager: Shutting down and abandoning module GameLiveStreaming (129)
[2015.11.19-22.32.21:810][936]LogModuleManager: Shutting down and abandoning module StreamingPauseRendering (128)
[2015.11.19-22.32.21:810][936]LogModuleManager: Shutting down and abandoning module AnalyticsET (127)
[2015.11.19-22.32.21:810][936]LogModuleManager: Shutting down and abandoning module Analytics (126)
[2015.11.19-22.32.21:810][936]LogModuleManager: Shutting down and abandoning module AITestSuite (125)
[2015.11.19-22.32.21:810][936]LogModuleManager: Shutting down and abandoning module GameplayDebugger (124)
[2015.11.19-22.32.21:810][936]LogModuleManager: Shutting down and abandoning module AIModule (123)
[2015.11.19-22.32.21:810][936]LogModuleManager: Shutting down and abandoning module ProfilerService (122)
[2015.11.19-22.32.21:920][936]LogModuleManager: Shutting down and abandoning module TaskGraph (121)
[2015.11.19-22.32.21:920][936]LogModuleManager: Shutting down and abandoning module SlateRemote (120)
[2015.11.19-22.32.21:920][936]LogModuleManager: Shutting down and abandoning module SteamVRController (119)
[2015.11.19-22.32.21:920][936]LogModuleManager: Shutting down and abandoning module SteamVR (118)
[2015.11.19-22.32.21:920][936]LogModuleManager: Shutting down and abandoning module ProceduralMeshComponent (117)
[2015.11.19-22.32.21:920][936]LogModuleManager: Shutting down and abandoning module OculusRift (116)
[2015.11.19-22.32.21:920][936]LogModuleManager: Shutting down and abandoning module OculusLibrary (115)
[2015.11.19-22.32.21:920][936]LogModuleManager: Shutting down and abandoning module LeapMotionController (114)
[2015.11.19-22.32.21:936][936]LogModuleManager: Shutting down and abandoning module CustomMeshComponent (113)
[2015.11.19-22.32.21:936][936]LogModuleManager: Shutting down and abandoning module CableComponent (112)
[2015.11.19-22.32.21:936][936]LogModuleManager: Shutting down and abandoning module ArchVisCharacter (111)
[2015.11.19-22.32.21:936][936]LogModuleManager: Shutting down and abandoning module MessagingDebugger (110)
[2015.11.19-22.32.21:936][936]LogModuleManager: Shutting down and abandoning module MediaPlayerEditor (109)
[2015.11.19-22.32.21:936][936]LogModuleManager: Shutting down and abandoning module HTML5Networking (108)
[2015.11.19-22.32.21:936][936]LogModuleManager: Shutting down and abandoning module SpeedTreeImporter (107)
[2015.11.19-22.32.21:936][936]LogModuleManager: Shutting down and abandoning module PluginBrowser (106)
[2015.11.19-22.32.21:936][936]LogModuleManager: Shutting down and abandoning module EpicSurvey (105)
[2015.11.19-22.32.21:936][936]LogModuleManager: Shutting down and abandoning module DesktopPlatform (104)
[2015.11.19-22.32.21:936][936]LogModuleManager: Shutting down and abandoning module VisualStudioSourceCodeAccess (103)
[2015.11.19-22.32.21:936][936]LogModuleManager: Shutting down and abandoning module UObjectPlugin (102)
[2015.11.19-22.32.21:936][936]LogModuleManager: Shutting down and abandoning module SubversionSourceControl (101)
[2015.11.19-22.32.21:936][936]LogModuleManager: Shutting down and abandoning module PerforceSourceControl (100)
[2015.11.19-22.32.21:936][936]LogModuleManager: Shutting down and abandoning module SourceControl (99)
[2015.11.19-22.32.21:936][936]LogModuleManager: Shutting down and abandoning module GitSourceControl (98)
[2015.11.19-22.32.21:936][936]LogModuleManager: Shutting down and abandoning module LightPropagationVolumeEditor (97)
[2015.11.19-22.32.21:936][936]LogModuleManager: Shutting down and abandoning module PaperTiledImporter (96)
[2015.11.19-22.32.21:936][936]LogModuleManager: Shutting down and abandoning module PaperSpriteSheetImporter (95)
[2015.11.19-22.32.21:936][936]LogModuleManager: Shutting down and abandoning module MeshPaint (94)
[2015.11.19-22.32.21:936][936]LogModuleManager: Shutting down and abandoning module SlateReflector (93)
[2015.11.19-22.32.21:936][936]LogModuleManager: Shutting down and abandoning module HotReload (92)
[2015.11.19-22.32.21:937][936]LogModuleManager: Shutting down and abandoning module MainFrame (91)
[2015.11.19-22.32.21:937][936]LogModuleManager: Shutting down and abandoning module LevelEditor (90)
[2015.11.19-22.32.21:938][936]LogModuleManager: Shutting down and abandoning module DirectoryWatcher (89)
[2015.11.19-22.32.21:945][936]LogModuleManager: Shutting down and abandoning module AssetRegistry (88)
[2015.11.19-22.32.22:071][936]LogModuleManager: Shutting down and abandoning module ContentBrowser (87)
[2015.11.19-22.32.22:072][936]LogModuleManager: Shutting down and abandoning module Paper2DEditor (86)
[2015.11.19-22.32.22:072][936]LogModuleManager: Shutting down and abandoning module UdpMessaging (85)
[2015.11.19-22.32.22:173][936]LogModuleManager: Shutting down and abandoning module LightPropagationVolumeRuntime (84)
[2015.11.19-22.32.22:173][936]LogModuleManager: Shutting down and abandoning module Paper2D (83)
[2015.11.19-22.32.22:173][936]LogModuleManager: Shutting down and abandoning module WindowsMoviePlayer (82)
[2015.11.19-22.32.22:173][936]LogModuleManager: Shutting down and abandoning module Media (81)
[2015.11.19-22.32.22:173][936]LogModuleManager: Shutting down and abandoning module WmfMedia (80)
[2015.11.19-22.32.22:173][936]LogModuleManager: Shutting down and abandoning module OnlineBlueprintSupport (79)
[2015.11.19-22.32.22:173][936]LogModuleManager: Shutting down and abandoning module GameplayTasksEditor (78)
[2015.11.19-22.32.22:173][936]LogModuleManager: Shutting down and abandoning module PropertyEditor (77)
[2015.11.19-22.32.22:173][936]LogModuleManager: Shutting down and abandoning module BehaviorTreeEditor (76)
[2015.11.19-22.32.22:173][936]LogModuleManager: Shutting down and abandoning module FunctionalTesting (75)
[2015.11.19-22.32.22:173][936]LogModuleManager: Shutting down and abandoning module CollisionAnalyzer (74)
[2015.11.19-22.32.22:173][936]LogModuleManager: Shutting down and abandoning module WorkspaceMenuStructure (73)
[2015.11.19-22.32.22:173][936]LogModuleManager: Shutting down and abandoning module MessageLog (72)
[2015.11.19-22.32.22:173][936]LogModuleManager: Shutting down and abandoning module Sequencer (71)
[2015.11.19-22.32.22:174][936]LogModuleManager: Shutting down and abandoning module AssetTools (70)
[2015.11.19-22.32.22:174][936]LogModuleManager: Shutting down and abandoning module UMGEditor (69)
[2015.11.19-22.32.22:174][936]LogModuleManager: Shutting down and abandoning module UMG (68)
[2015.11.19-22.32.22:174][936]LogModuleManager: Shutting down and abandoning module Slate (67)
[2015.11.19-22.32.22:174][936]LogModuleManager: Shutting down and abandoning module EditorStyle (66)
[2015.11.19-22.32.22:191][936]LogModuleManager: Shutting down and abandoning module SessionServices (65)
[2015.11.19-22.32.22:191][936]LogModuleManager: Shutting down and abandoning module SourceCodeAccess (64)
[2015.11.19-22.32.22:191][936]LogModuleManager: Shutting down and abandoning module HeadMountedDisplay (63)
[2015.11.19-22.32.22:191][936]LogModuleManager: Shutting down and abandoning module XAudio2 (62)
[2015.11.19-22.32.22:191][936]LogModuleManager: Shutting down and abandoning module Networking (60)
[2015.11.19-22.32.22:192][936]LogModuleManager: Shutting down and abandoning module Core (59)
[2015.11.19-22.32.22:192][936]LogModuleManager: Shutting down and abandoning module KismetCompiler (58)
[2015.11.19-22.32.22:192][936]LogModuleManager: Shutting down and abandoning module PhysXFormats (57)
[2015.11.19-22.32.22:192][936]LogModuleManager: Shutting down and abandoning module MeshUtilities (56)
[2015.11.19-22.32.22:192][936]LogModuleManager: Shutting down and abandoning module CookingStats (55)
[2015.11.19-22.32.22:195][936]LogModuleManager: Shutting down and abandoning module DerivedDataCache (54)
[2015.11.19-22.32.22:222][936]LogDerivedDataCache: Shutdown
[2015.11.19-22.32.22:222][936]LogModuleManager: Shutting down and abandoning module ShaderFormatOpenGL (53)
[2015.11.19-22.32.22:222][936]LogModuleManager: Shutting down and abandoning module ShaderFormatD3D (52)
[2015.11.19-22.32.22:222][936]LogModuleManager: Shutting down and abandoning module MetalShaderFormat (51)
[2015.11.19-22.32.22:222][936]LogModuleManager: Shutting down and abandoning module TextureFormatUncompressed (50)
[2015.11.19-22.32.22:222][936]LogModuleManager: Shutting down and abandoning module TextureFormatPVR (49)
[2015.11.19-22.32.22:222][936]LogModuleManager: Shutting down and abandoning module TextureFormatIntelISPCTexComp (48)
[2015.11.19-22.32.22:222][936]LogModuleManager: Shutting down and abandoning module TextureFormatDXT (47)
[2015.11.19-22.32.22:222][936]LogModuleManager: Shutting down and abandoning module ImageWrapper (46)
[2015.11.19-22.32.22:222][936]LogModuleManager: Shutting down and abandoning module TextureFormatASTC (45)
[2015.11.19-22.32.22:222][936]LogModuleManager: Shutting down and abandoning module TextureFormatAndroid (44)
[2015.11.19-22.32.22:222][936]LogModuleManager: Shutting down and abandoning module AudioFormatOpus (43)
[2015.11.19-22.32.22:222][936]LogModuleManager: Shutting down and abandoning module AudioFormatOgg (42)
[2015.11.19-22.32.22:223][936]LogModuleManager: Shutting down and abandoning module AudioFormatADPCM (41)
[2015.11.19-22.32.22:223][936]LogModuleManager: Shutting down and abandoning module LinuxTargetPlatform (40)
[2015.11.19-22.32.22:223][936]LogModuleManager: Shutting down and abandoning module LinuxServerTargetPlatform (39)
[2015.11.19-22.32.22:223][936]LogModuleManager: Shutting down and abandoning module LinuxNoEditorTargetPlatform (38)
[2015.11.19-22.32.22:223][936]LogModuleManager: Shutting down and abandoning module Messaging (37)
[2015.11.19-22.32.22:223][936]LogModuleManager: Shutting down and abandoning module IOSTargetPlatform (36)
[2015.11.19-22.32.22:223][936]LogModuleManager: Shutting down and abandoning module HTML5TargetPlatform (35)
[2015.11.19-22.32.22:223][936]LogModuleManager: Shutting down and abandoning module Android_PVRTCTargetPlatform (34)
[2015.11.19-22.32.22:223][936]LogModuleManager: Shutting down and abandoning module Android_ETC2TargetPlatform (33)
[2015.11.19-22.32.22:223][936]LogModuleManager: Shutting down and abandoning module Android_ETC1TargetPlatform (32)
[2015.11.19-22.32.22:223][936]LogModuleManager: Shutting down and abandoning module Android_DXTTargetPlatform (31)
[2015.11.19-22.32.22:223][936]LogModuleManager: Shutting down and abandoning module Android_ATCTargetPlatform (30)
[2015.11.19-22.32.22:223][936]LogModuleManager: Shutting down and abandoning module Android_ASTCTargetPlatform (29)
[2015.11.19-22.32.22:223][936]LogModuleManager: Shutting down and abandoning module AndroidTargetPlatform (28)
[2015.11.19-22.32.22:223][936]LogModuleManager: Shutting down and abandoning module WindowsTargetPlatform (27)
[2015.11.19-22.32.22:223][936]LogModuleManager: Shutting down and abandoning module WindowsServerTargetPlatform (26)
[2015.11.19-22.32.22:224][936]LogModuleManager: Shutting down and abandoning module WindowsNoEditorTargetPlatform (25)
[2015.11.19-22.32.22:224][936]LogModuleManager: Shutting down and abandoning module WindowsClientTargetPlatform (24)
[2015.11.19-22.32.22:224][936]LogModuleManager: Shutting down and abandoning module AllDesktopTargetPlatform (23)
[2015.11.19-22.32.22:224][936]LogModuleManager: Shutting down and abandoning module TargetPlatform (22)
[2015.11.19-22.32.22:224][936]LogModuleManager: Shutting down and abandoning module InputCore (21)
[2015.11.19-22.32.22:224][936]LogModuleManager: Shutting down and abandoning module Settings (20)
[2015.11.19-22.32.22:224][936]LogModuleManager: Shutting down and abandoning module OnlineSubsystem (18)
[2015.11.19-22.32.22:224][936]LogModuleManager: Shutting down and abandoning module HTTP (17)
[2015.11.19-22.32.24:229][936]LogModuleManager: Shutting down and abandoning module XMPP (16)
[2015.11.19-22.32.24:229][936]LogModuleManager: Shutting down and abandoning module ExampleDeviceProfileSelector (15)
[2015.11.19-22.32.24:229][936]LogModuleManager: Shutting down and abandoning module TextureCompressor (14)
[2015.11.19-22.32.24:229][936]LogModuleManager: Shutting down and abandoning module ShaderCore (13)
[2015.11.19-22.32.24:229][936]LogModuleManager: Shutting down and abandoning module Landscape (12)
[2015.11.19-22.32.24:229][936]LogModuleManager: Shutting down and abandoning module SlateRHIRenderer (11)
[2015.11.19-22.32.24:239][936]LogModuleManager: Shutting down and abandoning module OpenGLDrv (10)
[2015.11.19-22.32.24:239][936]LogModuleManager: Shutting down and abandoning module D3D11RHI (9)
[2015.11.19-22.32.24:239][936]LogModuleManager: Shutting down and abandoning module AnimGraphRuntime (8)
[2015.11.19-22.32.24:239][936]LogModuleManager: Shutting down and abandoning module Renderer (7)
[2015.11.19-22.32.24:239][936]LogModuleManager: Shutting down and abandoning module Engine (6)
[2015.11.19-22.32.24:239][936]LogModuleManager: Shutting down and abandoning module CoreUObject (5)
[2015.11.19-22.32.24:239][936]LogModuleManager: Shutting down and abandoning module NetworkFile (4)
[2015.11.19-22.32.24:239][936]LogModuleManager: Shutting down and abandoning module StreamingFile (3)
[2015.11.19-22.32.24:239][936]LogModuleManager: Shutting down and abandoning module SandboxFile (2)
[2015.11.19-22.32.24:239][936]LogModuleManager: Shutting down and abandoning module PakFile (1)
[2015.11.19-22.32.24:240][936]LogExit: Exiting.
[2015.11.19-22.32.24:244][936]Log file closed, 11/19/15 17:32:24
